<?xml version="1.0" encoding="UTF-8"?>
<testsuite xmlns:xsi="http://www.w3.org/2001/XMLSchema-instance" xsi:noNamespaceSchemaLocation="https://maven.apache.org/surefire/maven-surefire-plugin/xsd/surefire-test-report-3.0.xsd" version="3.0" name="Karate.Demo.TestRunner" time="11.256" tests="1" errors="0" skipped="0" failures="0">
  <properties>
[...]
</properties>
  <testcase name="testAll" classname="Karate.Demo.TestRunner" time="11.249">
    <system-out><![CDATA[20:34:19.128 [main] INFO com.intuit.karate.Suite - backed up existing 'target/karate-reports' dir to: target/karate-reports_1743082459125
20:34:19.661 [pool-2-thread-2] DEBUG org.apache.http.client.protocol.RequestAddCookies - CookieSpec selected: karate
20:34:19.661 [pool-2-thread-1] DEBUG org.apache.http.client.protocol.RequestAddCookies - CookieSpec selected: karate
20:34:19.663 [pool-2-thread-2] DEBUG org.apache.http.client.protocol.RequestAuthCache - Auth cache not set in the context
20:34:19.663 [pool-2-thread-1] DEBUG org.apache.http.client.protocol.RequestAuthCache - Auth cache not set in the context
20:34:19.664 [pool-2-thread-2] DEBUG com.intuit.karate - request:
1 > GET https://reqres.in/api/users/2
1 > Host: reqres.in
1 > Connection: Keep-Alive
1 > User-Agent: Apache-HttpClient/4.5.14 (Java/20)
1 > Accept-Encoding: gzip,deflate


20:34:19.664 [pool-2-thread-1] DEBUG com.intuit.karate - request:
1 > GET https://reqres.in/api/users/23
1 > Host: reqres.in
1 > Connection: Keep-Alive
1 > User-Agent: Apache-HttpClient/4.5.14 (Java/20)
1 > Accept-Encoding: gzip,deflate


20:34:19.664 [pool-2-thread-2] DEBUG org.apache.http.impl.conn.PoolingHttpClientConnectionManager - Connection request: [route: {s}->https://reqres.in:443][total available: 0; route allocated: 0 of 5; total allocated: 0 of 10]
20:34:19.664 [pool-2-thread-1] DEBUG org.apache.http.impl.conn.PoolingHttpClientConnectionManager - Connection request: [route: {s}->https://reqres.in:443][total available: 0; route allocated: 0 of 5; total allocated: 0 of 10]
20:34:19.668 [pool-2-thread-2] DEBUG org.apache.http.impl.conn.PoolingHttpClientConnectionManager - Connection leased: [id: 1][route: {s}->https://reqres.in:443][total available: 0; route allocated: 1 of 5; total allocated: 1 of 10]
20:34:19.668 [pool-2-thread-1] DEBUG org.apache.http.impl.conn.PoolingHttpClientConnectionManager - Connection leased: [id: 0][route: {s}->https://reqres.in:443][total available: 0; route allocated: 1 of 5; total allocated: 1 of 10]
20:34:19.668 [pool-2-thread-1] DEBUG org.apache.http.impl.execchain.MainClientExec - Opening connection {s}->https://reqres.in:443
20:34:19.668 [pool-2-thread-2] DEBUG org.apache.http.impl.execchain.MainClientExec - Opening connection {s}->https://reqres.in:443
20:34:19.791 [pool-2-thread-1] DEBUG org.apache.http.impl.conn.DefaultHttpClientConnectionOperator - Connecting to reqres.in/104.26.11.213:443
20:34:19.791 [pool-2-thread-2] DEBUG org.apache.http.impl.conn.DefaultHttpClientConnectionOperator - Connecting to reqres.in/104.26.11.213:443
20:34:19.791 [pool-2-thread-1] DEBUG org.apache.http.conn.ssl.SSLConnectionSocketFactory - Connecting socket to reqres.in/104.26.11.213:443 with timeout 30000
20:34:19.791 [pool-2-thread-2] DEBUG org.apache.http.conn.ssl.SSLConnectionSocketFactory - Connecting socket to reqres.in/104.26.11.213:443 with timeout 30000
20:34:19.847 [pool-2-thread-2] DEBUG org.apache.http.conn.ssl.SSLConnectionSocketFactory - Enabled protocols: [TLSv1.3, TLSv1.2]
20:34:19.847 [pool-2-thread-1] DEBUG org.apache.http.conn.ssl.SSLConnectionSocketFactory - Enabled protocols: [TLSv1.3, TLSv1.2]
20:34:19.847 [pool-2-thread-2] DEBUG org.apache.http.conn.ssl.SSLConnectionSocketFactory - Enabled cipher suites:[TLS_AES_256_GCM_SHA384, TLS_AES_128_GCM_SHA256, TLS_CHACHA20_POLY1305_SHA256, TLS_ECDHE_ECDSA_WITH_AES_256_GCM_SHA384, TLS_ECDHE_ECDSA_WITH_AES_128_GCM_SHA256, TLS_ECDHE_ECDSA_WITH_CHACHA20_POLY1305_SHA256, TLS_ECDHE_RSA_WITH_AES_256_GCM_SHA384, TLS_ECDHE_RSA_WITH_CHACHA20_POLY1305_SHA256, TLS_ECDHE_RSA_WITH_AES_128_GCM_SHA256, TLS_DHE_RSA_WITH_AES_256_GCM_SHA384, TLS_DHE_RSA_WITH_CHACHA20_POLY1305_SHA256, TLS_DHE_DSS_WITH_AES_256_GCM_SHA384, TLS_DHE_RSA_WITH_AES_128_GCM_SHA256, TLS_DHE_DSS_WITH_AES_128_GCM_SHA256, TLS_ECDHE_ECDSA_WITH_AES_256_CBC_SHA384, TLS_ECDHE_RSA_WITH_AES_256_CBC_SHA384, TLS_ECDHE_ECDSA_WITH_AES_128_CBC_SHA256, TLS_ECDHE_RSA_WITH_AES_128_CBC_SHA256, TLS_DHE_RSA_WITH_AES_256_CBC_SHA256, TLS_DHE_DSS_WITH_AES_256_CBC_SHA256, TLS_DHE_RSA_WITH_AES_128_CBC_SHA256, TLS_DHE_DSS_WITH_AES_128_CBC_SHA256, TLS_ECDHE_ECDSA_WITH_AES_256_CBC_SHA, TLS_ECDHE_RSA_WITH_AES_256_CBC_SHA, TLS_ECDHE_ECDSA_WITH_AES_128_CBC_SHA, TLS_ECDHE_RSA_WITH_AES_128_CBC_SHA, TLS_DHE_RSA_WITH_AES_256_CBC_SHA, TLS_DHE_DSS_WITH_AES_256_CBC_SHA, TLS_DHE_RSA_WITH_AES_128_CBC_SHA, TLS_DHE_DSS_WITH_AES_128_CBC_SHA, TLS_RSA_WITH_AES_256_GCM_SHA384, TLS_RSA_WITH_AES_128_GCM_SHA256, TLS_RSA_WITH_AES_256_CBC_SHA256, TLS_RSA_WITH_AES_128_CBC_SHA256, TLS_RSA_WITH_AES_256_CBC_SHA, TLS_RSA_WITH_AES_128_CBC_SHA, TLS_EMPTY_RENEGOTIATION_INFO_SCSV]
20:34:19.848 [pool-2-thread-1] DEBUG org.apache.http.conn.ssl.SSLConnectionSocketFactory - Enabled cipher suites:[TLS_AES_256_GCM_SHA384, TLS_AES_128_GCM_SHA256, TLS_CHACHA20_POLY1305_SHA256, TLS_ECDHE_ECDSA_WITH_AES_256_GCM_SHA384, TLS_ECDHE_ECDSA_WITH_AES_128_GCM_SHA256, TLS_ECDHE_ECDSA_WITH_CHACHA20_POLY1305_SHA256, TLS_ECDHE_RSA_WITH_AES_256_GCM_SHA384, TLS_ECDHE_RSA_WITH_CHACHA20_POLY1305_SHA256, TLS_ECDHE_RSA_WITH_AES_128_GCM_SHA256, TLS_DHE_RSA_WITH_AES_256_GCM_SHA384, TLS_DHE_RSA_WITH_CHACHA20_POLY1305_SHA256, TLS_DHE_DSS_WITH_AES_256_GCM_SHA384, TLS_DHE_RSA_WITH_AES_128_GCM_SHA256, TLS_DHE_DSS_WITH_AES_128_GCM_SHA256, TLS_ECDHE_ECDSA_WITH_AES_256_CBC_SHA384, TLS_ECDHE_RSA_WITH_AES_256_CBC_SHA384, TLS_ECDHE_ECDSA_WITH_AES_128_CBC_SHA256, TLS_ECDHE_RSA_WITH_AES_128_CBC_SHA256, TLS_DHE_RSA_WITH_AES_256_CBC_SHA256, TLS_DHE_DSS_WITH_AES_256_CBC_SHA256, TLS_DHE_RSA_WITH_AES_128_CBC_SHA256, TLS_DHE_DSS_WITH_AES_128_CBC_SHA256, TLS_ECDHE_ECDSA_WITH_AES_256_CBC_SHA, TLS_ECDHE_RSA_WITH_AES_256_CBC_SHA, TLS_ECDHE_ECDSA_WITH_AES_128_CBC_SHA, TLS_ECDHE_RSA_WITH_AES_128_CBC_SHA, TLS_DHE_RSA_WITH_AES_256_CBC_SHA, TLS_DHE_DSS_WITH_AES_256_CBC_SHA, TLS_DHE_RSA_WITH_AES_128_CBC_SHA, TLS_DHE_DSS_WITH_AES_128_CBC_SHA, TLS_RSA_WITH_AES_256_GCM_SHA384, TLS_RSA_WITH_AES_128_GCM_SHA256, TLS_RSA_WITH_AES_256_CBC_SHA256, TLS_RSA_WITH_AES_128_CBC_SHA256, TLS_RSA_WITH_AES_256_CBC_SHA, TLS_RSA_WITH_AES_128_CBC_SHA, TLS_EMPTY_RENEGOTIATION_INFO_SCSV]
20:34:19.848 [pool-2-thread-1] DEBUG org.apache.http.conn.ssl.SSLConnectionSocketFactory - Starting handshake
20:34:19.848 [pool-2-thread-2] DEBUG org.apache.http.conn.ssl.SSLConnectionSocketFactory - Starting handshake
20:34:19.972 [pool-2-thread-1] DEBUG org.apache.http.conn.ssl.SSLConnectionSocketFactory - Secure session established
20:34:19.972 [pool-2-thread-2] DEBUG org.apache.http.conn.ssl.SSLConnectionSocketFactory - Secure session established
20:34:19.972 [pool-2-thread-1] DEBUG org.apache.http.conn.ssl.SSLConnectionSocketFactory -  negotiated protocol: TLSv1.3
20:34:19.972 [pool-2-thread-2] DEBUG org.apache.http.conn.ssl.SSLConnectionSocketFactory -  negotiated protocol: TLSv1.3
20:34:19.972 [pool-2-thread-2] DEBUG org.apache.http.conn.ssl.SSLConnectionSocketFactory -  negotiated cipher suite: TLS_AES_256_GCM_SHA384
20:34:19.972 [pool-2-thread-1] DEBUG org.apache.http.conn.ssl.SSLConnectionSocketFactory -  negotiated cipher suite: TLS_AES_256_GCM_SHA384
20:34:19.972 [pool-2-thread-2] DEBUG org.apache.http.conn.ssl.SSLConnectionSocketFactory -  peer principal: CN=reqres.in
20:34:19.972 [pool-2-thread-1] DEBUG org.apache.http.conn.ssl.SSLConnectionSocketFactory -  peer principal: CN=reqres.in
20:34:19.972 [pool-2-thread-2] DEBUG org.apache.http.conn.ssl.SSLConnectionSocketFactory -  peer alternative names: [reqres.in, *.reqres.in]
20:34:19.972 [pool-2-thread-1] DEBUG org.apache.http.conn.ssl.SSLConnectionSocketFactory -  peer alternative names: [reqres.in, *.reqres.in]
20:34:19.973 [pool-2-thread-2] DEBUG org.apache.http.conn.ssl.SSLConnectionSocketFactory -  issuer principal: CN=WE1, O=Google Trust Services, C=US
20:34:19.973 [pool-2-thread-1] DEBUG org.apache.http.conn.ssl.SSLConnectionSocketFactory -  issuer principal: CN=WE1, O=Google Trust Services, C=US
20:34:19.974 [pool-2-thread-1] DEBUG org.apache.http.impl.conn.DefaultHttpClientConnectionOperator - Connection established 192.168.1.6:49918<->104.26.11.213:443
20:34:19.974 [pool-2-thread-2] DEBUG org.apache.http.impl.conn.DefaultHttpClientConnectionOperator - Connection established 192.168.1.6:49919<->104.26.11.213:443
20:34:19.974 [pool-2-thread-1] DEBUG org.apache.http.impl.conn.DefaultManagedHttpClientConnection - http-outgoing-1: set socket timeout to 30000
20:34:19.974 [pool-2-thread-2] DEBUG org.apache.http.impl.conn.DefaultManagedHttpClientConnection - http-outgoing-0: set socket timeout to 30000
20:34:19.974 [pool-2-thread-1] DEBUG org.apache.http.impl.execchain.MainClientExec - Executing request GET /api/users/23 HTTP/1.1
20:34:19.974 [pool-2-thread-1] DEBUG org.apache.http.impl.execchain.MainClientExec - Target auth state: UNCHALLENGED
20:34:19.974 [pool-2-thread-2] DEBUG org.apache.http.impl.execchain.MainClientExec - Executing request GET /api/users/2 HTTP/1.1
20:34:19.974 [pool-2-thread-2] DEBUG org.apache.http.impl.execchain.MainClientExec - Target auth state: UNCHALLENGED
20:34:19.974 [pool-2-thread-1] DEBUG org.apache.http.impl.execchain.MainClientExec - Proxy auth state: UNCHALLENGED
20:34:19.974 [pool-2-thread-2] DEBUG org.apache.http.impl.execchain.MainClientExec - Proxy auth state: UNCHALLENGED
20:34:19.974 [pool-2-thread-1] DEBUG org.apache.http.headers - http-outgoing-1 >> GET /api/users/23 HTTP/1.1
20:34:19.974 [pool-2-thread-2] DEBUG org.apache.http.headers - http-outgoing-0 >> GET /api/users/2 HTTP/1.1
20:34:19.974 [pool-2-thread-1] DEBUG org.apache.http.headers - http-outgoing-1 >> Host: reqres.in
20:34:19.974 [pool-2-thread-2] DEBUG org.apache.http.headers - http-outgoing-0 >> Host: reqres.in
20:34:19.975 [pool-2-thread-1] DEBUG org.apache.http.headers - http-outgoing-1 >> Connection: Keep-Alive
20:34:19.975 [pool-2-thread-2] DEBUG org.apache.http.headers - http-outgoing-0 >> Connection: Keep-Alive
20:34:19.975 [pool-2-thread-1] DEBUG org.apache.http.headers - http-outgoing-1 >> User-Agent: Apache-HttpClient/4.5.14 (Java/20)
20:34:19.975 [pool-2-thread-1] DEBUG org.apache.http.headers - http-outgoing-1 >> Accept-Encoding: gzip,deflate
20:34:19.975 [pool-2-thread-2] DEBUG org.apache.http.headers - http-outgoing-0 >> User-Agent: Apache-HttpClient/4.5.14 (Java/20)
20:34:19.975 [pool-2-thread-1] DEBUG org.apache.http.wire - http-outgoing-1 >> "GET /api/users/23 HTTP/1.1[\r][\n]"
20:34:19.975 [pool-2-thread-2] DEBUG org.apache.http.headers - http-outgoing-0 >> Accept-Encoding: gzip,deflate
20:34:19.975 [pool-2-thread-1] DEBUG org.apache.http.wire - http-outgoing-1 >> "Host: reqres.in[\r][\n]"
20:34:19.975 [pool-2-thread-2] DEBUG org.apache.http.wire - http-outgoing-0 >> "GET /api/users/2 HTTP/1.1[\r][\n]"
20:34:19.975 [pool-2-thread-1] DEBUG org.apache.http.wire - http-outgoing-1 >> "Connection: Keep-Alive[\r][\n]"
20:34:19.975 [pool-2-thread-2] DEBUG org.apache.http.wire - http-outgoing-0 >> "Host: reqres.in[\r][\n]"
20:34:19.975 [pool-2-thread-1] DEBUG org.apache.http.wire - http-outgoing-1 >> "User-Agent: Apache-HttpClient/4.5.14 (Java/20)[\r][\n]"
20:34:19.975 [pool-2-thread-2] DEBUG org.apache.http.wire - http-outgoing-0 >> "Connection: Keep-Alive[\r][\n]"
20:34:19.975 [pool-2-thread-2] DEBUG org.apache.http.wire - http-outgoing-0 >> "User-Agent: Apache-HttpClient/4.5.14 (Java/20)[\r][\n]"
20:34:19.975 [pool-2-thread-1] DEBUG org.apache.http.wire - http-outgoing-1 >> "Accept-Encoding: gzip,deflate[\r][\n]"
20:34:19.975 [pool-2-thread-2] DEBUG org.apache.http.wire - http-outgoing-0 >> "Accept-Encoding: gzip,deflate[\r][\n]"
20:34:19.975 [pool-2-thread-1] DEBUG org.apache.http.wire - http-outgoing-1 >> "[\r][\n]"
20:34:19.975 [pool-2-thread-2] DEBUG org.apache.http.wire - http-outgoing-0 >> "[\r][\n]"
20:34:20.022 [pool-2-thread-2] DEBUG org.apache.http.wire - http-outgoing-0 << "HTTP/1.1 200 OK[\r][\n]"
20:34:20.022 [pool-2-thread-2] DEBUG org.apache.http.wire - http-outgoing-0 << "Date: Thu, 27 Mar 2025 13:34:20 GMT[\r][\n]"
20:34:20.022 [pool-2-thread-2] DEBUG org.apache.http.wire - http-outgoing-0 << "Content-Type: application/json; charset=utf-8[\r][\n]"
20:34:20.022 [pool-2-thread-2] DEBUG org.apache.http.wire - http-outgoing-0 << "Transfer-Encoding: chunked[\r][\n]"
20:34:20.022 [pool-2-thread-2] DEBUG org.apache.http.wire - http-outgoing-0 << "Connection: keep-alive[\r][\n]"
20:34:20.022 [pool-2-thread-2] DEBUG org.apache.http.wire - http-outgoing-0 << "Report-To: {"group":"heroku-nel","max_age":3600,"endpoints":[{"url":"https://nel.heroku.com/reports?ts=1742883075&sid=c4c9725f-1ab0-44d8-820f-430df2718e11&s=W%2FXrZzBLb0qiXHM46POMGyUTN5nCGFAKAAh%2FDTdd%2F0k%3D"}]}[\r][\n]"
20:34:20.022 [pool-2-thread-2] DEBUG org.apache.http.wire - http-outgoing-0 << "Reporting-Endpoints: heroku-nel=https://nel.heroku.com/reports?ts=1742883075&sid=c4c9725f-1ab0-44d8-820f-430df2718e11&s=W%2FXrZzBLb0qiXHM46POMGyUTN5nCGFAKAAh%2FDTdd%2F0k%3D[\r][\n]"
20:34:20.022 [pool-2-thread-2] DEBUG org.apache.http.wire - http-outgoing-0 << "Nel: {"report_to":"heroku-nel","max_age":3600,"success_fraction":0.005,"failure_fraction":0.05,"response_headers":["Via"]}[\r][\n]"
20:34:20.022 [pool-2-thread-2] DEBUG org.apache.http.wire - http-outgoing-0 << "X-Powered-By: Express[\r][\n]"
20:34:20.022 [pool-2-thread-2] DEBUG org.apache.http.wire - http-outgoing-0 << "Access-Control-Allow-Origin: *[\r][\n]"
20:34:20.022 [pool-2-thread-2] DEBUG org.apache.http.wire - http-outgoing-0 << "Etag: W/"152-ApQgGHL6RKwaebFlrPCYPBO1xHg"[\r][\n]"
20:34:20.022 [pool-2-thread-2] DEBUG org.apache.http.wire - http-outgoing-0 << "Via: 1.1 vegur[\r][\n]"
20:34:20.022 [pool-2-thread-2] DEBUG org.apache.http.wire - http-outgoing-0 << "Cache-Control: max-age=14400[\r][\n]"
20:34:20.023 [pool-2-thread-2] DEBUG org.apache.http.wire - http-outgoing-0 << "CF-Cache-Status: HIT[\r][\n]"
20:34:20.023 [pool-2-thread-2] DEBUG org.apache.http.wire - http-outgoing-0 << "Age: 4400[\r][\n]"
20:34:20.023 [pool-2-thread-2] DEBUG org.apache.http.wire - http-outgoing-0 << "Vary: Accept-Encoding[\r][\n]"
20:34:20.023 [pool-2-thread-2] DEBUG org.apache.http.wire - http-outgoing-0 << "Server: cloudflare[\r][\n]"
20:34:20.023 [pool-2-thread-2] DEBUG org.apache.http.wire - http-outgoing-0 << "CF-RAY: 926f43bfdee1fd0e-SIN[\r][\n]"
20:34:20.023 [pool-2-thread-2] DEBUG org.apache.http.wire - http-outgoing-0 << "Content-Encoding: gzip[\r][\n]"
20:34:20.023 [pool-2-thread-2] DEBUG org.apache.http.wire - http-outgoing-0 << "server-timing: cfL4;desc="?proto=TCP&rtt=33042&min_rtt=32949&rtt_var=12543&sent=5&recv=7&lost=0&retrans=0&sent_bytes=3109&recv_bytes=741&delivery_rate=128197&cwnd=252&unsent_bytes=0&cid=59ae8975f7d2d41f&ts=96&x=0"[\r][\n]"
20:34:20.023 [pool-2-thread-2] DEBUG org.apache.http.wire - http-outgoing-0 << "[\r][\n]"
20:34:20.023 [pool-2-thread-2] DEBUG org.apache.http.wire - http-outgoing-0 << "f8[\r][\n]"
20:34:20.023 [pool-2-thread-2] DEBUG org.apache.http.wire - http-outgoing-0 << "[0x1f][0x8b][0x8][0x0][0x0][0x0][0x0][0x0][0x0][0x3]M[0x8e][0xc1]j[0xc3]0[0x10]De[0xd9]CO[0xaa][\r]9[\n]"
20:34:20.023 [pool-2-thread-2] DEBUG org.apache.http.wire - http-outgoing-0 << "L[\n]"
20:34:20.023 [pool-2-thread-2] DEBUG org.apache.http.wire - http-outgoing-0 << "[0xb9][0x95][0x1e][0xb]=[0x86]EZ[0xbb]k,[0xc9]Y[0xad][0x93][0x86][0xe0]/NJ[0xdb][0xe3][0xc]3o[0xe6][0x86][0x91][0x8c][0xd0][0xdf]P"[0xfa][0x9d]CN$[0x13]z[0x1c])[0xb3]5[0x17][0xa6]3[0xeb][0x8b][0xf2]I[0xb9]6[0x92][0xd1]a/Z[0xed][0x98])1z|[0xdd]R[0xe8]p[0xa2]?[0xef][0xe3][0xde]A[0x87]t&#E[0x8f][0x9f]fs[0xf5]m[0xfb][0x8b]i%[\r]mO[0x81]k[0xbb]{[0x96]D[0x3]7[0xe3]<[0xe0][0xea][0xb0].[0xf3]\[0xd4][0xb6]C[0x8b]N[0xff][0xba][0xa1]d[0xe3]l[0x81]b[0xbc]6R[0xf6][0x8b][0xa5]c-[0x8b][0x6][0xee][0x1e][0xd8][0xa7][0xcd]I[0x1c]eI[0xdd]XK[0xbe][0xeb]@i&[0x19]r[0xa7][0xdc][0xb3]*M[0xe8][0xd0][0xf8][0xcb][0xd0][0xe3][0xbb](G(=\TL[0xf2][0x0][0x9c][0xe3][0xc4][0xb5]B-A"
20:34:20.024 [pool-2-thread-2] DEBUG org.apache.http.headers - http-outgoing-0 << HTTP/1.1 200 OK
20:34:20.024 [pool-2-thread-2] DEBUG org.apache.http.headers - http-outgoing-0 << Date: Thu, 27 Mar 2025 13:34:20 GMT
20:34:20.024 [pool-2-thread-2] DEBUG org.apache.http.headers - http-outgoing-0 << Content-Type: application/json; charset=utf-8
20:34:20.024 [pool-2-thread-2] DEBUG org.apache.http.headers - http-outgoing-0 << Transfer-Encoding: chunked
20:34:20.024 [pool-2-thread-2] DEBUG org.apache.http.headers - http-outgoing-0 << Connection: keep-alive
20:34:20.024 [pool-2-thread-2] DEBUG org.apache.http.headers - http-outgoing-0 << Report-To: {"group":"heroku-nel","max_age":3600,"endpoints":[{"url":"https://nel.heroku.com/reports?ts=1742883075&sid=c4c9725f-1ab0-44d8-820f-430df2718e11&s=W%2FXrZzBLb0qiXHM46POMGyUTN5nCGFAKAAh%2FDTdd%2F0k%3D"}]}
20:34:20.024 [pool-2-thread-2] DEBUG org.apache.http.headers - http-outgoing-0 << Reporting-Endpoints: heroku-nel=https://nel.heroku.com/reports?ts=1742883075&sid=c4c9725f-1ab0-44d8-820f-430df2718e11&s=W%2FXrZzBLb0qiXHM46POMGyUTN5nCGFAKAAh%2FDTdd%2F0k%3D
20:34:20.024 [pool-2-thread-2] DEBUG org.apache.http.headers - http-outgoing-0 << Nel: {"report_to":"heroku-nel","max_age":3600,"success_fraction":0.005,"failure_fraction":0.05,"response_headers":["Via"]}
20:34:20.024 [pool-2-thread-2] DEBUG org.apache.http.headers - http-outgoing-0 << X-Powered-By: Express
20:34:20.024 [pool-2-thread-2] DEBUG org.apache.http.headers - http-outgoing-0 << Access-Control-Allow-Origin: *
20:34:20.024 [pool-2-thread-2] DEBUG org.apache.http.headers - http-outgoing-0 << Etag: W/"152-ApQgGHL6RKwaebFlrPCYPBO1xHg"
20:34:20.024 [pool-2-thread-2] DEBUG org.apache.http.headers - http-outgoing-0 << Via: 1.1 vegur
20:34:20.024 [pool-2-thread-2] DEBUG org.apache.http.headers - http-outgoing-0 << Cache-Control: max-age=14400
20:34:20.024 [pool-2-thread-2] DEBUG org.apache.http.headers - http-outgoing-0 << CF-Cache-Status: HIT
20:34:20.024 [pool-2-thread-2] DEBUG org.apache.http.headers - http-outgoing-0 << Age: 4400
20:34:20.024 [pool-2-thread-2] DEBUG org.apache.http.headers - http-outgoing-0 << Vary: Accept-Encoding
20:34:20.024 [pool-2-thread-2] DEBUG org.apache.http.headers - http-outgoing-0 << Server: cloudflare
20:34:20.024 [pool-2-thread-2] DEBUG org.apache.http.headers - http-outgoing-0 << CF-RAY: 926f43bfdee1fd0e-SIN
20:34:20.024 [pool-2-thread-2] DEBUG org.apache.http.headers - http-outgoing-0 << Content-Encoding: gzip
20:34:20.024 [pool-2-thread-2] DEBUG org.apache.http.headers - http-outgoing-0 << server-timing: cfL4;desc="?proto=TCP&rtt=33042&min_rtt=32949&rtt_var=12543&sent=5&recv=7&lost=0&retrans=0&sent_bytes=3109&recv_bytes=741&delivery_rate=128197&cwnd=252&unsent_bytes=0&cid=59ae8975f7d2d41f&ts=96&x=0"
20:34:20.025 [pool-2-thread-2] DEBUG org.apache.http.impl.execchain.MainClientExec - Connection can be kept alive indefinitely
20:34:20.027 [pool-2-thread-2] DEBUG org.apache.http.wire - http-outgoing-0 << "h[0x82][\r]E[0xf0]3[0xbb][0x87]768<[0x4][0x1c][0xb6][0x13]0pf%c[0x10][0x83][0xbe](\[0xcb][0xd2][0xe0][0xba]~[0x3]u[0x8b]!1R[0x1][0x0][0x0][\r][\n]"
20:34:20.027 [pool-2-thread-2] DEBUG org.apache.http.impl.conn.DefaultManagedHttpClientConnection - http-outgoing-0: Close connection
20:34:20.029 [pool-2-thread-2] DEBUG org.apache.http.impl.execchain.MainClientExec - Connection discarded
20:34:20.029 [pool-2-thread-2] DEBUG org.apache.http.impl.conn.PoolingHttpClientConnectionManager - Connection released: [id: 1][route: {s}->https://reqres.in:443][total available: 0; route allocated: 0 of 5; total allocated: 0 of 10]
20:34:20.029 [pool-2-thread-2] DEBUG org.apache.http.impl.conn.PoolingHttpClientConnectionManager - Connection manager is shutting down
20:34:20.029 [pool-2-thread-2] DEBUG org.apache.http.impl.conn.PoolingHttpClientConnectionManager - Connection manager shut down
20:34:20.030 [pool-2-thread-2] DEBUG com.intuit.karate - response time in milliseconds: 363
1 < 200
1 < Date: Thu, 27 Mar 2025 13:34:20 GMT
1 < Content-Type: application/json; charset=utf-8
1 < Transfer-Encoding: chunked
1 < Connection: keep-alive
1 < Report-To: {"group":"heroku-nel","max_age":3600,"endpoints":[{"url":"https://nel.heroku.com/reports?ts=1742883075&sid=c4c9725f-1ab0-44d8-820f-430df2718e11&s=W%2FXrZzBLb0qiXHM46POMGyUTN5nCGFAKAAh%2FDTdd%2F0k%3D"}]}
1 < Reporting-Endpoints: heroku-nel=https://nel.heroku.com/reports?ts=1742883075&sid=c4c9725f-1ab0-44d8-820f-430df2718e11&s=W%2FXrZzBLb0qiXHM46POMGyUTN5nCGFAKAAh%2FDTdd%2F0k%3D
1 < Nel: {"report_to":"heroku-nel","max_age":3600,"success_fraction":0.005,"failure_fraction":0.05,"response_headers":["Via"]}
1 < X-Powered-By: Express
1 < Access-Control-Allow-Origin: *
1 < Etag: W/"152-ApQgGHL6RKwaebFlrPCYPBO1xHg"
1 < Via: 1.1 vegur
1 < Cache-Control: max-age=14400
1 < CF-Cache-Status: HIT
1 < Age: 4400
1 < Vary: Accept-Encoding
1 < Server: cloudflare
1 < CF-RAY: 926f43bfdee1fd0e-SIN
1 < server-timing: cfL4;desc="?proto=TCP&rtt=33042&min_rtt=32949&rtt_var=12543&sent=5&recv=7&lost=0&retrans=0&sent_bytes=3109&recv_bytes=741&delivery_rate=128197&cwnd=252&unsent_bytes=0&cid=59ae8975f7d2d41f&ts=96&x=0"
{"data":{"id":2,"email":"janet.weaver@reqres.in","first_name":"Janet","last_name":"Weaver","avatar":"https://reqres.in/img/faces/2-image.jpg"},"support":{"url":"https://contentcaddy.io?utm_source=reqres&utm_medium=json&utm_campaign=referral","text":"Tired of writing endless social media content? Let Content Caddy generate it for you."}}

20:34:20.059 [pool-2-thread-2] DEBUG org.apache.http.client.protocol.RequestAddCookies - CookieSpec selected: karate
20:34:20.059 [pool-2-thread-2] DEBUG org.apache.http.client.protocol.RequestAuthCache - Auth cache not set in the context
20:34:20.059 [pool-2-thread-2] DEBUG com.intuit.karate - request:
1 > DELETE https://reqres.in/api/users/2
1 > Host: reqres.in
1 > Connection: Keep-Alive
1 > User-Agent: Apache-HttpClient/4.5.14 (Java/20)
1 > Accept-Encoding: gzip,deflate


20:34:20.059 [pool-2-thread-2] DEBUG org.apache.http.impl.conn.PoolingHttpClientConnectionManager - Connection request: [route: {s}->https://reqres.in:443][total available: 0; route allocated: 0 of 5; total allocated: 0 of 10]
20:34:20.059 [pool-2-thread-2] DEBUG org.apache.http.impl.conn.PoolingHttpClientConnectionManager - Connection leased: [id: 2][route: {s}->https://reqres.in:443][total available: 0; route allocated: 1 of 5; total allocated: 1 of 10]
20:34:20.059 [pool-2-thread-2] DEBUG org.apache.http.impl.execchain.MainClientExec - Opening connection {s}->https://reqres.in:443
20:34:20.059 [pool-2-thread-2] DEBUG org.apache.http.impl.conn.DefaultHttpClientConnectionOperator - Connecting to reqres.in/104.26.11.213:443
20:34:20.059 [pool-2-thread-2] DEBUG org.apache.http.conn.ssl.SSLConnectionSocketFactory - Connecting socket to reqres.in/104.26.11.213:443 with timeout 30000
20:34:20.099 [pool-2-thread-2] DEBUG org.apache.http.conn.ssl.SSLConnectionSocketFactory - Enabled protocols: [TLSv1.3, TLSv1.2]
20:34:20.099 [pool-2-thread-2] DEBUG org.apache.http.conn.ssl.SSLConnectionSocketFactory - Enabled cipher suites:[TLS_AES_256_GCM_SHA384, TLS_AES_128_GCM_SHA256, TLS_CHACHA20_POLY1305_SHA256, TLS_ECDHE_ECDSA_WITH_AES_256_GCM_SHA384, TLS_ECDHE_ECDSA_WITH_AES_128_GCM_SHA256, TLS_ECDHE_ECDSA_WITH_CHACHA20_POLY1305_SHA256, TLS_ECDHE_RSA_WITH_AES_256_GCM_SHA384, TLS_ECDHE_RSA_WITH_CHACHA20_POLY1305_SHA256, TLS_ECDHE_RSA_WITH_AES_128_GCM_SHA256, TLS_DHE_RSA_WITH_AES_256_GCM_SHA384, TLS_DHE_RSA_WITH_CHACHA20_POLY1305_SHA256, TLS_DHE_DSS_WITH_AES_256_GCM_SHA384, TLS_DHE_RSA_WITH_AES_128_GCM_SHA256, TLS_DHE_DSS_WITH_AES_128_GCM_SHA256, TLS_ECDHE_ECDSA_WITH_AES_256_CBC_SHA384, TLS_ECDHE_RSA_WITH_AES_256_CBC_SHA384, TLS_ECDHE_ECDSA_WITH_AES_128_CBC_SHA256, TLS_ECDHE_RSA_WITH_AES_128_CBC_SHA256, TLS_DHE_RSA_WITH_AES_256_CBC_SHA256, TLS_DHE_DSS_WITH_AES_256_CBC_SHA256, TLS_DHE_RSA_WITH_AES_128_CBC_SHA256, TLS_DHE_DSS_WITH_AES_128_CBC_SHA256, TLS_ECDHE_ECDSA_WITH_AES_256_CBC_SHA, TLS_ECDHE_RSA_WITH_AES_256_CBC_SHA, TLS_ECDHE_ECDSA_WITH_AES_128_CBC_SHA, TLS_ECDHE_RSA_WITH_AES_128_CBC_SHA, TLS_DHE_RSA_WITH_AES_256_CBC_SHA, TLS_DHE_DSS_WITH_AES_256_CBC_SHA, TLS_DHE_RSA_WITH_AES_128_CBC_SHA, TLS_DHE_DSS_WITH_AES_128_CBC_SHA, TLS_RSA_WITH_AES_256_GCM_SHA384, TLS_RSA_WITH_AES_128_GCM_SHA256, TLS_RSA_WITH_AES_256_CBC_SHA256, TLS_RSA_WITH_AES_128_CBC_SHA256, TLS_RSA_WITH_AES_256_CBC_SHA, TLS_RSA_WITH_AES_128_CBC_SHA, TLS_EMPTY_RENEGOTIATION_INFO_SCSV]
20:34:20.099 [pool-2-thread-2] DEBUG org.apache.http.conn.ssl.SSLConnectionSocketFactory - Starting handshake
20:34:20.145 [pool-2-thread-2] DEBUG org.apache.http.conn.ssl.SSLConnectionSocketFactory - Secure session established
20:34:20.145 [pool-2-thread-2] DEBUG org.apache.http.conn.ssl.SSLConnectionSocketFactory -  negotiated protocol: TLSv1.3
20:34:20.145 [pool-2-thread-2] DEBUG org.apache.http.conn.ssl.SSLConnectionSocketFactory -  negotiated cipher suite: TLS_AES_256_GCM_SHA384
20:34:20.145 [pool-2-thread-2] DEBUG org.apache.http.conn.ssl.SSLConnectionSocketFactory -  peer principal: CN=reqres.in
20:34:20.145 [pool-2-thread-2] DEBUG org.apache.http.conn.ssl.SSLConnectionSocketFactory -  peer alternative names: [reqres.in, *.reqres.in]
20:34:20.145 [pool-2-thread-2] DEBUG org.apache.http.conn.ssl.SSLConnectionSocketFactory -  issuer principal: CN=WE1, O=Google Trust Services, C=US
20:34:20.145 [pool-2-thread-2] DEBUG org.apache.http.impl.conn.DefaultHttpClientConnectionOperator - Connection established 192.168.1.6:49920<->104.26.11.213:443
20:34:20.145 [pool-2-thread-2] DEBUG org.apache.http.impl.conn.DefaultManagedHttpClientConnection - http-outgoing-2: set socket timeout to 30000
20:34:20.145 [pool-2-thread-2] DEBUG org.apache.http.impl.execchain.MainClientExec - Executing request DELETE /api/users/2 HTTP/1.1
20:34:20.145 [pool-2-thread-2] DEBUG org.apache.http.impl.execchain.MainClientExec - Target auth state: UNCHALLENGED
20:34:20.145 [pool-2-thread-2] DEBUG org.apache.http.impl.execchain.MainClientExec - Proxy auth state: UNCHALLENGED
20:34:20.145 [pool-2-thread-2] DEBUG org.apache.http.headers - http-outgoing-2 >> DELETE /api/users/2 HTTP/1.1
20:34:20.145 [pool-2-thread-2] DEBUG org.apache.http.headers - http-outgoing-2 >> Host: reqres.in
20:34:20.145 [pool-2-thread-2] DEBUG org.apache.http.headers - http-outgoing-2 >> Connection: Keep-Alive
20:34:20.145 [pool-2-thread-2] DEBUG org.apache.http.headers - http-outgoing-2 >> User-Agent: Apache-HttpClient/4.5.14 (Java/20)
20:34:20.145 [pool-2-thread-2] DEBUG org.apache.http.headers - http-outgoing-2 >> Accept-Encoding: gzip,deflate
20:34:20.145 [pool-2-thread-2] DEBUG org.apache.http.wire - http-outgoing-2 >> "DELETE /api/users/2 HTTP/1.1[\r][\n]"
20:34:20.145 [pool-2-thread-2] DEBUG org.apache.http.wire - http-outgoing-2 >> "Host: reqres.in[\r][\n]"
20:34:20.145 [pool-2-thread-2] DEBUG org.apache.http.wire - http-outgoing-2 >> "Connection: Keep-Alive[\r][\n]"
20:34:20.145 [pool-2-thread-2] DEBUG org.apache.http.wire - http-outgoing-2 >> "User-Agent: Apache-HttpClient/4.5.14 (Java/20)[\r][\n]"
20:34:20.145 [pool-2-thread-2] DEBUG org.apache.http.wire - http-outgoing-2 >> "Accept-Encoding: gzip,deflate[\r][\n]"
20:34:20.145 [pool-2-thread-2] DEBUG org.apache.http.wire - http-outgoing-2 >> "[\r][\n]"
20:34:20.393 [pool-2-thread-1] DEBUG org.apache.http.wire - http-outgoing-1 << "HTTP/1.1 404 Not Found[\r][\n]"
20:34:20.393 [pool-2-thread-1] DEBUG org.apache.http.wire - http-outgoing-1 << "Date: Thu, 27 Mar 2025 13:34:20 GMT[\r][\n]"
20:34:20.393 [pool-2-thread-1] DEBUG org.apache.http.wire - http-outgoing-1 << "Content-Type: application/json; charset=utf-8[\r][\n]"
20:34:20.394 [pool-2-thread-1] DEBUG org.apache.http.wire - http-outgoing-1 << "Content-Length: 2[\r][\n]"
20:34:20.394 [pool-2-thread-1] DEBUG org.apache.http.wire - http-outgoing-1 << "Connection: keep-alive[\r][\n]"
20:34:20.394 [pool-2-thread-1] DEBUG org.apache.http.wire - http-outgoing-1 << "Report-To: {"group":"heroku-nel","max_age":3600,"endpoints":[{"url":"https://nel.heroku.com/reports?ts=1743082460&sid=c4c9725f-1ab0-44d8-820f-430df2718e11&s=edp6dfLuyk%2BdqfHZgy1RPf8OaH54aeGJR9ngHDjWA%2BY%3D"}]}[\r][\n]"
20:34:20.394 [pool-2-thread-1] DEBUG org.apache.http.wire - http-outgoing-1 << "Reporting-Endpoints: heroku-nel=https://nel.heroku.com/reports?ts=1743082460&sid=c4c9725f-1ab0-44d8-820f-430df2718e11&s=edp6dfLuyk%2BdqfHZgy1RPf8OaH54aeGJR9ngHDjWA%2BY%3D[\r][\n]"
20:34:20.394 [pool-2-thread-1] DEBUG org.apache.http.wire - http-outgoing-1 << "Nel: {"report_to":"heroku-nel","max_age":3600,"success_fraction":0.005,"failure_fraction":0.05,"response_headers":["Via"]}[\r][\n]"
20:34:20.394 [pool-2-thread-1] DEBUG org.apache.http.wire - http-outgoing-1 << "X-Powered-By: Express[\r][\n]"
20:34:20.394 [pool-2-thread-1] DEBUG org.apache.http.wire - http-outgoing-1 << "Access-Control-Allow-Origin: *[\r][\n]"
20:34:20.394 [pool-2-thread-1] DEBUG org.apache.http.wire - http-outgoing-1 << "Etag: W/"2-vyGp6PvFo4RvsFtPoIWeCReyIC8"[\r][\n]"
20:34:20.394 [pool-2-thread-1] DEBUG org.apache.http.wire - http-outgoing-1 << "Via: 1.1 vegur[\r][\n]"
20:34:20.394 [pool-2-thread-1] DEBUG org.apache.http.wire - http-outgoing-1 << "Cache-Control: max-age=14400[\r][\n]"
20:34:20.394 [pool-2-thread-1] DEBUG org.apache.http.wire - http-outgoing-1 << "CF-Cache-Status: EXPIRED[\r][\n]"
20:34:20.394 [pool-2-thread-1] DEBUG org.apache.http.wire - http-outgoing-1 << "Vary: Accept-Encoding[\r][\n]"
20:34:20.394 [pool-2-thread-1] DEBUG org.apache.http.wire - http-outgoing-1 << "Server: cloudflare[\r][\n]"
20:34:20.394 [pool-2-thread-1] DEBUG org.apache.http.wire - http-outgoing-1 << "CF-RAY: 926f43bfc981a138-SIN[\r][\n]"
20:34:20.394 [pool-2-thread-1] DEBUG org.apache.http.wire - http-outgoing-1 << "server-timing: cfL4;desc="?proto=TCP&rtt=29437&min_rtt=28962&rtt_var=11811&sent=6&recv=7&lost=0&retrans=0&sent_bytes=3109&recv_bytes=742&delivery_rate=131843&cwnd=252&unsent_bytes=0&cid=062b2f2f81734ae0&ts=472&x=0"[\r][\n]"
20:34:20.394 [pool-2-thread-1] DEBUG org.apache.http.wire - http-outgoing-1 << "[\r][\n]"
20:34:20.394 [pool-2-thread-1] DEBUG org.apache.http.wire - http-outgoing-1 << "{}"
20:34:20.394 [pool-2-thread-1] DEBUG org.apache.http.headers - http-outgoing-1 << HTTP/1.1 404 Not Found
20:34:20.394 [pool-2-thread-1] DEBUG org.apache.http.headers - http-outgoing-1 << Date: Thu, 27 Mar 2025 13:34:20 GMT
20:34:20.394 [pool-2-thread-1] DEBUG org.apache.http.headers - http-outgoing-1 << Content-Type: application/json; charset=utf-8
20:34:20.394 [pool-2-thread-1] DEBUG org.apache.http.headers - http-outgoing-1 << Content-Length: 2
20:34:20.394 [pool-2-thread-1] DEBUG org.apache.http.headers - http-outgoing-1 << Connection: keep-alive
20:34:20.394 [pool-2-thread-1] DEBUG org.apache.http.headers - http-outgoing-1 << Report-To: {"group":"heroku-nel","max_age":3600,"endpoints":[{"url":"https://nel.heroku.com/reports?ts=1743082460&sid=c4c9725f-1ab0-44d8-820f-430df2718e11&s=edp6dfLuyk%2BdqfHZgy1RPf8OaH54aeGJR9ngHDjWA%2BY%3D"}]}
20:34:20.394 [pool-2-thread-1] DEBUG org.apache.http.headers - http-outgoing-1 << Reporting-Endpoints: heroku-nel=https://nel.heroku.com/reports?ts=1743082460&sid=c4c9725f-1ab0-44d8-820f-430df2718e11&s=edp6dfLuyk%2BdqfHZgy1RPf8OaH54aeGJR9ngHDjWA%2BY%3D
20:34:20.394 [pool-2-thread-1] DEBUG org.apache.http.headers - http-outgoing-1 << Nel: {"report_to":"heroku-nel","max_age":3600,"success_fraction":0.005,"failure_fraction":0.05,"response_headers":["Via"]}
20:34:20.394 [pool-2-thread-1] DEBUG org.apache.http.headers - http-outgoing-1 << X-Powered-By: Express
20:34:20.394 [pool-2-thread-1] DEBUG org.apache.http.headers - http-outgoing-1 << Access-Control-Allow-Origin: *
20:34:20.394 [pool-2-thread-1] DEBUG org.apache.http.headers - http-outgoing-1 << Etag: W/"2-vyGp6PvFo4RvsFtPoIWeCReyIC8"
20:34:20.394 [pool-2-thread-1] DEBUG org.apache.http.headers - http-outgoing-1 << Via: 1.1 vegur
20:34:20.394 [pool-2-thread-1] DEBUG org.apache.http.headers - http-outgoing-1 << Cache-Control: max-age=14400
20:34:20.394 [pool-2-thread-1] DEBUG org.apache.http.headers - http-outgoing-1 << CF-Cache-Status: EXPIRED
20:34:20.394 [pool-2-thread-1] DEBUG org.apache.http.headers - http-outgoing-1 << Vary: Accept-Encoding
20:34:20.394 [pool-2-thread-1] DEBUG org.apache.http.headers - http-outgoing-1 << Server: cloudflare
20:34:20.394 [pool-2-thread-1] DEBUG org.apache.http.headers - http-outgoing-1 << CF-RAY: 926f43bfc981a138-SIN
20:34:20.394 [pool-2-thread-1] DEBUG org.apache.http.headers - http-outgoing-1 << server-timing: cfL4;desc="?proto=TCP&rtt=29437&min_rtt=28962&rtt_var=11811&sent=6&recv=7&lost=0&retrans=0&sent_bytes=3109&recv_bytes=742&delivery_rate=131843&cwnd=252&unsent_bytes=0&cid=062b2f2f81734ae0&ts=472&x=0"
20:34:20.395 [pool-2-thread-1] DEBUG org.apache.http.impl.execchain.MainClientExec - Connection can be kept alive indefinitely
20:34:20.395 [pool-2-thread-1] DEBUG org.apache.http.impl.conn.PoolingHttpClientConnectionManager - Connection [id: 0][route: {s}->https://reqres.in:443] can be kept alive indefinitely
20:34:20.395 [pool-2-thread-1] DEBUG org.apache.http.impl.conn.DefaultManagedHttpClientConnection - http-outgoing-1: set socket timeout to 0
20:34:20.395 [pool-2-thread-1] DEBUG org.apache.http.impl.conn.PoolingHttpClientConnectionManager - Connection released: [id: 0][route: {s}->https://reqres.in:443][total available: 1; route allocated: 1 of 5; total allocated: 1 of 10]
20:34:20.395 [pool-2-thread-1] DEBUG org.apache.http.impl.conn.PoolingHttpClientConnectionManager - Connection manager is shutting down
20:34:20.395 [pool-2-thread-1] DEBUG org.apache.http.impl.conn.DefaultManagedHttpClientConnection - http-outgoing-1: Close connection
20:34:20.396 [pool-2-thread-1] DEBUG org.apache.http.impl.conn.PoolingHttpClientConnectionManager - Connection manager shut down
20:34:20.396 [pool-2-thread-1] DEBUG com.intuit.karate - response time in milliseconds: 731
1 < 404
1 < Date: Thu, 27 Mar 2025 13:34:20 GMT
1 < Content-Type: application/json; charset=utf-8
1 < Content-Length: 2
1 < Connection: keep-alive
1 < Report-To: {"group":"heroku-nel","max_age":3600,"endpoints":[{"url":"https://nel.heroku.com/reports?ts=1743082460&sid=c4c9725f-1ab0-44d8-820f-430df2718e11&s=edp6dfLuyk%2BdqfHZgy1RPf8OaH54aeGJR9ngHDjWA%2BY%3D"}]}
1 < Reporting-Endpoints: heroku-nel=https://nel.heroku.com/reports?ts=1743082460&sid=c4c9725f-1ab0-44d8-820f-430df2718e11&s=edp6dfLuyk%2BdqfHZgy1RPf8OaH54aeGJR9ngHDjWA%2BY%3D
1 < Nel: {"report_to":"heroku-nel","max_age":3600,"success_fraction":0.005,"failure_fraction":0.05,"response_headers":["Via"]}
1 < X-Powered-By: Express
1 < Access-Control-Allow-Origin: *
1 < Etag: W/"2-vyGp6PvFo4RvsFtPoIWeCReyIC8"
1 < Via: 1.1 vegur
1 < Cache-Control: max-age=14400
1 < CF-Cache-Status: EXPIRED
1 < Vary: Accept-Encoding
1 < Server: cloudflare
1 < CF-RAY: 926f43bfc981a138-SIN
1 < server-timing: cfL4;desc="?proto=TCP&rtt=29437&min_rtt=28962&rtt_var=11811&sent=6&recv=7&lost=0&retrans=0&sent_bytes=3109&recv_bytes=742&delivery_rate=131843&cwnd=252&unsent_bytes=0&cid=062b2f2f81734ae0&ts=472&x=0"
{}

20:34:20.407 [pool-2-thread-1] DEBUG com.jayway.jsonpath.internal.path.CompiledPath - Evaluating path: $
20:34:20.414 [pool-2-thread-1] DEBUG com.intuit.karate.shell.Command - found / verified free local port: 9222
20:34:20.415 [pool-2-thread-1] DEBUG com.intuit.karate.driver.chrome_1743082460412 - poll attempt #0 for port to be ready - localhost:9222
20:34:20.415 [chrome_1743082460412] DEBUG com.intuit.karate.driver.chrome_1743082460412 - command: [/Applications/Google Chrome.app/Contents/MacOS/Google Chrome, --remote-debugging-port=9222, --remote-allow-origins=*, --no-first-run, --user-data-dir=/Users/curryhoang/KarateFrameWork/target/chrome_1743082460412, --disable-popup-blocking], working dir: target/chrome_1743082460412
20:34:20.579 [pool-2-thread-2] DEBUG org.apache.http.wire - http-outgoing-2 << "HTTP/1.1 204 No Content[\r][\n]"
20:34:20.579 [pool-2-thread-2] DEBUG org.apache.http.wire - http-outgoing-2 << "Date: Thu, 27 Mar 2025 13:34:20 GMT[\r][\n]"
20:34:20.579 [pool-2-thread-2] DEBUG org.apache.http.wire - http-outgoing-2 << "Connection: keep-alive[\r][\n]"
20:34:20.579 [pool-2-thread-2] DEBUG org.apache.http.wire - http-outgoing-2 << "Cf-Ray: 926f43c0ebb5fd30-SIN[\r][\n]"
20:34:20.579 [pool-2-thread-2] DEBUG org.apache.http.wire - http-outgoing-2 << "Server: cloudflare[\r][\n]"
20:34:20.579 [pool-2-thread-2] DEBUG org.apache.http.wire - http-outgoing-2 << "Report-To: {"group":"heroku-nel","max_age":3600,"endpoints":[{"url":"https://nel.heroku.com/reports?ts=1743082460&sid=c4c9725f-1ab0-44d8-820f-430df2718e11&s=edp6dfLuyk%2BdqfHZgy1RPf8OaH54aeGJR9ngHDjWA%2BY%3D"}]}[\r][\n]"
20:34:20.579 [pool-2-thread-2] DEBUG org.apache.http.wire - http-outgoing-2 << "Reporting-Endpoints: heroku-nel=https://nel.heroku.com/reports?ts=1743082460&sid=c4c9725f-1ab0-44d8-820f-430df2718e11&s=edp6dfLuyk%2BdqfHZgy1RPf8OaH54aeGJR9ngHDjWA%2BY%3D[\r][\n]"
20:34:20.579 [pool-2-thread-2] DEBUG org.apache.http.wire - http-outgoing-2 << "Nel: {"report_to":"heroku-nel","max_age":3600,"success_fraction":0.005,"failure_fraction":0.05,"response_headers":["Via"]}[\r][\n]"
20:34:20.579 [pool-2-thread-2] DEBUG org.apache.http.wire - http-outgoing-2 << "X-Powered-By: Express[\r][\n]"
20:34:20.579 [pool-2-thread-2] DEBUG org.apache.http.wire - http-outgoing-2 << "Access-Control-Allow-Origin: *[\r][\n]"
20:34:20.579 [pool-2-thread-2] DEBUG org.apache.http.wire - http-outgoing-2 << "Etag: W/"2-vyGp6PvFo4RvsFtPoIWeCReyIC8"[\r][\n]"
20:34:20.579 [pool-2-thread-2] DEBUG org.apache.http.wire - http-outgoing-2 << "Via: 1.1 vegur[\r][\n]"
20:34:20.579 [pool-2-thread-2] DEBUG org.apache.http.wire - http-outgoing-2 << "Cf-Cache-Status: DYNAMIC[\r][\n]"
20:34:20.579 [pool-2-thread-2] DEBUG org.apache.http.wire - http-outgoing-2 << "server-timing: cfL4;desc="?proto=TCP&rtt=39107&min_rtt=38933&rtt_var=14948&sent=3&recv=7&lost=0&retrans=0&sent_bytes=219&recv_bytes=999&delivery_rate=35709&cwnd=250&unsent_bytes=0&cid=e91e154b7d70a1c2&ts=434&x=0"[\r][\n]"
20:34:20.579 [pool-2-thread-2] DEBUG org.apache.http.wire - http-outgoing-2 << "[\r][\n]"
20:34:20.579 [pool-2-thread-2] DEBUG org.apache.http.headers - http-outgoing-2 << HTTP/1.1 204 No Content
20:34:20.579 [pool-2-thread-2] DEBUG org.apache.http.headers - http-outgoing-2 << Date: Thu, 27 Mar 2025 13:34:20 GMT
20:34:20.579 [pool-2-thread-2] DEBUG org.apache.http.headers - http-outgoing-2 << Connection: keep-alive
20:34:20.579 [pool-2-thread-2] DEBUG org.apache.http.headers - http-outgoing-2 << Cf-Ray: 926f43c0ebb5fd30-SIN
20:34:20.579 [pool-2-thread-2] DEBUG org.apache.http.headers - http-outgoing-2 << Server: cloudflare
20:34:20.579 [pool-2-thread-2] DEBUG org.apache.http.headers - http-outgoing-2 << Report-To: {"group":"heroku-nel","max_age":3600,"endpoints":[{"url":"https://nel.heroku.com/reports?ts=1743082460&sid=c4c9725f-1ab0-44d8-820f-430df2718e11&s=edp6dfLuyk%2BdqfHZgy1RPf8OaH54aeGJR9ngHDjWA%2BY%3D"}]}
20:34:20.579 [pool-2-thread-2] DEBUG org.apache.http.headers - http-outgoing-2 << Reporting-Endpoints: heroku-nel=https://nel.heroku.com/reports?ts=1743082460&sid=c4c9725f-1ab0-44d8-820f-430df2718e11&s=edp6dfLuyk%2BdqfHZgy1RPf8OaH54aeGJR9ngHDjWA%2BY%3D
20:34:20.579 [pool-2-thread-2] DEBUG org.apache.http.headers - http-outgoing-2 << Nel: {"report_to":"heroku-nel","max_age":3600,"success_fraction":0.005,"failure_fraction":0.05,"response_headers":["Via"]}
20:34:20.579 [pool-2-thread-2] DEBUG org.apache.http.headers - http-outgoing-2 << X-Powered-By: Express
20:34:20.579 [pool-2-thread-2] DEBUG org.apache.http.headers - http-outgoing-2 << Access-Control-Allow-Origin: *
20:34:20.579 [pool-2-thread-2] DEBUG org.apache.http.headers - http-outgoing-2 << Etag: W/"2-vyGp6PvFo4RvsFtPoIWeCReyIC8"
20:34:20.579 [pool-2-thread-2] DEBUG org.apache.http.headers - http-outgoing-2 << Via: 1.1 vegur
20:34:20.579 [pool-2-thread-2] DEBUG org.apache.http.headers - http-outgoing-2 << Cf-Cache-Status: DYNAMIC
20:34:20.579 [pool-2-thread-2] DEBUG org.apache.http.headers - http-outgoing-2 << server-timing: cfL4;desc="?proto=TCP&rtt=39107&min_rtt=38933&rtt_var=14948&sent=3&recv=7&lost=0&retrans=0&sent_bytes=219&recv_bytes=999&delivery_rate=35709&cwnd=250&unsent_bytes=0&cid=e91e154b7d70a1c2&ts=434&x=0"
20:34:20.579 [pool-2-thread-2] DEBUG org.apache.http.impl.execchain.MainClientExec - Connection can be kept alive indefinitely
20:34:20.579 [pool-2-thread-2] DEBUG org.apache.http.impl.conn.PoolingHttpClientConnectionManager - Connection [id: 2][route: {s}->https://reqres.in:443] can be kept alive indefinitely
20:34:20.579 [pool-2-thread-2] DEBUG org.apache.http.impl.conn.DefaultManagedHttpClientConnection - http-outgoing-2: set socket timeout to 0
20:34:20.579 [pool-2-thread-2] DEBUG org.apache.http.impl.conn.PoolingHttpClientConnectionManager - Connection released: [id: 2][route: {s}->https://reqres.in:443][total available: 1; route allocated: 1 of 5; total allocated: 1 of 10]
20:34:20.580 [pool-2-thread-2] DEBUG org.apache.http.impl.conn.PoolingHttpClientConnectionManager - Connection manager is shutting down
20:34:20.580 [pool-2-thread-2] DEBUG org.apache.http.impl.conn.DefaultManagedHttpClientConnection - http-outgoing-2: Close connection
20:34:20.580 [pool-2-thread-2] DEBUG org.apache.http.impl.conn.PoolingHttpClientConnectionManager - Connection manager shut down
20:34:20.580 [pool-2-thread-2] DEBUG com.intuit.karate - response time in milliseconds: 521
1 < 204
1 < Date: Thu, 27 Mar 2025 13:34:20 GMT
1 < Connection: keep-alive
1 < Cf-Ray: 926f43c0ebb5fd30-SIN
1 < Server: cloudflare
1 < Report-To: {"group":"heroku-nel","max_age":3600,"endpoints":[{"url":"https://nel.heroku.com/reports?ts=1743082460&sid=c4c9725f-1ab0-44d8-820f-430df2718e11&s=edp6dfLuyk%2BdqfHZgy1RPf8OaH54aeGJR9ngHDjWA%2BY%3D"}]}
1 < Reporting-Endpoints: heroku-nel=https://nel.heroku.com/reports?ts=1743082460&sid=c4c9725f-1ab0-44d8-820f-430df2718e11&s=edp6dfLuyk%2BdqfHZgy1RPf8OaH54aeGJR9ngHDjWA%2BY%3D
1 < Nel: {"report_to":"heroku-nel","max_age":3600,"success_fraction":0.005,"failure_fraction":0.05,"response_headers":["Via"]}
1 < X-Powered-By: Express
1 < Access-Control-Allow-Origin: *
1 < Etag: W/"2-vyGp6PvFo4RvsFtPoIWeCReyIC8"
1 < Via: 1.1 vegur
1 < Cf-Cache-Status: DYNAMIC
1 < server-timing: cfL4;desc="?proto=TCP&rtt=39107&min_rtt=38933&rtt_var=14948&sent=3&recv=7&lost=0&retrans=0&sent_bytes=219&recv_bytes=999&delivery_rate=35709&cwnd=250&unsent_bytes=0&cid=e91e154b7d70a1c2&ts=434&x=0"


20:34:20.672 [pool-2-thread-1] DEBUG com.intuit.karate.driver.chrome_1743082460412 - poll attempt #1 for port to be ready - localhost:9222
20:34:20.927 [pool-2-thread-1] DEBUG com.intuit.karate.driver.chrome_1743082460412 - poll attempt #2 for port to be ready - localhost:9222
20:34:20.972 [chrome_1743082460412-out] DEBUG com.intuit.karate.driver.chrome_1743082460412 - 
20:34:20.972 [chrome_1743082460412-out] DEBUG com.intuit.karate.driver.chrome_1743082460412 - DevTools listening on ws://127.0.0.1:9222/devtools/browser/8e4fd17e-1743-4d7f-86ed-6d3acb0f01c1
20:34:21.197 [pool-2-thread-1] DEBUG com.intuit.karate.driver.chrome_1743082460412 - poll attempt #3 for port to be ready - localhost:9222
20:34:21.221 [pool-2-thread-1] DEBUG org.apache.http.client.protocol.RequestAddCookies - CookieSpec selected: karate
20:34:21.222 [pool-2-thread-1] DEBUG org.apache.http.client.protocol.RequestAuthCache - Auth cache not set in the context
20:34:21.222 [pool-2-thread-1] DEBUG com.intuit.karate - request:
1 > GET http://localhost:9222/json
1 > Host: localhost:9222
1 > Connection: Keep-Alive
1 > User-Agent: Apache-HttpClient/4.5.14 (Java/20)
1 > Accept-Encoding: gzip,deflate


20:34:21.222 [pool-2-thread-1] DEBUG org.apache.http.impl.conn.PoolingHttpClientConnectionManager - Connection request: [route: {}->http://localhost:9222][total available: 0; route allocated: 0 of 5; total allocated: 0 of 10]
20:34:21.222 [pool-2-thread-1] DEBUG org.apache.http.impl.conn.PoolingHttpClientConnectionManager - Connection leased: [id: 3][route: {}->http://localhost:9222][total available: 0; route allocated: 1 of 5; total allocated: 1 of 10]
20:34:21.222 [pool-2-thread-1] DEBUG org.apache.http.impl.execchain.MainClientExec - Opening connection {}->http://localhost:9222
20:34:21.223 [pool-2-thread-1] DEBUG org.apache.http.impl.conn.DefaultHttpClientConnectionOperator - Connecting to localhost/127.0.0.1:9222
20:34:21.226 [pool-2-thread-1] DEBUG org.apache.http.impl.conn.DefaultHttpClientConnectionOperator - Connection established 127.0.0.1:49925<->127.0.0.1:9222
20:34:21.226 [pool-2-thread-1] DEBUG org.apache.http.impl.conn.DefaultManagedHttpClientConnection - http-outgoing-3: set socket timeout to 30000
20:34:21.226 [pool-2-thread-1] DEBUG org.apache.http.impl.execchain.MainClientExec - Executing request GET /json HTTP/1.1
20:34:21.226 [pool-2-thread-1] DEBUG org.apache.http.impl.execchain.MainClientExec - Target auth state: UNCHALLENGED
20:34:21.226 [pool-2-thread-1] DEBUG org.apache.http.impl.execchain.MainClientExec - Proxy auth state: UNCHALLENGED
20:34:21.227 [pool-2-thread-1] DEBUG org.apache.http.headers - http-outgoing-3 >> GET /json HTTP/1.1
20:34:21.227 [pool-2-thread-1] DEBUG org.apache.http.headers - http-outgoing-3 >> Host: localhost:9222
20:34:21.227 [pool-2-thread-1] DEBUG org.apache.http.headers - http-outgoing-3 >> Connection: Keep-Alive
20:34:21.227 [pool-2-thread-1] DEBUG org.apache.http.headers - http-outgoing-3 >> User-Agent: Apache-HttpClient/4.5.14 (Java/20)
20:34:21.227 [pool-2-thread-1] DEBUG org.apache.http.headers - http-outgoing-3 >> Accept-Encoding: gzip,deflate
20:34:21.228 [pool-2-thread-1] DEBUG org.apache.http.wire - http-outgoing-3 >> "GET /json HTTP/1.1[\r][\n]"
20:34:21.228 [pool-2-thread-1] DEBUG org.apache.http.wire - http-outgoing-3 >> "Host: localhost:9222[\r][\n]"
20:34:21.228 [pool-2-thread-1] DEBUG org.apache.http.wire - http-outgoing-3 >> "Connection: Keep-Alive[\r][\n]"
20:34:21.228 [pool-2-thread-1] DEBUG org.apache.http.wire - http-outgoing-3 >> "User-Agent: Apache-HttpClient/4.5.14 (Java/20)[\r][\n]"
20:34:21.228 [pool-2-thread-1] DEBUG org.apache.http.wire - http-outgoing-3 >> "Accept-Encoding: gzip,deflate[\r][\n]"
20:34:21.228 [pool-2-thread-1] DEBUG org.apache.http.wire - http-outgoing-3 >> "[\r][\n]"
20:34:21.378 [chrome_1743082460412-out] DEBUG com.intuit.karate.driver.chrome_1743082460412 - 2025-03-27 20:34:21.378 Google Chrome[2741:55941] +[IMKClient subclass]: chose IMKClient_Modern
20:34:21.378 [chrome_1743082460412-out] DEBUG com.intuit.karate.driver.chrome_1743082460412 - 2025-03-27 20:34:21.378 Google Chrome[2741:55941] +[IMKInputSession subclass]: chose IMKInputSession_Modern
20:34:21.398 [pool-2-thread-1] DEBUG org.apache.http.wire - http-outgoing-3 << "HTTP/1.1 200 OK[\r][\n]"
20:34:21.398 [pool-2-thread-1] DEBUG org.apache.http.wire - http-outgoing-3 << "Content-Security-Policy:frame-ancestors 'none'[\r][\n]"
20:34:21.398 [pool-2-thread-1] DEBUG org.apache.http.wire - http-outgoing-3 << "Content-Length:1242[\r][\n]"
20:34:21.398 [pool-2-thread-1] DEBUG org.apache.http.wire - http-outgoing-3 << "Content-Type:application/json; charset=UTF-8[\r][\n]"
20:34:21.398 [pool-2-thread-1] DEBUG org.apache.http.wire - http-outgoing-3 << "[\r][\n]"
20:34:21.398 [pool-2-thread-1] DEBUG org.apache.http.wire - http-outgoing-3 << "[ {[\n]"
20:34:21.398 [pool-2-thread-1] DEBUG org.apache.http.wire - http-outgoing-3 << "   "description": "",[\n]"
20:34:21.398 [pool-2-thread-1] DEBUG org.apache.http.wire - http-outgoing-3 << "   "devtoolsFrontendUrl": "/devtools/inspector.html?ws=localhost:9222/devtools/page/B8AA688693430781353DF58D17947767",[\n]"
20:34:21.400 [pool-2-thread-1] DEBUG org.apache.http.wire - http-outgoing-3 << "   "id": "B8AA688693430781353DF58D17947767",[\n]"
20:34:21.400 [pool-2-thread-1] DEBUG org.apache.http.wire - http-outgoing-3 << "   "title": "Google Network Speech",[\n]"
20:34:21.400 [pool-2-thread-1] DEBUG org.apache.http.wire - http-outgoing-3 << "   "type": "background_page",[\n]"
20:34:21.400 [pool-2-thread-1] DEBUG org.apache.http.wire - http-outgoing-3 << "   "url": "chrome-extension://neajdppkdcdipfabeoofebfddakdcjhd/_generated_background_page.html",[\n]"
20:34:21.400 [pool-2-thread-1] DEBUG org.apache.http.wire - http-outgoing-3 << "   "webSocketDebuggerUrl": "ws://localhost:9222/devtools/page/B8AA688693430781353DF58D17947767"[\n]"
20:34:21.400 [pool-2-thread-1] DEBUG org.apache.http.wire - http-outgoing-3 << "}, {[\n]"
20:34:21.400 [pool-2-thread-1] DEBUG org.apache.http.wire - http-outgoing-3 << "   "description": "",[\n]"
20:34:21.401 [pool-2-thread-1] DEBUG org.apache.http.wire - http-outgoing-3 << "   "devtoolsFrontendUrl": "/devtools/inspector.html?ws=localhost:9222/devtools/page/0F09AE0CC3B9F5101396B675832414C2",[\n]"
20:34:21.401 [pool-2-thread-1] DEBUG org.apache.http.wire - http-outgoing-3 << "   "id": "0F09AE0CC3B9F5101396B675832414C2",[\n]"
20:34:21.401 [pool-2-thread-1] DEBUG org.apache.http.wire - http-outgoing-3 << "   "title": "Google Hangouts",[\n]"
20:34:21.401 [pool-2-thread-1] DEBUG org.apache.http.wire - http-outgoing-3 << "   "type": "background_page",[\n]"
20:34:21.401 [pool-2-thread-1] DEBUG org.apache.http.wire - http-outgoing-3 << "   "url": "chrome-extension://nkeimhogjdpnpccoofpliimaahmaaome/background.html",[\n]"
20:34:21.401 [pool-2-thread-1] DEBUG org.apache.http.wire - http-outgoing-3 << "   "webSocketDebuggerUrl": "ws://localhost:9222/devtools/page/0F09AE0CC3B9F5101396B675832414C2"[\n]"
20:34:21.401 [pool-2-thread-1] DEBUG org.apache.http.wire - http-outgoing-3 << "}, {[\n]"
20:34:21.401 [pool-2-thread-1] DEBUG org.apache.http.wire - http-outgoing-3 << "   "description": "",[\n]"
20:34:21.401 [pool-2-thread-1] DEBUG org.apache.http.wire - http-outgoing-3 << "   "devtoolsFrontendUrl": "/devtools/inspector.html?ws=localhost:9222/devtools/page/174C963D2C053CCF668E6914EBA9509A",[\n]"
20:34:21.401 [pool-2-thread-1] DEBUG org.apache.http.wire - http-outgoing-3 << "   "id": "174C963D2C053CCF668E6914EBA9509A",[\n]"
20:34:21.401 [pool-2-thread-1] DEBUG org.apache.http.wire - http-outgoing-3 << "   "title": "New Tab",[\n]"
20:34:21.401 [pool-2-thread-1] DEBUG org.apache.http.wire - http-outgoing-3 << "   "type": "page",[\n]"
20:34:21.401 [pool-2-thread-1] DEBUG org.apache.http.wire - http-outgoing-3 << "   "url": "chrome://newtab/",[\n]"
20:34:21.402 [pool-2-thread-1] DEBUG org.apache.http.wire - http-outgoing-3 << "   "webSocketDebuggerUrl": "ws://localhost:9222/devtools/page/174C963D2C053CCF668E6914EBA9509A"[\n]"
20:34:21.402 [pool-2-thread-1] DEBUG org.apache.http.wire - http-outgoing-3 << "} ][\n]"
20:34:21.402 [pool-2-thread-1] DEBUG org.apache.http.headers - http-outgoing-3 << HTTP/1.1 200 OK
20:34:21.402 [pool-2-thread-1] DEBUG org.apache.http.headers - http-outgoing-3 << Content-Security-Policy:frame-ancestors 'none'
20:34:21.402 [pool-2-thread-1] DEBUG org.apache.http.headers - http-outgoing-3 << Content-Length:1242
20:34:21.402 [pool-2-thread-1] DEBUG org.apache.http.headers - http-outgoing-3 << Content-Type:application/json; charset=UTF-8
20:34:21.402 [pool-2-thread-1] DEBUG org.apache.http.impl.execchain.MainClientExec - Connection can be kept alive indefinitely
20:34:21.402 [pool-2-thread-1] DEBUG org.apache.http.impl.conn.PoolingHttpClientConnectionManager - Connection [id: 3][route: {}->http://localhost:9222] can be kept alive indefinitely
20:34:21.402 [pool-2-thread-1] DEBUG org.apache.http.impl.conn.DefaultManagedHttpClientConnection - http-outgoing-3: set socket timeout to 0
20:34:21.402 [pool-2-thread-1] DEBUG org.apache.http.impl.conn.PoolingHttpClientConnectionManager - Connection released: [id: 3][route: {}->http://localhost:9222][total available: 1; route allocated: 1 of 5; total allocated: 1 of 10]
20:34:21.402 [pool-2-thread-1] DEBUG org.apache.http.impl.conn.PoolingHttpClientConnectionManager - Connection manager is shutting down
20:34:21.402 [pool-2-thread-1] DEBUG org.apache.http.impl.conn.DefaultManagedHttpClientConnection - http-outgoing-3: Close connection
20:34:21.402 [pool-2-thread-1] DEBUG org.apache.http.impl.conn.PoolingHttpClientConnectionManager - Connection manager shut down
20:34:21.402 [pool-2-thread-1] DEBUG com.intuit.karate - response time in milliseconds: 180
1 < 200
1 < Content-Security-Policy: frame-ancestors 'none'
1 < Content-Length: 1242
1 < Content-Type: application/json; charset=UTF-8
[ {
   "description": "",
   "devtoolsFrontendUrl": "/devtools/inspector.html?ws=localhost:9222/devtools/page/B8AA688693430781353DF58D17947767",
   "id": "B8AA688693430781353DF58D17947767",
   "title": "Google Network Speech",
   "type": "background_page",
   "url": "chrome-extension://neajdppkdcdipfabeoofebfddakdcjhd/_generated_background_page.html",
   "webSocketDebuggerUrl": "ws://localhost:9222/devtools/page/B8AA688693430781353DF58D17947767"
}, {
   "description": "",
   "devtoolsFrontendUrl": "/devtools/inspector.html?ws=localhost:9222/devtools/page/0F09AE0CC3B9F5101396B675832414C2",
   "id": "0F09AE0CC3B9F5101396B675832414C2",
   "title": "Google Hangouts",
   "type": "background_page",
   "url": "chrome-extension://nkeimhogjdpnpccoofpliimaahmaaome/background.html",
   "webSocketDebuggerUrl": "ws://localhost:9222/devtools/page/0F09AE0CC3B9F5101396B675832414C2"
}, {
   "description": "",
   "devtoolsFrontendUrl": "/devtools/inspector.html?ws=localhost:9222/devtools/page/174C963D2C053CCF668E6914EBA9509A",
   "id": "174C963D2C053CCF668E6914EBA9509A",
   "title": "New Tab",
   "type": "page",
   "url": "chrome://newtab/",
   "webSocketDebuggerUrl": "ws://localhost:9222/devtools/page/174C963D2C053CCF668E6914EBA9509A"
} ]


20:34:21.405 [pool-2-thread-1] DEBUG com.jayway.jsonpath.internal.path.CompiledPath - Evaluating path: $
20:34:21.405 [pool-2-thread-1] DEBUG com.intuit.karate.shell.Command - ready to accept http connections after 190 ms - http://localhost:9222/json
20:34:21.406 [pool-2-thread-1] DEBUG org.apache.http.client.protocol.RequestAddCookies - CookieSpec selected: karate
20:34:21.406 [pool-2-thread-1] DEBUG org.apache.http.client.protocol.RequestAuthCache - Auth cache not set in the context
20:34:21.406 [pool-2-thread-1] DEBUG com.intuit.karate - request:
1 > GET http://localhost:9222/json
1 > Host: localhost:9222
1 > Connection: Keep-Alive
1 > User-Agent: Apache-HttpClient/4.5.14 (Java/20)
1 > Accept-Encoding: gzip,deflate


20:34:21.406 [pool-2-thread-1] DEBUG org.apache.http.impl.conn.PoolingHttpClientConnectionManager - Connection request: [route: {}->http://localhost:9222][total available: 0; route allocated: 0 of 5; total allocated: 0 of 10]
20:34:21.406 [pool-2-thread-1] DEBUG org.apache.http.impl.conn.PoolingHttpClientConnectionManager - Connection leased: [id: 4][route: {}->http://localhost:9222][total available: 0; route allocated: 1 of 5; total allocated: 1 of 10]
20:34:21.406 [pool-2-thread-1] DEBUG org.apache.http.impl.execchain.MainClientExec - Opening connection {}->http://localhost:9222
20:34:21.406 [pool-2-thread-1] DEBUG org.apache.http.impl.conn.DefaultHttpClientConnectionOperator - Connecting to localhost/127.0.0.1:9222
20:34:21.406 [pool-2-thread-1] DEBUG org.apache.http.impl.conn.DefaultHttpClientConnectionOperator - Connection established 127.0.0.1:49928<->127.0.0.1:9222
20:34:21.406 [pool-2-thread-1] DEBUG org.apache.http.impl.conn.DefaultManagedHttpClientConnection - http-outgoing-4: set socket timeout to 30000
20:34:21.406 [pool-2-thread-1] DEBUG org.apache.http.impl.execchain.MainClientExec - Executing request GET /json HTTP/1.1
20:34:21.406 [pool-2-thread-1] DEBUG org.apache.http.impl.execchain.MainClientExec - Target auth state: UNCHALLENGED
20:34:21.406 [pool-2-thread-1] DEBUG org.apache.http.impl.execchain.MainClientExec - Proxy auth state: UNCHALLENGED
20:34:21.406 [pool-2-thread-1] DEBUG org.apache.http.headers - http-outgoing-4 >> GET /json HTTP/1.1
20:34:21.406 [pool-2-thread-1] DEBUG org.apache.http.headers - http-outgoing-4 >> Host: localhost:9222
20:34:21.406 [pool-2-thread-1] DEBUG org.apache.http.headers - http-outgoing-4 >> Connection: Keep-Alive
20:34:21.406 [pool-2-thread-1] DEBUG org.apache.http.headers - http-outgoing-4 >> User-Agent: Apache-HttpClient/4.5.14 (Java/20)
20:34:21.406 [pool-2-thread-1] DEBUG org.apache.http.headers - http-outgoing-4 >> Accept-Encoding: gzip,deflate
20:34:21.406 [pool-2-thread-1] DEBUG org.apache.http.wire - http-outgoing-4 >> "GET /json HTTP/1.1[\r][\n]"
20:34:21.406 [pool-2-thread-1] DEBUG org.apache.http.wire - http-outgoing-4 >> "Host: localhost:9222[\r][\n]"
20:34:21.406 [pool-2-thread-1] DEBUG org.apache.http.wire - http-outgoing-4 >> "Connection: Keep-Alive[\r][\n]"
20:34:21.406 [pool-2-thread-1] DEBUG org.apache.http.wire - http-outgoing-4 >> "User-Agent: Apache-HttpClient/4.5.14 (Java/20)[\r][\n]"
20:34:21.406 [pool-2-thread-1] DEBUG org.apache.http.wire - http-outgoing-4 >> "Accept-Encoding: gzip,deflate[\r][\n]"
20:34:21.406 [pool-2-thread-1] DEBUG org.apache.http.wire - http-outgoing-4 >> "[\r][\n]"
20:34:21.450 [pool-2-thread-1] DEBUG org.apache.http.wire - http-outgoing-4 << "HTTP/1.1 200 OK[\r][\n]"
20:34:21.451 [pool-2-thread-1] DEBUG org.apache.http.wire - http-outgoing-4 << "Content-Security-Policy:frame-ancestors 'none'[\r][\n]"
20:34:21.451 [pool-2-thread-1] DEBUG org.apache.http.wire - http-outgoing-4 << "Content-Length:1242[\r][\n]"
20:34:21.451 [pool-2-thread-1] DEBUG org.apache.http.wire - http-outgoing-4 << "Content-Type:application/json; charset=UTF-8[\r][\n]"
20:34:21.451 [pool-2-thread-1] DEBUG org.apache.http.wire - http-outgoing-4 << "[\r][\n]"
20:34:21.451 [pool-2-thread-1] DEBUG org.apache.http.wire - http-outgoing-4 << "[ {[\n]"
20:34:21.451 [pool-2-thread-1] DEBUG org.apache.http.wire - http-outgoing-4 << "   "description": "",[\n]"
20:34:21.451 [pool-2-thread-1] DEBUG org.apache.http.wire - http-outgoing-4 << "   "devtoolsFrontendUrl": "/devtools/inspector.html?ws=localhost:9222/devtools/page/B8AA688693430781353DF58D17947767",[\n]"
20:34:21.451 [pool-2-thread-1] DEBUG org.apache.http.wire - http-outgoing-4 << "   "id": "B8AA688693430781353DF58D17947767",[\n]"
20:34:21.451 [pool-2-thread-1] DEBUG org.apache.http.wire - http-outgoing-4 << "   "title": "Google Network Speech",[\n]"
20:34:21.451 [pool-2-thread-1] DEBUG org.apache.http.wire - http-outgoing-4 << "   "type": "background_page",[\n]"
20:34:21.451 [pool-2-thread-1] DEBUG org.apache.http.wire - http-outgoing-4 << "   "url": "chrome-extension://neajdppkdcdipfabeoofebfddakdcjhd/_generated_background_page.html",[\n]"
20:34:21.451 [pool-2-thread-1] DEBUG org.apache.http.wire - http-outgoing-4 << "   "webSocketDebuggerUrl": "ws://localhost:9222/devtools/page/B8AA688693430781353DF58D17947767"[\n]"
20:34:21.451 [pool-2-thread-1] DEBUG org.apache.http.wire - http-outgoing-4 << "}, {[\n]"
20:34:21.451 [pool-2-thread-1] DEBUG org.apache.http.wire - http-outgoing-4 << "   "description": "",[\n]"
20:34:21.451 [pool-2-thread-1] DEBUG org.apache.http.wire - http-outgoing-4 << "   "devtoolsFrontendUrl": "/devtools/inspector.html?ws=localhost:9222/devtools/page/0F09AE0CC3B9F5101396B675832414C2",[\n]"
20:34:21.451 [pool-2-thread-1] DEBUG org.apache.http.wire - http-outgoing-4 << "   "id": "0F09AE0CC3B9F5101396B675832414C2",[\n]"
20:34:21.451 [pool-2-thread-1] DEBUG org.apache.http.wire - http-outgoing-4 << "   "title": "Google Hangouts",[\n]"
20:34:21.451 [pool-2-thread-1] DEBUG org.apache.http.wire - http-outgoing-4 << "   "type": "background_page",[\n]"
20:34:21.451 [pool-2-thread-1] DEBUG org.apache.http.wire - http-outgoing-4 << "   "url": "chrome-extension://nkeimhogjdpnpccoofpliimaahmaaome/background.html",[\n]"
20:34:21.451 [pool-2-thread-1] DEBUG org.apache.http.wire - http-outgoing-4 << "   "webSocketDebuggerUrl": "ws://localhost:9222/devtools/page/0F09AE0CC3B9F5101396B675832414C2"[\n]"
20:34:21.451 [pool-2-thread-1] DEBUG org.apache.http.wire - http-outgoing-4 << "}, {[\n]"
20:34:21.451 [pool-2-thread-1] DEBUG org.apache.http.wire - http-outgoing-4 << "   "description": "",[\n]"
20:34:21.451 [pool-2-thread-1] DEBUG org.apache.http.wire - http-outgoing-4 << "   "devtoolsFrontendUrl": "/devtools/inspector.html?ws=localhost:9222/devtools/page/174C963D2C053CCF668E6914EBA9509A",[\n]"
20:34:21.451 [pool-2-thread-1] DEBUG org.apache.http.wire - http-outgoing-4 << "   "id": "174C963D2C053CCF668E6914EBA9509A",[\n]"
20:34:21.451 [pool-2-thread-1] DEBUG org.apache.http.wire - http-outgoing-4 << "   "title": "New Tab",[\n]"
20:34:21.451 [pool-2-thread-1] DEBUG org.apache.http.wire - http-outgoing-4 << "   "type": "page",[\n]"
20:34:21.451 [pool-2-thread-1] DEBUG org.apache.http.wire - http-outgoing-4 << "   "url": "chrome://newtab/",[\n]"
20:34:21.451 [pool-2-thread-1] DEBUG org.apache.http.wire - http-outgoing-4 << "   "webSocketDebuggerUrl": "ws://localhost:9222/devtools/page/174C963D2C053CCF668E6914EBA9509A"[\n]"
20:34:21.451 [pool-2-thread-1] DEBUG org.apache.http.wire - http-outgoing-4 << "} ][\n]"
20:34:21.451 [pool-2-thread-1] DEBUG org.apache.http.headers - http-outgoing-4 << HTTP/1.1 200 OK
20:34:21.451 [pool-2-thread-1] DEBUG org.apache.http.headers - http-outgoing-4 << Content-Security-Policy:frame-ancestors 'none'
20:34:21.451 [pool-2-thread-1] DEBUG org.apache.http.headers - http-outgoing-4 << Content-Length:1242
20:34:21.451 [pool-2-thread-1] DEBUG org.apache.http.headers - http-outgoing-4 << Content-Type:application/json; charset=UTF-8
20:34:21.451 [pool-2-thread-1] DEBUG org.apache.http.impl.execchain.MainClientExec - Connection can be kept alive indefinitely
20:34:21.451 [pool-2-thread-1] DEBUG org.apache.http.impl.conn.PoolingHttpClientConnectionManager - Connection [id: 4][route: {}->http://localhost:9222] can be kept alive indefinitely
20:34:21.451 [pool-2-thread-1] DEBUG org.apache.http.impl.conn.DefaultManagedHttpClientConnection - http-outgoing-4: set socket timeout to 0
20:34:21.451 [pool-2-thread-1] DEBUG org.apache.http.impl.conn.PoolingHttpClientConnectionManager - Connection released: [id: 4][route: {}->http://localhost:9222][total available: 1; route allocated: 1 of 5; total allocated: 1 of 10]
20:34:21.451 [pool-2-thread-1] DEBUG org.apache.http.impl.conn.PoolingHttpClientConnectionManager - Connection manager is shutting down
20:34:21.451 [pool-2-thread-1] DEBUG org.apache.http.impl.conn.DefaultManagedHttpClientConnection - http-outgoing-4: Close connection
20:34:21.452 [pool-2-thread-1] DEBUG org.apache.http.impl.conn.PoolingHttpClientConnectionManager - Connection manager shut down
20:34:21.452 [pool-2-thread-1] DEBUG com.intuit.karate - response time in milliseconds: 45
1 < 200
1 < Content-Security-Policy: frame-ancestors 'none'
1 < Content-Length: 1242
1 < Content-Type: application/json; charset=UTF-8
[ {
   "description": "",
   "devtoolsFrontendUrl": "/devtools/inspector.html?ws=localhost:9222/devtools/page/B8AA688693430781353DF58D17947767",
   "id": "B8AA688693430781353DF58D17947767",
   "title": "Google Network Speech",
   "type": "background_page",
   "url": "chrome-extension://neajdppkdcdipfabeoofebfddakdcjhd/_generated_background_page.html",
   "webSocketDebuggerUrl": "ws://localhost:9222/devtools/page/B8AA688693430781353DF58D17947767"
}, {
   "description": "",
   "devtoolsFrontendUrl": "/devtools/inspector.html?ws=localhost:9222/devtools/page/0F09AE0CC3B9F5101396B675832414C2",
   "id": "0F09AE0CC3B9F5101396B675832414C2",
   "title": "Google Hangouts",
   "type": "background_page",
   "url": "chrome-extension://nkeimhogjdpnpccoofpliimaahmaaome/background.html",
   "webSocketDebuggerUrl": "ws://localhost:9222/devtools/page/0F09AE0CC3B9F5101396B675832414C2"
}, {
   "description": "",
   "devtoolsFrontendUrl": "/devtools/inspector.html?ws=localhost:9222/devtools/page/174C963D2C053CCF668E6914EBA9509A",
   "id": "174C963D2C053CCF668E6914EBA9509A",
   "title": "New Tab",
   "type": "page",
   "url": "chrome://newtab/",
   "webSocketDebuggerUrl": "ws://localhost:9222/devtools/page/174C963D2C053CCF668E6914EBA9509A"
} ]


20:34:21.454 [pool-2-thread-1] DEBUG com.jayway.jsonpath.internal.path.CompiledPath - Evaluating path: $
20:34:21.454 [pool-2-thread-1] DEBUG com.jayway.jsonpath.internal.path.CompiledPath - Evaluating path: $
20:34:21.456 [pool-2-thread-1] DEBUG com.intuit.karate.driver.chrome_1743082460412 - root frame id: 174C963D2C053CCF668E6914EBA9509A
20:34:21.472 [pool-2-thread-1] DEBUG io.netty.util.internal.logging.InternalLoggerFactory - Using SLF4J as the default logging framework
20:34:21.473 [pool-2-thread-1] DEBUG io.netty.channel.MultithreadEventLoopGroup - -Dio.netty.eventLoopThreads: 16
20:34:21.479 [pool-2-thread-1] DEBUG io.netty.util.internal.InternalThreadLocalMap - -Dio.netty.threadLocalMap.stringBuilder.initialSize: 1024
20:34:21.479 [pool-2-thread-1] DEBUG io.netty.util.internal.InternalThreadLocalMap - -Dio.netty.threadLocalMap.stringBuilder.maxSize: 4096
20:34:21.490 [pool-2-thread-1] DEBUG io.netty.util.internal.PlatformDependent0 - -Dio.netty.noUnsafe: false
20:34:21.490 [pool-2-thread-1] DEBUG io.netty.util.internal.PlatformDependent0 - Java version: 20
20:34:21.490 [pool-2-thread-1] DEBUG io.netty.util.internal.PlatformDependent0 - sun.misc.Unsafe.theUnsafe: available
20:34:21.490 [pool-2-thread-1] DEBUG io.netty.util.internal.PlatformDependent0 - sun.misc.Unsafe.copyMemory: available
20:34:21.491 [pool-2-thread-1] DEBUG io.netty.util.internal.PlatformDependent0 - sun.misc.Unsafe.storeFence: available
20:34:21.491 [pool-2-thread-1] DEBUG io.netty.util.internal.PlatformDependent0 - java.nio.Buffer.address: available
20:34:21.491 [pool-2-thread-1] DEBUG io.netty.util.internal.PlatformDependent0 - direct buffer constructor: unavailable: Reflective setAccessible(true) disabled
20:34:21.491 [pool-2-thread-1] DEBUG io.netty.util.internal.PlatformDependent0 - java.nio.Bits.unaligned: available, true
20:34:21.492 [pool-2-thread-1] DEBUG io.netty.util.internal.PlatformDependent0 - jdk.internal.misc.Unsafe.allocateUninitializedArray(int): unavailable: class io.netty.util.internal.PlatformDependent0$7 cannot access class jdk.internal.misc.Unsafe (in module java.base) because module java.base does not export jdk.internal.misc to unnamed module @15c89abd
20:34:21.492 [pool-2-thread-1] DEBUG io.netty.util.internal.PlatformDependent0 - java.nio.DirectByteBuffer.<init>(long, int): unavailable
20:34:21.492 [pool-2-thread-1] DEBUG io.netty.util.internal.PlatformDependent - sun.misc.Unsafe: available
20:34:21.493 [pool-2-thread-1] DEBUG io.netty.util.internal.PlatformDependent - maxDirectMemory: 4294967296 bytes (maybe)
20:34:21.493 [pool-2-thread-1] DEBUG io.netty.util.internal.PlatformDependent - -Dio.netty.tmpdir: /var/folders/sy/xjvmk8fx74g21j1qr4j064g00000gn/T (java.io.tmpdir)
20:34:21.493 [pool-2-thread-1] DEBUG io.netty.util.internal.PlatformDependent - -Dio.netty.bitMode: 64 (sun.arch.data.model)
20:34:21.493 [pool-2-thread-1] DEBUG io.netty.util.internal.PlatformDependent - Platform: MacOS
20:34:21.493 [pool-2-thread-1] DEBUG io.netty.util.internal.PlatformDependent - -Dio.netty.maxDirectMemory: -1 bytes
20:34:21.493 [pool-2-thread-1] DEBUG io.netty.util.internal.PlatformDependent - -Dio.netty.uninitializedArrayAllocationThreshold: -1
20:34:21.494 [pool-2-thread-1] DEBUG io.netty.util.internal.CleanerJava9 - java.nio.ByteBuffer.cleaner(): available
20:34:21.494 [pool-2-thread-1] DEBUG io.netty.util.internal.PlatformDependent - -Dio.netty.noPreferDirect: false
20:34:21.494 [pool-2-thread-1] DEBUG io.netty.channel.nio.NioEventLoop - -Dio.netty.noKeySetOptimization: false
20:34:21.494 [pool-2-thread-1] DEBUG io.netty.channel.nio.NioEventLoop - -Dio.netty.selectorAutoRebuildThreshold: 512
20:34:21.497 [pool-2-thread-1] DEBUG io.netty.util.internal.PlatformDependent - org.jctools-core.MpscChunkedArrayQueue: available
20:34:21.526 [pool-2-thread-1] DEBUG io.netty.channel.DefaultChannelId - -Dio.netty.processId: 2733 (auto-detected)
20:34:21.528 [pool-2-thread-1] DEBUG io.netty.util.NetUtil - -Djava.net.preferIPv4Stack: false
20:34:21.528 [pool-2-thread-1] DEBUG io.netty.util.NetUtil - -Djava.net.preferIPv6Addresses: false
20:34:21.533 [pool-2-thread-1] DEBUG io.netty.util.NetUtilInitializations - Loopback interface: lo0 (lo0, 0:0:0:0:0:0:0:1%lo0)
20:34:21.534 [pool-2-thread-1] DEBUG io.netty.util.NetUtil - Failed to get SOMAXCONN from sysctl and file /proc/sys/net/core/somaxconn. Default: 128
20:34:21.534 [pool-2-thread-1] DEBUG io.netty.channel.DefaultChannelId - -Dio.netty.machineId: b2:f7:2f:ff:fe:6e:e2:7a (auto-detected)
20:34:21.540 [pool-2-thread-1] DEBUG io.netty.util.ResourceLeakDetector - -Dio.netty.leakDetection.level: simple
20:34:21.540 [pool-2-thread-1] DEBUG io.netty.util.ResourceLeakDetector - -Dio.netty.leakDetection.targetRecords: 4
20:34:21.556 [pool-2-thread-1] DEBUG io.netty.buffer.PooledByteBufAllocator - -Dio.netty.allocator.numHeapArenas: 16
20:34:21.556 [pool-2-thread-1] DEBUG io.netty.buffer.PooledByteBufAllocator - -Dio.netty.allocator.numDirectArenas: 16
20:34:21.556 [pool-2-thread-1] DEBUG io.netty.buffer.PooledByteBufAllocator - -Dio.netty.allocator.pageSize: 8192
20:34:21.556 [pool-2-thread-1] DEBUG io.netty.buffer.PooledByteBufAllocator - -Dio.netty.allocator.maxOrder: 9
20:34:21.556 [pool-2-thread-1] DEBUG io.netty.buffer.PooledByteBufAllocator - -Dio.netty.allocator.chunkSize: 4194304
20:34:21.556 [pool-2-thread-1] DEBUG io.netty.buffer.PooledByteBufAllocator - -Dio.netty.allocator.smallCacheSize: 256
20:34:21.556 [pool-2-thread-1] DEBUG io.netty.buffer.PooledByteBufAllocator - -Dio.netty.allocator.normalCacheSize: 64
20:34:21.556 [pool-2-thread-1] DEBUG io.netty.buffer.PooledByteBufAllocator - -Dio.netty.allocator.maxCachedBufferCapacity: 32768
20:34:21.556 [pool-2-thread-1] DEBUG io.netty.buffer.PooledByteBufAllocator - -Dio.netty.allocator.cacheTrimInterval: 8192
20:34:21.556 [pool-2-thread-1] DEBUG io.netty.buffer.PooledByteBufAllocator - -Dio.netty.allocator.cacheTrimIntervalMillis: 0
20:34:21.556 [pool-2-thread-1] DEBUG io.netty.buffer.PooledByteBufAllocator - -Dio.netty.allocator.useCacheForAllThreads: false
20:34:21.556 [pool-2-thread-1] DEBUG io.netty.buffer.PooledByteBufAllocator - -Dio.netty.allocator.maxCachedByteBuffersPerChunk: 1023
20:34:21.559 [pool-2-thread-1] DEBUG io.netty.buffer.ByteBufUtil - -Dio.netty.allocator.type: pooled
20:34:21.560 [pool-2-thread-1] DEBUG io.netty.buffer.ByteBufUtil - -Dio.netty.threadLocalDirectBufferSize: 0
20:34:21.560 [pool-2-thread-1] DEBUG io.netty.buffer.ByteBufUtil - -Dio.netty.maxThreadLocalCharBufferSize: 16384
20:34:21.572 [nioEventLoopGroup-2-1] DEBUG io.netty.buffer.AbstractByteBuf - -Dio.netty.buffer.checkAccessible: true
20:34:21.572 [nioEventLoopGroup-2-1] DEBUG io.netty.buffer.AbstractByteBuf - -Dio.netty.buffer.checkBounds: true
20:34:21.572 [nioEventLoopGroup-2-1] DEBUG io.netty.util.ResourceLeakDetectorFactory - Loaded default ResourceLeakDetector: io.netty.util.ResourceLeakDetector@2d74ba0b
20:34:21.579 [nioEventLoopGroup-2-1] DEBUG io.netty.handler.codec.compression.ZlibCodecFactory - -Dio.netty.noJdkZlibDecoder: false
20:34:21.579 [nioEventLoopGroup-2-1] DEBUG io.netty.handler.codec.compression.ZlibCodecFactory - -Dio.netty.noJdkZlibEncoder: false
20:34:21.582 [nioEventLoopGroup-2-1] DEBUG io.netty.handler.codec.http.websocketx.WebSocketClientHandshaker13 - WebSocket version 13 client handshake key: kAr+bHUe8IPaGWC9Pj6a1A==, expected response: BRXbGjJEoj7Zl3jTPBH5kpiWEXk=
20:34:21.584 [nioEventLoopGroup-2-1] DEBUG io.netty.util.Recycler - -Dio.netty.recycler.maxCapacityPerThread: 4096
20:34:21.584 [nioEventLoopGroup-2-1] DEBUG io.netty.util.Recycler - -Dio.netty.recycler.ratio: 8
20:34:21.584 [nioEventLoopGroup-2-1] DEBUG io.netty.util.Recycler - -Dio.netty.recycler.chunkSize: 32
20:34:21.584 [nioEventLoopGroup-2-1] DEBUG io.netty.util.Recycler - -Dio.netty.recycler.blocking: false
20:34:21.593 [nioEventLoopGroup-2-1] DEBUG com.intuit.karate.http.WebSocketClientHandler - websocket client connected
20:34:21.599 [pool-2-thread-1] DEBUG com.jayway.jsonpath.internal.path.CompiledPath - Evaluating path: $['targetId']
20:34:21.599 [pool-2-thread-1] DEBUG com.jayway.jsonpath.internal.path.CompiledPath - Evaluating path: $
20:34:21.599 [pool-2-thread-1] DEBUG com.jayway.jsonpath.internal.path.CompiledPath - Evaluating path: $
20:34:21.599 [pool-2-thread-1] DEBUG com.jayway.jsonpath.internal.JsonContext - Put path $ key targetId value {}
20:34:21.599 [pool-2-thread-1] DEBUG com.jayway.jsonpath.internal.path.CompiledPath - Evaluating path: $
20:34:21.599 [pool-2-thread-1] DEBUG com.jayway.jsonpath.internal.JsonContext - Put path $ key targetId value 174C963D2C053CCF668E6914EBA9509A
20:34:21.599 [pool-2-thread-1] DEBUG com.jayway.jsonpath.internal.path.CompiledPath - Evaluating path: $['flatten']
20:34:21.599 [pool-2-thread-1] DEBUG com.jayway.jsonpath.internal.path.CompiledPath - Evaluating path: $
20:34:21.599 [pool-2-thread-1] DEBUG com.jayway.jsonpath.internal.path.CompiledPath - Evaluating path: $
20:34:21.599 [pool-2-thread-1] DEBUG com.jayway.jsonpath.internal.JsonContext - Put path $ key flatten value {}
20:34:21.599 [pool-2-thread-1] DEBUG com.jayway.jsonpath.internal.path.CompiledPath - Evaluating path: $
20:34:21.599 [pool-2-thread-1] DEBUG com.jayway.jsonpath.internal.JsonContext - Put path $ key flatten value true
20:34:21.599 [pool-2-thread-1] DEBUG com.jayway.jsonpath.internal.path.CompiledPath - Evaluating path: $
20:34:21.600 [pool-2-thread-1] DEBUG com.intuit.karate.driver.chrome_1743082460412 - >> {"id":1,"method":"Target.attachToTarget","params":{"targetId":"174C963D2C053CCF668E6914EBA9509A","flatten":true}}
20:34:21.643 [nioEventLoopGroup-2-1] DEBUG io.netty.handler.codec.compression.JdkZlibEncoder - -Dio.netty.jdkzlib.encoder.maxInitialOutputBufferSize=65536
20:34:21.643 [nioEventLoopGroup-2-1] DEBUG io.netty.handler.codec.compression.JdkZlibEncoder - -Dio.netty.jdkzlib.encoder.maxInputBufferSize=65536
20:34:21.652 [nioEventLoopGroup-2-1] DEBUG com.intuit.karate.driver.chrome_1743082460412 - << {"method":"Target.attachedToTarget","params":{"sessionId":"C7348E9B49833CC6A7FD00261CEECB3B","targetInfo":{"targetId":"174C963D2C053CCF668E6914EBA9509A","type":"page","title":"New Tab","url":"chrome://newtab/","attached":true,"canAccessOpener":false,"browserContextId":"41760E917F201A413B7D2A1AC40A4010"},"waitingForDebugger":false}}
20:34:21.652 [nioEventLoopGroup-2-1] DEBUG com.jayway.jsonpath.internal.path.CompiledPath - Evaluating path: $
20:34:21.652 [nioEventLoopGroup-2-1] DEBUG com.jayway.jsonpath.internal.path.CompiledPath - Evaluating path: $['targetInfo']['type']
20:34:21.652 [nioEventLoopGroup-2-1] DEBUG com.intuit.karate.driver.chrome_1743082460412 - << {"id":1,"result":{"sessionId":"C7348E9B49833CC6A7FD00261CEECB3B"}}
20:34:21.652 [nioEventLoopGroup-2-1] DEBUG com.jayway.jsonpath.internal.path.CompiledPath - Evaluating path: $
20:34:21.652 [pool-2-thread-1] DEBUG com.jayway.jsonpath.internal.path.CompiledPath - Evaluating path: $['sessionId']
20:34:21.653 [pool-2-thread-1] DEBUG com.jayway.jsonpath.internal.path.CompiledPath - Evaluating path: $['targetId']
20:34:21.653 [pool-2-thread-1] DEBUG com.jayway.jsonpath.internal.path.CompiledPath - Evaluating path: $
20:34:21.653 [pool-2-thread-1] DEBUG com.jayway.jsonpath.internal.path.CompiledPath - Evaluating path: $
20:34:21.653 [pool-2-thread-1] DEBUG com.jayway.jsonpath.internal.JsonContext - Put path $ key targetId value {}
20:34:21.653 [pool-2-thread-1] DEBUG com.jayway.jsonpath.internal.path.CompiledPath - Evaluating path: $
20:34:21.653 [pool-2-thread-1] DEBUG com.jayway.jsonpath.internal.JsonContext - Put path $ key targetId value 174C963D2C053CCF668E6914EBA9509A
20:34:21.653 [pool-2-thread-1] DEBUG com.jayway.jsonpath.internal.path.CompiledPath - Evaluating path: $
20:34:21.653 [pool-2-thread-1] DEBUG com.intuit.karate.driver.chrome_1743082460412 - >> {"id":2,"sessionId":"C7348E9B49833CC6A7FD00261CEECB3B","method":"Target.activateTarget","params":{"targetId":"174C963D2C053CCF668E6914EBA9509A"}}
20:34:21.657 [nioEventLoopGroup-2-1] DEBUG com.intuit.karate.driver.chrome_1743082460412 - << {"id":2,"result":{},"sessionId":"C7348E9B49833CC6A7FD00261CEECB3B"}
20:34:21.657 [nioEventLoopGroup-2-1] DEBUG com.jayway.jsonpath.internal.path.CompiledPath - Evaluating path: $
20:34:21.657 [pool-2-thread-1] DEBUG com.jayway.jsonpath.internal.path.CompiledPath - Evaluating path: $['discover']
20:34:21.657 [pool-2-thread-1] DEBUG com.jayway.jsonpath.internal.path.CompiledPath - Evaluating path: $
20:34:21.657 [pool-2-thread-1] DEBUG com.jayway.jsonpath.internal.path.CompiledPath - Evaluating path: $
20:34:21.658 [pool-2-thread-1] DEBUG com.jayway.jsonpath.internal.JsonContext - Put path $ key discover value {}
20:34:21.658 [pool-2-thread-1] DEBUG com.jayway.jsonpath.internal.path.CompiledPath - Evaluating path: $
20:34:21.658 [pool-2-thread-1] DEBUG com.jayway.jsonpath.internal.JsonContext - Put path $ key discover value true
20:34:21.658 [pool-2-thread-1] DEBUG com.jayway.jsonpath.internal.path.CompiledPath - Evaluating path: $
20:34:21.658 [pool-2-thread-1] DEBUG com.intuit.karate.driver.chrome_1743082460412 - >> {"id":3,"sessionId":"C7348E9B49833CC6A7FD00261CEECB3B","method":"Target.setDiscoverTargets","params":{"discover":true}}
20:34:21.669 [nioEventLoopGroup-2-1] DEBUG com.intuit.karate.driver.chrome_1743082460412 - << {"method":"Target.targetCreated","params":{"targetInfo":{"targetId":"0F09AE0CC3B9F5101396B675832414C2","type":"background_page","title":"Google Hangouts","url":"chrome-extension://nkeimhogjdpnpccoofpliimaahmaaome/background.html","attached":false,"canAccessOpener":false,"browserContextId":"41760E917F201A413B7D2A1AC40A4010"}},"sessionId":"C7348E9B49833CC6A7FD00261CEECB3B"}
20:34:21.669 [nioEventLoopGroup-2-1] DEBUG com.jayway.jsonpath.internal.path.CompiledPath - Evaluating path: $
20:34:21.669 [nioEventLoopGroup-2-1] DEBUG com.intuit.karate.driver.chrome_1743082460412 - << {"method":"Target.targetCreated","params":{"targetInfo":{"targetId":"174C963D2C053CCF668E6914EBA9509A","type":"page","title":"New Tab","url":"chrome://newtab/","attached":true,"canAccessOpener":false,"browserContextId":"41760E917F201A413B7D2A1AC40A4010"}},"sessionId":"C7348E9B49833CC6A7FD00261CEECB3B"}
20:34:21.670 [nioEventLoopGroup-2-1] DEBUG com.jayway.jsonpath.internal.path.CompiledPath - Evaluating path: $
20:34:21.670 [nioEventLoopGroup-2-1] DEBUG com.intuit.karate.driver.chrome_1743082460412 - << {"method":"Target.targetCreated","params":{"targetInfo":{"targetId":"A6A24636833FCE91A1F5D14C5FCD2FE3","type":"iframe","title":"chrome-untrusted://new-tab-page/one-google-bar?paramsencoded=","url":"chrome-untrusted://new-tab-page/one-google-bar?paramsencoded=","attached":false,"canAccessOpener":false,"browserContextId":"41760E917F201A413B7D2A1AC40A4010"}},"sessionId":"C7348E9B49833CC6A7FD00261CEECB3B"}
20:34:21.670 [nioEventLoopGroup-2-1] DEBUG com.jayway.jsonpath.internal.path.CompiledPath - Evaluating path: $
20:34:21.670 [nioEventLoopGroup-2-1] DEBUG com.intuit.karate.driver.chrome_1743082460412 - << {"method":"Target.targetCreated","params":{"targetInfo":{"targetId":"B8AA688693430781353DF58D17947767","type":"background_page","title":"Google Network Speech","url":"chrome-extension://neajdppkdcdipfabeoofebfddakdcjhd/_generated_background_page.html","attached":false,"canAccessOpener":false,"browserContextId":"41760E917F201A413B7D2A1AC40A4010"}},"sessionId":"C7348E9B49833CC6A7FD00261CEECB3B"}
20:34:21.670 [nioEventLoopGroup-2-1] DEBUG com.jayway.jsonpath.internal.path.CompiledPath - Evaluating path: $
20:34:21.670 [nioEventLoopGroup-2-1] DEBUG com.intuit.karate.driver.chrome_1743082460412 - << {"id":3,"result":{},"sessionId":"C7348E9B49833CC6A7FD00261CEECB3B"}
20:34:21.670 [nioEventLoopGroup-2-1] DEBUG com.jayway.jsonpath.internal.path.CompiledPath - Evaluating path: $
[...]
20:34:29.793 [main] DEBUG org.apache.velocity.macro - added VM numberArray: source=org.apache.velocity.Template@987455b
20:34:29.793 [main] DEBUG org.apache.velocity.loader - ResourceManager: found /templates/macros/array.js.vm with loader org.apache.velocity.runtime.resource.loader.ClasspathResourceLoader
20:34:29.793 [main] DEBUG org.apache.velocity.macro - added VM includeBuildInfo: source=org.apache.velocity.Template@2ec3633f
20:34:29.793 [main] DEBUG org.apache.velocity.loader - ResourceManager: found /templates/macros/page/buildinfo.vm with loader org.apache.velocity.runtime.resource.loader.ClasspathResourceLoader
20:34:29.793 [main] DEBUG org.apache.velocity.macro - added VM includeClassifications: source=org.apache.velocity.Template@15b82644
20:34:29.793 [main] DEBUG org.apache.velocity.loader - ResourceManager: found /templates/macros/page/classifications.vm with loader org.apache.velocity.runtime.resource.loader.ClasspathResourceLoader
20:34:29.793 [main] DEBUG org.apache.velocity.macro - added VM includeLead: source=org.apache.velocity.Template@45c2e0a6
20:34:29.793 [main] DEBUG org.apache.velocity.loader - ResourceManager: found /templates/macros/page/lead.vm with loader org.apache.velocity.runtime.resource.loader.ClasspathResourceLoader
20:34:29.794 [main] DEBUG org.apache.velocity.macro - added VM includeNavigation: source=org.apache.velocity.Template@3b1ed14b
20:34:29.794 [main] DEBUG org.apache.velocity.loader - ResourceManager: found /templates/macros/page/navigation.vm with loader org.apache.velocity.runtime.resource.loader.ClasspathResourceLoader
20:34:29.794 [main] DEBUG org.apache.velocity.macro - added VM includeReportInfo: source=org.apache.velocity.Template@475646d4
20:34:29.794 [main] DEBUG org.apache.velocity.loader - ResourceManager: found /templates/macros/page/reportInfo.vm with loader org.apache.velocity.runtime.resource.loader.ClasspathResourceLoader
20:34:29.794 [main] DEBUG org.apache.velocity.macro - added VM includeTitle: source=org.apache.velocity.Template@1debc91c
20:34:29.794 [main] DEBUG org.apache.velocity.loader - ResourceManager: found /templates/macros/page/title.vm with loader org.apache.velocity.runtime.resource.loader.ClasspathResourceLoader
20:34:29.794 [main] DEBUG org.apache.velocity.macro - added VM includeExpandingButtons: source=org.apache.velocity.Template@6ec7bce0
20:34:29.795 [main] DEBUG org.apache.velocity.loader - ResourceManager: found /templates/macros/report/expandAllButtons.vm with loader org.apache.velocity.runtime.resource.loader.ClasspathResourceLoader
20:34:29.795 [main] DEBUG org.apache.velocity.macro - added VM includeReportTable: source=org.apache.velocity.Template@5c448433
20:34:29.795 [main] DEBUG org.apache.velocity.loader - ResourceManager: found /templates/macros/report/reportTable.vm with loader org.apache.velocity.runtime.resource.loader.ClasspathResourceLoader
20:34:29.795 [main] DEBUG org.apache.velocity.macro - added VM includeReportHeader: source=org.apache.velocity.Template@13741d5a
20:34:29.795 [main] DEBUG org.apache.velocity.loader - ResourceManager: found /templates/macros/report/reportHeader.vm with loader org.apache.velocity.runtime.resource.loader.ClasspathResourceLoader
20:34:29.798 [main] DEBUG org.apache.velocity.macro - added VM includeStatsTable: source=org.apache.velocity.Template@26221bad
20:34:29.798 [main] DEBUG org.apache.velocity.loader - ResourceManager: found /templates/macros/report/statsTable.vm with loader org.apache.velocity.runtime.resource.loader.ClasspathResourceLoader
20:34:29.798 [main] DEBUG org.apache.velocity.macro - added VM includeBrief: source=org.apache.velocity.Template@5aaaa446
20:34:29.798 [main] DEBUG org.apache.velocity.loader - ResourceManager: found /templates/macros/json/brief.vm with loader org.apache.velocity.runtime.resource.loader.ClasspathResourceLoader
20:34:29.799 [main] DEBUG org.apache.velocity.macro - added VM includeDocString: source=org.apache.velocity.Template@7d9ba6c
20:34:29.799 [main] DEBUG org.apache.velocity.loader - ResourceManager: found /templates/macros/json/docstring.vm with loader org.apache.velocity.runtime.resource.loader.ClasspathResourceLoader
20:34:29.799 [main] DEBUG org.apache.velocity.macro - added VM includeDuration: source=org.apache.velocity.Template@5d425813
20:34:29.799 [main] DEBUG org.apache.velocity.loader - ResourceManager: found /templates/macros/json/duration.vm with loader org.apache.velocity.runtime.resource.loader.ClasspathResourceLoader
20:34:29.800 [main] DEBUG org.apache.velocity.macro - added VM includeElement: source=org.apache.velocity.Template@278667fd
20:34:29.800 [main] DEBUG org.apache.velocity.loader - ResourceManager: found /templates/macros/json/element.vm with loader org.apache.velocity.runtime.resource.loader.ClasspathResourceLoader
20:34:29.806 [main] DEBUG org.apache.velocity.macro - added VM includeEmbeddings: source=org.apache.velocity.Template@1a2909ae
20:34:29.806 [main] DEBUG org.apache.velocity.macro - added VM includeHtmlEmbedding: source=org.apache.velocity.Template@1a2909ae
20:34:29.806 [main] DEBUG org.apache.velocity.macro - added VM includeVideoEmbedding: source=org.apache.velocity.Template@1a2909ae
20:34:29.806 [main] DEBUG org.apache.velocity.macro - added VM includeImageEmbedding: source=org.apache.velocity.Template@1a2909ae
20:34:29.807 [main] DEBUG org.apache.velocity.macro - added VM includeImageReferenceEmbedding: source=org.apache.velocity.Template@1a2909ae
20:34:29.808 [main] DEBUG org.apache.velocity.macro - added VM includeTextEmbedding: source=org.apache.velocity.Template@1a2909ae
20:34:29.808 [main] DEBUG org.apache.velocity.macro - added VM includeUnknownEmbedding: source=org.apache.velocity.Template@1a2909ae
20:34:29.808 [main] DEBUG org.apache.velocity.loader - ResourceManager: found /templates/macros/json/embeddings.vm with loader org.apache.velocity.runtime.resource.loader.ClasspathResourceLoader
20:34:29.831 [main] DEBUG org.apache.velocity.macro - added VM includeHooks: source=org.apache.velocity.Template@42b6d0cc
20:34:29.831 [main] DEBUG org.apache.velocity.loader - ResourceManager: found /templates/macros/json/hooks.vm with loader org.apache.velocity.runtime.resource.loader.ClasspathResourceLoader
20:34:29.832 [main] DEBUG org.apache.velocity.macro - added VM includeOutput: source=org.apache.velocity.Template@14b7786
20:34:29.832 [main] DEBUG org.apache.velocity.loader - ResourceManager: found /templates/macros/json/output.vm with loader org.apache.velocity.runtime.resource.loader.ClasspathResourceLoader
20:34:29.836 [main] DEBUG org.apache.velocity.macro - added VM includeMessage: source=org.apache.velocity.Template@2620e717
20:34:29.836 [main] DEBUG org.apache.velocity.loader - ResourceManager: found /templates/macros/json/message.vm with loader org.apache.velocity.runtime.resource.loader.ClasspathResourceLoader
20:34:29.837 [main] DEBUG org.apache.velocity.macro - added VM includeSteps: source=org.apache.velocity.Template@a0db585
20:34:29.837 [main] DEBUG org.apache.velocity.loader - ResourceManager: found /templates/macros/json/steps.vm with loader org.apache.velocity.runtime.resource.loader.ClasspathResourceLoader
20:34:29.837 [main] DEBUG org.apache.velocity.macro - added VM includeStepName: source=org.apache.velocity.Template@7fd26ad8
20:34:29.837 [main] DEBUG org.apache.velocity.loader - ResourceManager: found /templates/macros/json/stepName.vm with loader org.apache.velocity.runtime.resource.loader.ClasspathResourceLoader
20:34:29.838 [main] DEBUG org.apache.velocity.macro - added VM includeTags: source=org.apache.velocity.Template@10823d72
20:34:29.838 [main] DEBUG org.apache.velocity.loader - ResourceManager: found /templates/macros/json/tags.vm with loader org.apache.velocity.runtime.resource.loader.ClasspathResourceLoader
20:34:29.842 [main] DEBUG org.apache.velocity.loader - ResourceManager: found /templates/footer.vm with loader org.apache.velocity.runtime.resource.loader.ClasspathResourceLoader
20:34:29.842 [main] DEBUG org.apache.velocity - Initializing Velocity, Calling init()...
20:34:29.842 [main] DEBUG org.apache.velocity - Starting Apache Velocity v2.0
20:34:29.842 [main] DEBUG org.apache.velocity - Default Properties resource: org/apache/velocity/runtime/defaults/velocity.properties
20:34:29.842 [main] DEBUG org.apache.velocity - ResourceLoader instantiated: org.apache.velocity.runtime.resource.loader.ClasspathResourceLoader
20:34:29.842 [main] DEBUG org.apache.velocity - initialized (class org.apache.velocity.runtime.resource.ResourceCacheImpl) with class java.util.Collections$SynchronizedMap cache map.
20:34:29.843 [main] DEBUG org.apache.velocity - Loaded System Directive: org.apache.velocity.runtime.directive.Stop
20:34:29.843 [main] DEBUG org.apache.velocity - Loaded System Directive: org.apache.velocity.runtime.directive.Define
20:34:29.843 [main] DEBUG org.apache.velocity - Loaded System Directive: org.apache.velocity.runtime.directive.Break
20:34:29.843 [main] DEBUG org.apache.velocity - Loaded System Directive: org.apache.velocity.runtime.directive.Evaluate
20:34:29.843 [main] DEBUG org.apache.velocity - Loaded System Directive: org.apache.velocity.runtime.directive.Macro
20:34:29.843 [main] DEBUG org.apache.velocity - Loaded System Directive: org.apache.velocity.runtime.directive.Parse
20:34:29.843 [main] DEBUG org.apache.velocity - Loaded System Directive: org.apache.velocity.runtime.directive.Include
20:34:29.843 [main] DEBUG org.apache.velocity - Loaded System Directive: org.apache.velocity.runtime.directive.Foreach
20:34:29.844 [main] DEBUG org.apache.velocity.parser - Created '20' parsers.
20:34:29.844 [main] DEBUG org.apache.velocity.macro - "velocimacro.library.path" is not set. Trying default library: velocimacros.vtl
20:34:29.844 [main] DEBUG org.apache.velocity.loader.class - Could not load resource 'velocimacros.vtl' from ResourceLoader org.apache.velocity.runtime.resource.loader.ClasspathResourceLoader
20:34:29.844 [main] DEBUG org.apache.velocity.macro - Default library velocimacros.vtl not found. Trying old default library: VM_global_library.vm
20:34:29.844 [main] DEBUG org.apache.velocity.loader.class - Could not load resource 'VM_global_library.vm' from ResourceLoader org.apache.velocity.runtime.resource.loader.ClasspathResourceLoader
20:34:29.844 [main] DEBUG org.apache.velocity.macro - Old default library VM_global_library.vm not found.
20:34:29.844 [main] DEBUG org.apache.velocity.macro - allowInline = true: VMs can be defined inline in templates
20:34:29.844 [main] DEBUG org.apache.velocity.macro - allowInlineToOverride = false: VMs defined inline may NOT replace previous VM definitions
20:34:29.844 [main] DEBUG org.apache.velocity.macro - allowInlineLocal = false: VMs defined inline will be global in scope if allowed.
20:34:29.844 [main] DEBUG org.apache.velocity.macro - autoload off: VM system will not automatically reload global library macros
20:34:29.845 [main] DEBUG org.apache.velocity.loader - ResourceManager: found templates/generators/overviewFailures.vm with loader org.apache.velocity.runtime.resource.loader.ClasspathResourceLoader
20:34:29.846 [main] DEBUG org.apache.velocity.loader - ResourceManager: found /templates/headers.vm with loader org.apache.velocity.runtime.resource.loader.ClasspathResourceLoader
20:34:29.846 [main] DEBUG org.apache.velocity.loader - ResourceManager: found /templates/head.vm with loader org.apache.velocity.runtime.resource.loader.ClasspathResourceLoader
20:34:29.847 [main] DEBUG org.apache.velocity.macro - added VM stringArray: source=org.apache.velocity.Template@49ec6a9f
20:34:29.847 [main] DEBUG org.apache.velocity.macro - added VM numberArray: source=org.apache.velocity.Template@49ec6a9f
20:34:29.847 [main] DEBUG org.apache.velocity.loader - ResourceManager: found /templates/macros/array.js.vm with loader org.apache.velocity.runtime.resource.loader.ClasspathResourceLoader
20:34:29.848 [main] DEBUG org.apache.velocity.macro - added VM includeBuildInfo: source=org.apache.velocity.Template@103082dd
20:34:29.848 [main] DEBUG org.apache.velocity.loader - ResourceManager: found /templates/macros/page/buildinfo.vm with loader org.apache.velocity.runtime.resource.loader.ClasspathResourceLoader
20:34:29.848 [main] DEBUG org.apache.velocity.macro - added VM includeClassifications: source=org.apache.velocity.Template@64fe9da7
20:34:29.848 [main] DEBUG org.apache.velocity.loader - ResourceManager: found /templates/macros/page/classifications.vm with loader org.apache.velocity.runtime.resource.loader.ClasspathResourceLoader
20:34:29.848 [main] DEBUG org.apache.velocity.macro - added VM includeLead: source=org.apache.velocity.Template@77ec6a3d
20:34:29.848 [main] DEBUG org.apache.velocity.loader - ResourceManager: found /templates/macros/page/lead.vm with loader org.apache.velocity.runtime.resource.loader.ClasspathResourceLoader
20:34:29.848 [main] DEBUG org.apache.velocity.macro - added VM includeNavigation: source=org.apache.velocity.Template@17c2d509
20:34:29.848 [main] DEBUG org.apache.velocity.loader - ResourceManager: found /templates/macros/page/navigation.vm with loader org.apache.velocity.runtime.resource.loader.ClasspathResourceLoader
20:34:29.849 [main] DEBUG org.apache.velocity.macro - added VM includeReportInfo: source=org.apache.velocity.Template@245ec1a6
20:34:29.849 [main] DEBUG org.apache.velocity.loader - ResourceManager: found /templates/macros/page/reportInfo.vm with loader org.apache.velocity.runtime.resource.loader.ClasspathResourceLoader
20:34:29.849 [main] DEBUG org.apache.velocity.macro - added VM includeTitle: source=org.apache.velocity.Template@34d4860f
20:34:29.849 [main] DEBUG org.apache.velocity.loader - ResourceManager: found /templates/macros/page/title.vm with loader org.apache.velocity.runtime.resource.loader.ClasspathResourceLoader
20:34:29.850 [main] DEBUG org.apache.velocity.macro - added VM includeExpandingButtons: source=org.apache.velocity.Template@3062f9f4
20:34:29.850 [main] DEBUG org.apache.velocity.loader - ResourceManager: found /templates/macros/report/expandAllButtons.vm with loader org.apache.velocity.runtime.resource.loader.ClasspathResourceLoader
20:34:29.850 [main] DEBUG org.apache.velocity.macro - added VM includeReportTable: source=org.apache.velocity.Template@5a237731
20:34:29.850 [main] DEBUG org.apache.velocity.loader - ResourceManager: found /templates/macros/report/reportTable.vm with loader org.apache.velocity.runtime.resource.loader.ClasspathResourceLoader
20:34:29.851 [main] DEBUG org.apache.velocity.macro - added VM includeReportHeader: source=org.apache.velocity.Template@51a6cc2a
20:34:29.851 [main] DEBUG org.apache.velocity.loader - ResourceManager: found /templates/macros/report/reportHeader.vm with loader org.apache.velocity.runtime.resource.loader.ClasspathResourceLoader
20:34:29.851 [main] DEBUG org.apache.velocity.macro - added VM includeStatsTable: source=org.apache.velocity.Template@4f6b687e
20:34:29.851 [main] DEBUG org.apache.velocity.loader - ResourceManager: found /templates/macros/report/statsTable.vm with loader org.apache.velocity.runtime.resource.loader.ClasspathResourceLoader
20:34:29.851 [main] DEBUG org.apache.velocity.macro - added VM includeBrief: source=org.apache.velocity.Template@6cfd9a54
20:34:29.851 [main] DEBUG org.apache.velocity.loader - ResourceManager: found /templates/macros/json/brief.vm with loader org.apache.velocity.runtime.resource.loader.ClasspathResourceLoader
20:34:29.852 [main] DEBUG org.apache.velocity.macro - added VM includeDocString: source=org.apache.velocity.Template@73fb1d7f
20:34:29.852 [main] DEBUG org.apache.velocity.loader - ResourceManager: found /templates/macros/json/docstring.vm with loader org.apache.velocity.runtime.resource.loader.ClasspathResourceLoader
20:34:29.852 [main] DEBUG org.apache.velocity.macro - added VM includeDuration: source=org.apache.velocity.Template@5a2fa51f
20:34:29.852 [main] DEBUG org.apache.velocity.loader - ResourceManager: found /templates/macros/json/duration.vm with loader org.apache.velocity.runtime.resource.loader.ClasspathResourceLoader
20:34:29.852 [main] DEBUG org.apache.velocity.macro - added VM includeElement: source=org.apache.velocity.Template@49ede9c7
20:34:29.852 [main] DEBUG org.apache.velocity.loader - ResourceManager: found /templates/macros/json/element.vm with loader org.apache.velocity.runtime.resource.loader.ClasspathResourceLoader
20:34:29.854 [main] DEBUG org.apache.velocity.macro - added VM includeEmbeddings: source=org.apache.velocity.Template@19f7222e
20:34:29.854 [main] DEBUG org.apache.velocity.macro - added VM includeHtmlEmbedding: source=org.apache.velocity.Template@19f7222e
20:34:29.854 [main] DEBUG org.apache.velocity.macro - added VM includeVideoEmbedding: source=org.apache.velocity.Template@19f7222e
20:34:29.854 [main] DEBUG org.apache.velocity.macro - added VM includeImageEmbedding: source=org.apache.velocity.Template@19f7222e
20:34:29.854 [main] DEBUG org.apache.velocity.macro - added VM includeImageReferenceEmbedding: source=org.apache.velocity.Template@19f7222e
20:34:29.854 [main] DEBUG org.apache.velocity.macro - added VM includeTextEmbedding: source=org.apache.velocity.Template@19f7222e
20:34:29.854 [main] DEBUG org.apache.velocity.macro - added VM includeUnknownEmbedding: source=org.apache.velocity.Template@19f7222e
20:34:29.854 [main] DEBUG org.apache.velocity.loader - ResourceManager: found /templates/macros/json/embeddings.vm with loader org.apache.velocity.runtime.resource.loader.ClasspathResourceLoader
20:34:29.855 [main] DEBUG org.apache.velocity.macro - added VM includeHooks: source=org.apache.velocity.Template@2412a42b
20:34:29.855 [main] DEBUG org.apache.velocity.loader - ResourceManager: found /templates/macros/json/hooks.vm with loader org.apache.velocity.runtime.resource.loader.ClasspathResourceLoader
20:34:29.855 [main] DEBUG org.apache.velocity.macro - added VM includeOutput: source=org.apache.velocity.Template@5cbe2654
20:34:29.855 [main] DEBUG org.apache.velocity.loader - ResourceManager: found /templates/macros/json/output.vm with loader org.apache.velocity.runtime.resource.loader.ClasspathResourceLoader
20:34:29.856 [main] DEBUG org.apache.velocity.macro - added VM includeMessage: source=org.apache.velocity.Template@7c251f90
20:34:29.856 [main] DEBUG org.apache.velocity.loader - ResourceManager: found /templates/macros/json/message.vm with loader org.apache.velocity.runtime.resource.loader.ClasspathResourceLoader
20:34:29.857 [main] DEBUG org.apache.velocity.macro - added VM includeSteps: source=org.apache.velocity.Template@435e60ff
20:34:29.857 [main] DEBUG org.apache.velocity.loader - ResourceManager: found /templates/macros/json/steps.vm with loader org.apache.velocity.runtime.resource.loader.ClasspathResourceLoader
20:34:29.857 [main] DEBUG org.apache.velocity.macro - added VM includeStepName: source=org.apache.velocity.Template@2e6f610d
20:34:29.857 [main] DEBUG org.apache.velocity.loader - ResourceManager: found /templates/macros/json/stepName.vm with loader org.apache.velocity.runtime.resource.loader.ClasspathResourceLoader
20:34:29.858 [main] DEBUG org.apache.velocity.macro - added VM includeTags: source=org.apache.velocity.Template@741f8dbe
20:34:29.858 [main] DEBUG org.apache.velocity.loader - ResourceManager: found /templates/macros/json/tags.vm with loader org.apache.velocity.runtime.resource.loader.ClasspathResourceLoader
20:34:29.858 [main] DEBUG org.apache.velocity.loader - ResourceManager: found /templates/footer.vm with loader org.apache.velocity.runtime.resource.loader.ClasspathResourceLoader
Report Directory: target/karate-reports
]]></system-out>
    <system-err><![CDATA[Mar 27, 2025 8:34:29 PM net.masterthought.cucumber.ReportParser parseJsonFiles
INFO: File '/Users/curryhoang/KarateFrameWork/target/karate-reports/Karate.Demo.Test.json' contains 1 features
]]></system-err>
  </testcase>
</testsuite>