<?xml version="1.0" encoding="UTF-8"?>
<testsuite xmlns:xsi="http://www.w3.org/2001/XMLSchema-instance" xsi:noNamespaceSchemaLocation="https://maven.apache.org/surefire/maven-surefire-plugin/xsd/surefire-test-report-3.0.xsd" version="3.0" name="Karate.Demo.TestRunner" time="11.701" tests="1" errors="0" skipped="0" failures="0">
  <properties>
[...]
</properties>
  <testcase name="testAll" classname="Karate.Demo.TestRunner" time="11.694">
    <system-out><![CDATA[16:32:08.263 [main] INFO com.intuit.karate.Suite - backed up existing 'target/karate-reports' dir to: target/karate-reports_1742981528260
16:32:08.801 [pool-2-thread-2] DEBUG org.apache.http.client.protocol.RequestAddCookies - CookieSpec selected: karate
16:32:08.801 [pool-2-thread-1] DEBUG org.apache.http.client.protocol.RequestAddCookies - CookieSpec selected: karate
16:32:08.803 [pool-2-thread-2] DEBUG org.apache.http.client.protocol.RequestAuthCache - Auth cache not set in the context
16:32:08.803 [pool-2-thread-1] DEBUG org.apache.http.client.protocol.RequestAuthCache - Auth cache not set in the context
16:32:08.804 [pool-2-thread-2] DEBUG com.intuit.karate - request:
1 > GET https://reqres.in/api/users/2
1 > Host: reqres.in
1 > Connection: Keep-Alive
1 > User-Agent: Apache-HttpClient/4.5.14 (Java/20)
1 > Accept-Encoding: gzip,deflate


16:32:08.804 [pool-2-thread-1] DEBUG com.intuit.karate - request:
1 > GET https://reqres.in/api/users/23
1 > Host: reqres.in
1 > Connection: Keep-Alive
1 > User-Agent: Apache-HttpClient/4.5.14 (Java/20)
1 > Accept-Encoding: gzip,deflate


16:32:08.805 [pool-2-thread-2] DEBUG org.apache.http.impl.conn.PoolingHttpClientConnectionManager - Connection request: [route: {s}->https://reqres.in:443][total available: 0; route allocated: 0 of 5; total allocated: 0 of 10]
16:32:08.805 [pool-2-thread-1] DEBUG org.apache.http.impl.conn.PoolingHttpClientConnectionManager - Connection request: [route: {s}->https://reqres.in:443][total available: 0; route allocated: 0 of 5; total allocated: 0 of 10]
16:32:08.808 [pool-2-thread-1] DEBUG org.apache.http.impl.conn.PoolingHttpClientConnectionManager - Connection leased: [id: 0][route: {s}->https://reqres.in:443][total available: 0; route allocated: 1 of 5; total allocated: 1 of 10]
16:32:08.808 [pool-2-thread-2] DEBUG org.apache.http.impl.conn.PoolingHttpClientConnectionManager - Connection leased: [id: 1][route: {s}->https://reqres.in:443][total available: 0; route allocated: 1 of 5; total allocated: 1 of 10]
16:32:08.808 [pool-2-thread-2] DEBUG org.apache.http.impl.execchain.MainClientExec - Opening connection {s}->https://reqres.in:443
16:32:08.808 [pool-2-thread-1] DEBUG org.apache.http.impl.execchain.MainClientExec - Opening connection {s}->https://reqres.in:443
16:32:08.941 [pool-2-thread-1] DEBUG org.apache.http.impl.conn.DefaultHttpClientConnectionOperator - Connecting to reqres.in/104.26.10.213:443
16:32:08.941 [pool-2-thread-2] DEBUG org.apache.http.impl.conn.DefaultHttpClientConnectionOperator - Connecting to reqres.in/104.26.10.213:443
16:32:08.942 [pool-2-thread-1] DEBUG org.apache.http.conn.ssl.SSLConnectionSocketFactory - Connecting socket to reqres.in/104.26.10.213:443 with timeout 30000
16:32:08.942 [pool-2-thread-2] DEBUG org.apache.http.conn.ssl.SSLConnectionSocketFactory - Connecting socket to reqres.in/104.26.10.213:443 with timeout 30000
16:32:08.995 [pool-2-thread-2] DEBUG org.apache.http.conn.ssl.SSLConnectionSocketFactory - Enabled protocols: [TLSv1.3, TLSv1.2]
16:32:08.995 [pool-2-thread-2] DEBUG org.apache.http.conn.ssl.SSLConnectionSocketFactory - Enabled cipher suites:[TLS_AES_256_GCM_SHA384, TLS_AES_128_GCM_SHA256, TLS_CHACHA20_POLY1305_SHA256, TLS_ECDHE_ECDSA_WITH_AES_256_GCM_SHA384, TLS_ECDHE_ECDSA_WITH_AES_128_GCM_SHA256, TLS_ECDHE_ECDSA_WITH_CHACHA20_POLY1305_SHA256, TLS_ECDHE_RSA_WITH_AES_256_GCM_SHA384, TLS_ECDHE_RSA_WITH_CHACHA20_POLY1305_SHA256, TLS_ECDHE_RSA_WITH_AES_128_GCM_SHA256, TLS_DHE_RSA_WITH_AES_256_GCM_SHA384, TLS_DHE_RSA_WITH_CHACHA20_POLY1305_SHA256, TLS_DHE_DSS_WITH_AES_256_GCM_SHA384, TLS_DHE_RSA_WITH_AES_128_GCM_SHA256, TLS_DHE_DSS_WITH_AES_128_GCM_SHA256, TLS_ECDHE_ECDSA_WITH_AES_256_CBC_SHA384, TLS_ECDHE_RSA_WITH_AES_256_CBC_SHA384, TLS_ECDHE_ECDSA_WITH_AES_128_CBC_SHA256, TLS_ECDHE_RSA_WITH_AES_128_CBC_SHA256, TLS_DHE_RSA_WITH_AES_256_CBC_SHA256, TLS_DHE_DSS_WITH_AES_256_CBC_SHA256, TLS_DHE_RSA_WITH_AES_128_CBC_SHA256, TLS_DHE_DSS_WITH_AES_128_CBC_SHA256, TLS_ECDHE_ECDSA_WITH_AES_256_CBC_SHA, TLS_ECDHE_RSA_WITH_AES_256_CBC_SHA, TLS_ECDHE_ECDSA_WITH_AES_128_CBC_SHA, TLS_ECDHE_RSA_WITH_AES_128_CBC_SHA, TLS_DHE_RSA_WITH_AES_256_CBC_SHA, TLS_DHE_DSS_WITH_AES_256_CBC_SHA, TLS_DHE_RSA_WITH_AES_128_CBC_SHA, TLS_DHE_DSS_WITH_AES_128_CBC_SHA, TLS_RSA_WITH_AES_256_GCM_SHA384, TLS_RSA_WITH_AES_128_GCM_SHA256, TLS_RSA_WITH_AES_256_CBC_SHA256, TLS_RSA_WITH_AES_128_CBC_SHA256, TLS_RSA_WITH_AES_256_CBC_SHA, TLS_RSA_WITH_AES_128_CBC_SHA, TLS_EMPTY_RENEGOTIATION_INFO_SCSV]
16:32:08.996 [pool-2-thread-1] DEBUG org.apache.http.conn.ssl.SSLConnectionSocketFactory - Enabled protocols: [TLSv1.3, TLSv1.2]
16:32:08.996 [pool-2-thread-2] DEBUG org.apache.http.conn.ssl.SSLConnectionSocketFactory - Starting handshake
16:32:08.996 [pool-2-thread-1] DEBUG org.apache.http.conn.ssl.SSLConnectionSocketFactory - Enabled cipher suites:[TLS_AES_256_GCM_SHA384, TLS_AES_128_GCM_SHA256, TLS_CHACHA20_POLY1305_SHA256, TLS_ECDHE_ECDSA_WITH_AES_256_GCM_SHA384, TLS_ECDHE_ECDSA_WITH_AES_128_GCM_SHA256, TLS_ECDHE_ECDSA_WITH_CHACHA20_POLY1305_SHA256, TLS_ECDHE_RSA_WITH_AES_256_GCM_SHA384, TLS_ECDHE_RSA_WITH_CHACHA20_POLY1305_SHA256, TLS_ECDHE_RSA_WITH_AES_128_GCM_SHA256, TLS_DHE_RSA_WITH_AES_256_GCM_SHA384, TLS_DHE_RSA_WITH_CHACHA20_POLY1305_SHA256, TLS_DHE_DSS_WITH_AES_256_GCM_SHA384, TLS_DHE_RSA_WITH_AES_128_GCM_SHA256, TLS_DHE_DSS_WITH_AES_128_GCM_SHA256, TLS_ECDHE_ECDSA_WITH_AES_256_CBC_SHA384, TLS_ECDHE_RSA_WITH_AES_256_CBC_SHA384, TLS_ECDHE_ECDSA_WITH_AES_128_CBC_SHA256, TLS_ECDHE_RSA_WITH_AES_128_CBC_SHA256, TLS_DHE_RSA_WITH_AES_256_CBC_SHA256, TLS_DHE_DSS_WITH_AES_256_CBC_SHA256, TLS_DHE_RSA_WITH_AES_128_CBC_SHA256, TLS_DHE_DSS_WITH_AES_128_CBC_SHA256, TLS_ECDHE_ECDSA_WITH_AES_256_CBC_SHA, TLS_ECDHE_RSA_WITH_AES_256_CBC_SHA, TLS_ECDHE_ECDSA_WITH_AES_128_CBC_SHA, TLS_ECDHE_RSA_WITH_AES_128_CBC_SHA, TLS_DHE_RSA_WITH_AES_256_CBC_SHA, TLS_DHE_DSS_WITH_AES_256_CBC_SHA, TLS_DHE_RSA_WITH_AES_128_CBC_SHA, TLS_DHE_DSS_WITH_AES_128_CBC_SHA, TLS_RSA_WITH_AES_256_GCM_SHA384, TLS_RSA_WITH_AES_128_GCM_SHA256, TLS_RSA_WITH_AES_256_CBC_SHA256, TLS_RSA_WITH_AES_128_CBC_SHA256, TLS_RSA_WITH_AES_256_CBC_SHA, TLS_RSA_WITH_AES_128_CBC_SHA, TLS_EMPTY_RENEGOTIATION_INFO_SCSV]
16:32:08.996 [pool-2-thread-1] DEBUG org.apache.http.conn.ssl.SSLConnectionSocketFactory - Starting handshake
16:32:09.115 [pool-2-thread-1] DEBUG org.apache.http.conn.ssl.SSLConnectionSocketFactory - Secure session established
16:32:09.115 [pool-2-thread-2] DEBUG org.apache.http.conn.ssl.SSLConnectionSocketFactory - Secure session established
16:32:09.116 [pool-2-thread-1] DEBUG org.apache.http.conn.ssl.SSLConnectionSocketFactory -  negotiated protocol: TLSv1.3
16:32:09.116 [pool-2-thread-2] DEBUG org.apache.http.conn.ssl.SSLConnectionSocketFactory -  negotiated protocol: TLSv1.3
16:32:09.116 [pool-2-thread-1] DEBUG org.apache.http.conn.ssl.SSLConnectionSocketFactory -  negotiated cipher suite: TLS_AES_256_GCM_SHA384
16:32:09.116 [pool-2-thread-2] DEBUG org.apache.http.conn.ssl.SSLConnectionSocketFactory -  negotiated cipher suite: TLS_AES_256_GCM_SHA384
16:32:09.116 [pool-2-thread-1] DEBUG org.apache.http.conn.ssl.SSLConnectionSocketFactory -  peer principal: CN=reqres.in
16:32:09.116 [pool-2-thread-2] DEBUG org.apache.http.conn.ssl.SSLConnectionSocketFactory -  peer principal: CN=reqres.in
16:32:09.116 [pool-2-thread-1] DEBUG org.apache.http.conn.ssl.SSLConnectionSocketFactory -  peer alternative names: [reqres.in, *.reqres.in]
16:32:09.116 [pool-2-thread-2] DEBUG org.apache.http.conn.ssl.SSLConnectionSocketFactory -  peer alternative names: [reqres.in, *.reqres.in]
16:32:09.116 [pool-2-thread-1] DEBUG org.apache.http.conn.ssl.SSLConnectionSocketFactory -  issuer principal: CN=WE1, O=Google Trust Services, C=US
16:32:09.116 [pool-2-thread-2] DEBUG org.apache.http.conn.ssl.SSLConnectionSocketFactory -  issuer principal: CN=WE1, O=Google Trust Services, C=US
16:32:09.117 [pool-2-thread-1] DEBUG org.apache.http.impl.conn.DefaultHttpClientConnectionOperator - Connection established 192.168.1.6:54336<->104.26.10.213:443
16:32:09.117 [pool-2-thread-2] DEBUG org.apache.http.impl.conn.DefaultHttpClientConnectionOperator - Connection established 192.168.1.6:54335<->104.26.10.213:443
16:32:09.117 [pool-2-thread-1] DEBUG org.apache.http.impl.conn.DefaultManagedHttpClientConnection - http-outgoing-1: set socket timeout to 30000
16:32:09.117 [pool-2-thread-2] DEBUG org.apache.http.impl.conn.DefaultManagedHttpClientConnection - http-outgoing-0: set socket timeout to 30000
16:32:09.117 [pool-2-thread-1] DEBUG org.apache.http.impl.execchain.MainClientExec - Executing request GET /api/users/23 HTTP/1.1
16:32:09.117 [pool-2-thread-2] DEBUG org.apache.http.impl.execchain.MainClientExec - Executing request GET /api/users/2 HTTP/1.1
16:32:09.117 [pool-2-thread-1] DEBUG org.apache.http.impl.execchain.MainClientExec - Target auth state: UNCHALLENGED
16:32:09.117 [pool-2-thread-2] DEBUG org.apache.http.impl.execchain.MainClientExec - Target auth state: UNCHALLENGED
16:32:09.117 [pool-2-thread-1] DEBUG org.apache.http.impl.execchain.MainClientExec - Proxy auth state: UNCHALLENGED
16:32:09.117 [pool-2-thread-2] DEBUG org.apache.http.impl.execchain.MainClientExec - Proxy auth state: UNCHALLENGED
16:32:09.118 [pool-2-thread-1] DEBUG org.apache.http.headers - http-outgoing-1 >> GET /api/users/23 HTTP/1.1
16:32:09.118 [pool-2-thread-2] DEBUG org.apache.http.headers - http-outgoing-0 >> GET /api/users/2 HTTP/1.1
16:32:09.118 [pool-2-thread-1] DEBUG org.apache.http.headers - http-outgoing-1 >> Host: reqres.in
16:32:09.118 [pool-2-thread-2] DEBUG org.apache.http.headers - http-outgoing-0 >> Host: reqres.in
16:32:09.118 [pool-2-thread-1] DEBUG org.apache.http.headers - http-outgoing-1 >> Connection: Keep-Alive
16:32:09.118 [pool-2-thread-2] DEBUG org.apache.http.headers - http-outgoing-0 >> Connection: Keep-Alive
16:32:09.118 [pool-2-thread-1] DEBUG org.apache.http.headers - http-outgoing-1 >> User-Agent: Apache-HttpClient/4.5.14 (Java/20)
16:32:09.118 [pool-2-thread-2] DEBUG org.apache.http.headers - http-outgoing-0 >> User-Agent: Apache-HttpClient/4.5.14 (Java/20)
16:32:09.118 [pool-2-thread-1] DEBUG org.apache.http.headers - http-outgoing-1 >> Accept-Encoding: gzip,deflate
16:32:09.118 [pool-2-thread-2] DEBUG org.apache.http.headers - http-outgoing-0 >> Accept-Encoding: gzip,deflate
16:32:09.118 [pool-2-thread-1] DEBUG org.apache.http.wire - http-outgoing-1 >> "GET /api/users/23 HTTP/1.1[\r][\n]"
16:32:09.118 [pool-2-thread-2] DEBUG org.apache.http.wire - http-outgoing-0 >> "GET /api/users/2 HTTP/1.1[\r][\n]"
16:32:09.118 [pool-2-thread-2] DEBUG org.apache.http.wire - http-outgoing-0 >> "Host: reqres.in[\r][\n]"
16:32:09.118 [pool-2-thread-1] DEBUG org.apache.http.wire - http-outgoing-1 >> "Host: reqres.in[\r][\n]"
16:32:09.118 [pool-2-thread-2] DEBUG org.apache.http.wire - http-outgoing-0 >> "Connection: Keep-Alive[\r][\n]"
16:32:09.118 [pool-2-thread-1] DEBUG org.apache.http.wire - http-outgoing-1 >> "Connection: Keep-Alive[\r][\n]"
16:32:09.118 [pool-2-thread-2] DEBUG org.apache.http.wire - http-outgoing-0 >> "User-Agent: Apache-HttpClient/4.5.14 (Java/20)[\r][\n]"
16:32:09.118 [pool-2-thread-1] DEBUG org.apache.http.wire - http-outgoing-1 >> "User-Agent: Apache-HttpClient/4.5.14 (Java/20)[\r][\n]"
16:32:09.118 [pool-2-thread-2] DEBUG org.apache.http.wire - http-outgoing-0 >> "Accept-Encoding: gzip,deflate[\r][\n]"
16:32:09.118 [pool-2-thread-1] DEBUG org.apache.http.wire - http-outgoing-1 >> "Accept-Encoding: gzip,deflate[\r][\n]"
16:32:09.118 [pool-2-thread-1] DEBUG org.apache.http.wire - http-outgoing-1 >> "[\r][\n]"
16:32:09.118 [pool-2-thread-2] DEBUG org.apache.http.wire - http-outgoing-0 >> "[\r][\n]"
16:32:09.165 [pool-2-thread-2] DEBUG org.apache.http.wire - http-outgoing-0 << "HTTP/1.1 200 OK[\r][\n]"
16:32:09.165 [pool-2-thread-2] DEBUG org.apache.http.wire - http-outgoing-0 << "Date: Wed, 26 Mar 2025 09:32:09 GMT[\r][\n]"
16:32:09.165 [pool-2-thread-2] DEBUG org.apache.http.wire - http-outgoing-0 << "Content-Type: application/json; charset=utf-8[\r][\n]"
16:32:09.165 [pool-2-thread-2] DEBUG org.apache.http.wire - http-outgoing-0 << "Transfer-Encoding: chunked[\r][\n]"
16:32:09.165 [pool-2-thread-2] DEBUG org.apache.http.wire - http-outgoing-0 << "Connection: keep-alive[\r][\n]"
16:32:09.165 [pool-2-thread-2] DEBUG org.apache.http.wire - http-outgoing-0 << "Report-To: {"group":"heroku-nel","max_age":3600,"endpoints":[{"url":"https://nel.heroku.com/reports?ts=1742883075&sid=c4c9725f-1ab0-44d8-820f-430df2718e11&s=W%2FXrZzBLb0qiXHM46POMGyUTN5nCGFAKAAh%2FDTdd%2F0k%3D"}]}[\r][\n]"
16:32:09.165 [pool-2-thread-2] DEBUG org.apache.http.wire - http-outgoing-0 << "Reporting-Endpoints: heroku-nel=https://nel.heroku.com/reports?ts=1742883075&sid=c4c9725f-1ab0-44d8-820f-430df2718e11&s=W%2FXrZzBLb0qiXHM46POMGyUTN5nCGFAKAAh%2FDTdd%2F0k%3D[\r][\n]"
16:32:09.166 [pool-2-thread-2] DEBUG org.apache.http.wire - http-outgoing-0 << "Nel: {"report_to":"heroku-nel","max_age":3600,"success_fraction":0.005,"failure_fraction":0.05,"response_headers":["Via"]}[\r][\n]"
16:32:09.166 [pool-2-thread-2] DEBUG org.apache.http.wire - http-outgoing-0 << "X-Powered-By: Express[\r][\n]"
16:32:09.166 [pool-2-thread-2] DEBUG org.apache.http.wire - http-outgoing-0 << "Access-Control-Allow-Origin: *[\r][\n]"
16:32:09.166 [pool-2-thread-2] DEBUG org.apache.http.wire - http-outgoing-0 << "Etag: W/"152-ApQgGHL6RKwaebFlrPCYPBO1xHg"[\r][\n]"
16:32:09.166 [pool-2-thread-2] DEBUG org.apache.http.wire - http-outgoing-0 << "Via: 1.1 vegur[\r][\n]"
16:32:09.166 [pool-2-thread-2] DEBUG org.apache.http.wire - http-outgoing-0 << "Cache-Control: max-age=14400[\r][\n]"
16:32:09.166 [pool-2-thread-2] DEBUG org.apache.http.wire - http-outgoing-0 << "CF-Cache-Status: HIT[\r][\n]"
16:32:09.166 [pool-2-thread-2] DEBUG org.apache.http.wire - http-outgoing-0 << "Age: 4624[\r][\n]"
16:32:09.166 [pool-2-thread-2] DEBUG org.apache.http.wire - http-outgoing-0 << "Vary: Accept-Encoding[\r][\n]"
16:32:09.166 [pool-2-thread-2] DEBUG org.apache.http.wire - http-outgoing-0 << "Server: cloudflare[\r][\n]"
16:32:09.166 [pool-2-thread-2] DEBUG org.apache.http.wire - http-outgoing-0 << "CF-RAY: 9265a39d496d3e00-SIN[\r][\n]"
16:32:09.166 [pool-2-thread-2] DEBUG org.apache.http.wire - http-outgoing-0 << "Content-Encoding: gzip[\r][\n]"
16:32:09.166 [pool-2-thread-2] DEBUG org.apache.http.wire - http-outgoing-0 << "server-timing: cfL4;desc="?proto=TCP&rtt=29102&min_rtt=28969&rtt_var=11130&sent=5&recv=7&lost=0&retrans=0&sent_bytes=3109&recv_bytes=741&delivery_rate=143827&cwnd=252&unsent_bytes=0&cid=3745f30840a120f6&ts=96&x=0"[\r][\n]"
16:32:09.166 [pool-2-thread-2] DEBUG org.apache.http.wire - http-outgoing-0 << "[\r][\n]"
16:32:09.166 [pool-2-thread-2] DEBUG org.apache.http.wire - http-outgoing-0 << "f8[\r][\n]"
16:32:09.166 [pool-2-thread-2] DEBUG org.apache.http.wire - http-outgoing-0 << "[0x1f][0x8b][0x8][0x0][0x0][0x0][0x0][0x0][0x0][0x3]M[0x8e][0xc1]j[0xc3]0[0x10]De[0xd9]CO[0xaa][\r]9[\n]"
16:32:09.166 [pool-2-thread-2] DEBUG org.apache.http.wire - http-outgoing-0 << "L[\n]"
16:32:09.166 [pool-2-thread-2] DEBUG org.apache.http.wire - http-outgoing-0 << "[0xb9][0x95][0x1e][0xb]=[0x86]EZ[0xbb]k,[0xc9]Y[0xad][0x93][0x86][0xe0]/NJ[0xdb][0xe3][0xc]3o[0xe6][0x86][0x91][0x8c][0xd0][0xdf]P"[0xfa][0x9d]CN$[0x13]z[0x1c])[0xb3]5[0x17][0xa6]3[0xeb][0x8b][0xf2]I[0xb9]6[0x92][0xd1]a/Z[0xed][0x98])1z|[0xdd]R[0xe8]p[0xa2]?[0xef][0xe3][0xde]A[0x87]t&#E[0x8f][0x9f]fs[0xf5]m[0xfb][0x8b]i%[\r]mO[0x81]k[0xbb]{[0x96]D[0x3]7[0xe3]<[0xe0][0xea][0xb0].[0xf3]\[0xd4][0xb6]C[0x8b]N[0xff][0xba][0xa1]d[0xe3]l[0x81]b[0xbc]6R[0xf6][0x8b][0xa5]c-[0x8b][0x6][0xee][0x1e][0xd8][0xa7][0xcd]I[0x1c]eI[0xdd]XK[0xbe][0xeb]@i&[0x19]r[0xa7][0xdc][0xb3]*M[0xe8][0xd0][0xf8][0xcb][0xd0][0xe3][0xbb](G(=\TL[0xf2][0x0][0x9c][0xe3][0xc4][0xb5]B-A"
16:32:09.167 [pool-2-thread-2] DEBUG org.apache.http.headers - http-outgoing-0 << HTTP/1.1 200 OK
16:32:09.167 [pool-2-thread-2] DEBUG org.apache.http.headers - http-outgoing-0 << Date: Wed, 26 Mar 2025 09:32:09 GMT
16:32:09.167 [pool-2-thread-2] DEBUG org.apache.http.headers - http-outgoing-0 << Content-Type: application/json; charset=utf-8
16:32:09.167 [pool-2-thread-2] DEBUG org.apache.http.headers - http-outgoing-0 << Transfer-Encoding: chunked
16:32:09.167 [pool-2-thread-2] DEBUG org.apache.http.headers - http-outgoing-0 << Connection: keep-alive
16:32:09.167 [pool-2-thread-2] DEBUG org.apache.http.headers - http-outgoing-0 << Report-To: {"group":"heroku-nel","max_age":3600,"endpoints":[{"url":"https://nel.heroku.com/reports?ts=1742883075&sid=c4c9725f-1ab0-44d8-820f-430df2718e11&s=W%2FXrZzBLb0qiXHM46POMGyUTN5nCGFAKAAh%2FDTdd%2F0k%3D"}]}
16:32:09.167 [pool-2-thread-2] DEBUG org.apache.http.headers - http-outgoing-0 << Reporting-Endpoints: heroku-nel=https://nel.heroku.com/reports?ts=1742883075&sid=c4c9725f-1ab0-44d8-820f-430df2718e11&s=W%2FXrZzBLb0qiXHM46POMGyUTN5nCGFAKAAh%2FDTdd%2F0k%3D
16:32:09.167 [pool-2-thread-2] DEBUG org.apache.http.headers - http-outgoing-0 << Nel: {"report_to":"heroku-nel","max_age":3600,"success_fraction":0.005,"failure_fraction":0.05,"response_headers":["Via"]}
16:32:09.167 [pool-2-thread-2] DEBUG org.apache.http.headers - http-outgoing-0 << X-Powered-By: Express
16:32:09.167 [pool-2-thread-2] DEBUG org.apache.http.headers - http-outgoing-0 << Access-Control-Allow-Origin: *
16:32:09.167 [pool-2-thread-2] DEBUG org.apache.http.headers - http-outgoing-0 << Etag: W/"152-ApQgGHL6RKwaebFlrPCYPBO1xHg"
16:32:09.167 [pool-2-thread-2] DEBUG org.apache.http.headers - http-outgoing-0 << Via: 1.1 vegur
16:32:09.167 [pool-2-thread-2] DEBUG org.apache.http.headers - http-outgoing-0 << Cache-Control: max-age=14400
16:32:09.167 [pool-2-thread-2] DEBUG org.apache.http.headers - http-outgoing-0 << CF-Cache-Status: HIT
16:32:09.167 [pool-2-thread-2] DEBUG org.apache.http.headers - http-outgoing-0 << Age: 4624
16:32:09.167 [pool-2-thread-2] DEBUG org.apache.http.headers - http-outgoing-0 << Vary: Accept-Encoding
16:32:09.167 [pool-2-thread-2] DEBUG org.apache.http.headers - http-outgoing-0 << Server: cloudflare
16:32:09.167 [pool-2-thread-2] DEBUG org.apache.http.headers - http-outgoing-0 << CF-RAY: 9265a39d496d3e00-SIN
16:32:09.167 [pool-2-thread-2] DEBUG org.apache.http.headers - http-outgoing-0 << Content-Encoding: gzip
16:32:09.167 [pool-2-thread-2] DEBUG org.apache.http.headers - http-outgoing-0 << server-timing: cfL4;desc="?proto=TCP&rtt=29102&min_rtt=28969&rtt_var=11130&sent=5&recv=7&lost=0&retrans=0&sent_bytes=3109&recv_bytes=741&delivery_rate=143827&cwnd=252&unsent_bytes=0&cid=3745f30840a120f6&ts=96&x=0"
16:32:09.169 [pool-2-thread-2] DEBUG org.apache.http.impl.execchain.MainClientExec - Connection can be kept alive indefinitely
16:32:09.171 [pool-2-thread-2] DEBUG org.apache.http.wire - http-outgoing-0 << "h[0x82][\r]E[0xf0]3[0xbb][0x87]768<[0x4][0x1c][0xb6][0x13]0pf%c[0x10][0x83][0xbe](\[0xcb][0xd2][0xe0][0xba]~[0x3]u[0x8b]!1R[0x1][0x0][0x0][\r][\n]"
16:32:09.171 [pool-2-thread-2] DEBUG org.apache.http.impl.conn.DefaultManagedHttpClientConnection - http-outgoing-0: Close connection
16:32:09.172 [pool-2-thread-1] DEBUG org.apache.http.wire - http-outgoing-1 << "HTTP/1.1 404 Not Found[\r][\n]"
16:32:09.172 [pool-2-thread-1] DEBUG org.apache.http.wire - http-outgoing-1 << "Date: Wed, 26 Mar 2025 09:32:09 GMT[\r][\n]"
16:32:09.172 [pool-2-thread-1] DEBUG org.apache.http.wire - http-outgoing-1 << "Content-Type: application/json; charset=utf-8[\r][\n]"
16:32:09.172 [pool-2-thread-1] DEBUG org.apache.http.wire - http-outgoing-1 << "Content-Length: 2[\r][\n]"
16:32:09.172 [pool-2-thread-1] DEBUG org.apache.http.wire - http-outgoing-1 << "Connection: keep-alive[\r][\n]"
16:32:09.172 [pool-2-thread-1] DEBUG org.apache.http.wire - http-outgoing-1 << "Report-To: {"group":"heroku-nel","max_age":3600,"endpoints":[{"url":"https://nel.heroku.com/reports?ts=1742981406&sid=c4c9725f-1ab0-44d8-820f-430df2718e11&s=XmXb7gBFrqiMLPh2Kj%2BzOItfN7JY5GUW%2FPTA%2BGOM9%2Fk%3D"}]}[\r][\n]"
16:32:09.172 [pool-2-thread-1] DEBUG org.apache.http.wire - http-outgoing-1 << "Reporting-Endpoints: heroku-nel=https://nel.heroku.com/reports?ts=1742981406&sid=c4c9725f-1ab0-44d8-820f-430df2718e11&s=XmXb7gBFrqiMLPh2Kj%2BzOItfN7JY5GUW%2FPTA%2BGOM9%2Fk%3D[\r][\n]"
16:32:09.172 [pool-2-thread-1] DEBUG org.apache.http.wire - http-outgoing-1 << "Nel: {"report_to":"heroku-nel","max_age":3600,"success_fraction":0.005,"failure_fraction":0.05,"response_headers":["Via"]}[\r][\n]"
16:32:09.172 [pool-2-thread-1] DEBUG org.apache.http.wire - http-outgoing-1 << "X-Powered-By: Express[\r][\n]"
16:32:09.172 [pool-2-thread-1] DEBUG org.apache.http.wire - http-outgoing-1 << "Access-Control-Allow-Origin: *[\r][\n]"
16:32:09.172 [pool-2-thread-1] DEBUG org.apache.http.wire - http-outgoing-1 << "Etag: W/"2-vyGp6PvFo4RvsFtPoIWeCReyIC8"[\r][\n]"
16:32:09.172 [pool-2-thread-1] DEBUG org.apache.http.wire - http-outgoing-1 << "Via: 1.1 vegur[\r][\n]"
16:32:09.172 [pool-2-thread-1] DEBUG org.apache.http.wire - http-outgoing-1 << "Cache-Control: max-age=14400[\r][\n]"
16:32:09.172 [pool-2-thread-1] DEBUG org.apache.http.wire - http-outgoing-1 << "CF-Cache-Status: HIT[\r][\n]"
16:32:09.172 [pool-2-thread-1] DEBUG org.apache.http.wire - http-outgoing-1 << "Age: 123[\r][\n]"
16:32:09.172 [pool-2-thread-1] DEBUG org.apache.http.wire - http-outgoing-1 << "Vary: Accept-Encoding[\r][\n]"
16:32:09.172 [pool-2-thread-1] DEBUG org.apache.http.wire - http-outgoing-1 << "Server: cloudflare[\r][\n]"
16:32:09.172 [pool-2-thread-1] DEBUG org.apache.http.wire - http-outgoing-1 << "CF-RAY: 9265a39d48f1a8c3-SIN[\r][\n]"
16:32:09.172 [pool-2-thread-1] DEBUG org.apache.http.wire - http-outgoing-1 << "server-timing: cfL4;desc="?proto=TCP&rtt=32910&min_rtt=32719&rtt_var=12406&sent=5&recv=7&lost=0&retrans=0&sent_bytes=3110&recv_bytes=742&delivery_rate=132033&cwnd=252&unsent_bytes=0&cid=a433f5303059354b&ts=102&x=0"[\r][\n]"
16:32:09.172 [pool-2-thread-1] DEBUG org.apache.http.wire - http-outgoing-1 << "[\r][\n]"
16:32:09.172 [pool-2-thread-1] DEBUG org.apache.http.wire - http-outgoing-1 << "{}"
16:32:09.172 [pool-2-thread-2] DEBUG org.apache.http.impl.execchain.MainClientExec - Connection discarded
16:32:09.172 [pool-2-thread-1] DEBUG org.apache.http.headers - http-outgoing-1 << HTTP/1.1 404 Not Found
16:32:09.172 [pool-2-thread-2] DEBUG org.apache.http.impl.conn.PoolingHttpClientConnectionManager - Connection released: [id: 1][route: {s}->https://reqres.in:443][total available: 0; route allocated: 0 of 5; total allocated: 0 of 10]
16:32:09.173 [pool-2-thread-2] DEBUG org.apache.http.impl.conn.PoolingHttpClientConnectionManager - Connection manager is shutting down
16:32:09.173 [pool-2-thread-1] DEBUG org.apache.http.headers - http-outgoing-1 << Date: Wed, 26 Mar 2025 09:32:09 GMT
16:32:09.173 [pool-2-thread-1] DEBUG org.apache.http.headers - http-outgoing-1 << Content-Type: application/json; charset=utf-8
16:32:09.173 [pool-2-thread-1] DEBUG org.apache.http.headers - http-outgoing-1 << Content-Length: 2
16:32:09.173 [pool-2-thread-1] DEBUG org.apache.http.headers - http-outgoing-1 << Connection: keep-alive
16:32:09.173 [pool-2-thread-1] DEBUG org.apache.http.headers - http-outgoing-1 << Report-To: {"group":"heroku-nel","max_age":3600,"endpoints":[{"url":"https://nel.heroku.com/reports?ts=1742981406&sid=c4c9725f-1ab0-44d8-820f-430df2718e11&s=XmXb7gBFrqiMLPh2Kj%2BzOItfN7JY5GUW%2FPTA%2BGOM9%2Fk%3D"}]}
16:32:09.173 [pool-2-thread-1] DEBUG org.apache.http.headers - http-outgoing-1 << Reporting-Endpoints: heroku-nel=https://nel.heroku.com/reports?ts=1742981406&sid=c4c9725f-1ab0-44d8-820f-430df2718e11&s=XmXb7gBFrqiMLPh2Kj%2BzOItfN7JY5GUW%2FPTA%2BGOM9%2Fk%3D
16:32:09.173 [pool-2-thread-1] DEBUG org.apache.http.headers - http-outgoing-1 << Nel: {"report_to":"heroku-nel","max_age":3600,"success_fraction":0.005,"failure_fraction":0.05,"response_headers":["Via"]}
16:32:09.173 [pool-2-thread-1] DEBUG org.apache.http.headers - http-outgoing-1 << X-Powered-By: Express
16:32:09.173 [pool-2-thread-2] DEBUG org.apache.http.impl.conn.PoolingHttpClientConnectionManager - Connection manager shut down
16:32:09.173 [pool-2-thread-1] DEBUG org.apache.http.headers - http-outgoing-1 << Access-Control-Allow-Origin: *
16:32:09.173 [pool-2-thread-1] DEBUG org.apache.http.headers - http-outgoing-1 << Etag: W/"2-vyGp6PvFo4RvsFtPoIWeCReyIC8"
16:32:09.173 [pool-2-thread-1] DEBUG org.apache.http.headers - http-outgoing-1 << Via: 1.1 vegur
16:32:09.173 [pool-2-thread-1] DEBUG org.apache.http.headers - http-outgoing-1 << Cache-Control: max-age=14400
16:32:09.173 [pool-2-thread-1] DEBUG org.apache.http.headers - http-outgoing-1 << CF-Cache-Status: HIT
16:32:09.173 [pool-2-thread-1] DEBUG org.apache.http.headers - http-outgoing-1 << Age: 123
16:32:09.173 [pool-2-thread-1] DEBUG org.apache.http.headers - http-outgoing-1 << Vary: Accept-Encoding
16:32:09.173 [pool-2-thread-1] DEBUG org.apache.http.headers - http-outgoing-1 << Server: cloudflare
16:32:09.173 [pool-2-thread-1] DEBUG org.apache.http.headers - http-outgoing-1 << CF-RAY: 9265a39d48f1a8c3-SIN
16:32:09.173 [pool-2-thread-1] DEBUG org.apache.http.headers - http-outgoing-1 << server-timing: cfL4;desc="?proto=TCP&rtt=32910&min_rtt=32719&rtt_var=12406&sent=5&recv=7&lost=0&retrans=0&sent_bytes=3110&recv_bytes=742&delivery_rate=132033&cwnd=252&unsent_bytes=0&cid=a433f5303059354b&ts=102&x=0"
16:32:09.173 [pool-2-thread-1] DEBUG org.apache.http.impl.execchain.MainClientExec - Connection can be kept alive indefinitely
16:32:09.173 [pool-2-thread-1] DEBUG org.apache.http.impl.conn.PoolingHttpClientConnectionManager - Connection [id: 0][route: {s}->https://reqres.in:443] can be kept alive indefinitely
16:32:09.173 [pool-2-thread-1] DEBUG org.apache.http.impl.conn.DefaultManagedHttpClientConnection - http-outgoing-1: set socket timeout to 0
16:32:09.173 [pool-2-thread-1] DEBUG org.apache.http.impl.conn.PoolingHttpClientConnectionManager - Connection released: [id: 0][route: {s}->https://reqres.in:443][total available: 1; route allocated: 1 of 5; total allocated: 1 of 10]
16:32:09.173 [pool-2-thread-1] DEBUG org.apache.http.impl.conn.PoolingHttpClientConnectionManager - Connection manager is shutting down
16:32:09.173 [pool-2-thread-1] DEBUG org.apache.http.impl.conn.DefaultManagedHttpClientConnection - http-outgoing-1: Close connection
16:32:09.173 [pool-2-thread-1] DEBUG org.apache.http.impl.conn.PoolingHttpClientConnectionManager - Connection manager shut down
16:32:09.174 [pool-2-thread-2] DEBUG com.intuit.karate - response time in milliseconds: 367
1 < 200
1 < Date: Wed, 26 Mar 2025 09:32:09 GMT
1 < Content-Type: application/json; charset=utf-8
1 < Transfer-Encoding: chunked
1 < Connection: keep-alive
1 < Report-To: {"group":"heroku-nel","max_age":3600,"endpoints":[{"url":"https://nel.heroku.com/reports?ts=1742883075&sid=c4c9725f-1ab0-44d8-820f-430df2718e11&s=W%2FXrZzBLb0qiXHM46POMGyUTN5nCGFAKAAh%2FDTdd%2F0k%3D"}]}
1 < Reporting-Endpoints: heroku-nel=https://nel.heroku.com/reports?ts=1742883075&sid=c4c9725f-1ab0-44d8-820f-430df2718e11&s=W%2FXrZzBLb0qiXHM46POMGyUTN5nCGFAKAAh%2FDTdd%2F0k%3D
1 < Nel: {"report_to":"heroku-nel","max_age":3600,"success_fraction":0.005,"failure_fraction":0.05,"response_headers":["Via"]}
1 < X-Powered-By: Express
1 < Access-Control-Allow-Origin: *
1 < Etag: W/"152-ApQgGHL6RKwaebFlrPCYPBO1xHg"
1 < Via: 1.1 vegur
1 < Cache-Control: max-age=14400
1 < CF-Cache-Status: HIT
1 < Age: 4624
1 < Vary: Accept-Encoding
1 < Server: cloudflare
1 < CF-RAY: 9265a39d496d3e00-SIN
1 < server-timing: cfL4;desc="?proto=TCP&rtt=29102&min_rtt=28969&rtt_var=11130&sent=5&recv=7&lost=0&retrans=0&sent_bytes=3109&recv_bytes=741&delivery_rate=143827&cwnd=252&unsent_bytes=0&cid=3745f30840a120f6&ts=96&x=0"
{"data":{"id":2,"email":"janet.weaver@reqres.in","first_name":"Janet","last_name":"Weaver","avatar":"https://reqres.in/img/faces/2-image.jpg"},"support":{"url":"https://contentcaddy.io?utm_source=reqres&utm_medium=json&utm_campaign=referral","text":"Tired of writing endless social media content? Let Content Caddy generate it for you."}}

16:32:09.174 [pool-2-thread-1] DEBUG com.intuit.karate - response time in milliseconds: 369
1 < 404
1 < Date: Wed, 26 Mar 2025 09:32:09 GMT
1 < Content-Type: application/json; charset=utf-8
1 < Content-Length: 2
1 < Connection: keep-alive
1 < Report-To: {"group":"heroku-nel","max_age":3600,"endpoints":[{"url":"https://nel.heroku.com/reports?ts=1742981406&sid=c4c9725f-1ab0-44d8-820f-430df2718e11&s=XmXb7gBFrqiMLPh2Kj%2BzOItfN7JY5GUW%2FPTA%2BGOM9%2Fk%3D"}]}
1 < Reporting-Endpoints: heroku-nel=https://nel.heroku.com/reports?ts=1742981406&sid=c4c9725f-1ab0-44d8-820f-430df2718e11&s=XmXb7gBFrqiMLPh2Kj%2BzOItfN7JY5GUW%2FPTA%2BGOM9%2Fk%3D
1 < Nel: {"report_to":"heroku-nel","max_age":3600,"success_fraction":0.005,"failure_fraction":0.05,"response_headers":["Via"]}
1 < X-Powered-By: Express
1 < Access-Control-Allow-Origin: *
1 < Etag: W/"2-vyGp6PvFo4RvsFtPoIWeCReyIC8"
1 < Via: 1.1 vegur
1 < Cache-Control: max-age=14400
1 < CF-Cache-Status: HIT
1 < Age: 123
1 < Vary: Accept-Encoding
1 < Server: cloudflare
1 < CF-RAY: 9265a39d48f1a8c3-SIN
1 < server-timing: cfL4;desc="?proto=TCP&rtt=32910&min_rtt=32719&rtt_var=12406&sent=5&recv=7&lost=0&retrans=0&sent_bytes=3110&recv_bytes=742&delivery_rate=132033&cwnd=252&unsent_bytes=0&cid=a433f5303059354b&ts=102&x=0"
{}

16:32:09.196 [pool-2-thread-1] DEBUG org.apache.http.client.protocol.RequestAddCookies - CookieSpec selected: karate
16:32:09.196 [pool-2-thread-1] DEBUG org.apache.http.client.protocol.RequestAuthCache - Auth cache not set in the context
16:32:09.196 [pool-2-thread-1] DEBUG com.intuit.karate - request:
1 > DELETE https://reqres.in/api/users/2
1 > Host: reqres.in
1 > Connection: Keep-Alive
1 > User-Agent: Apache-HttpClient/4.5.14 (Java/20)
1 > Accept-Encoding: gzip,deflate


16:32:09.196 [pool-2-thread-1] DEBUG org.apache.http.impl.conn.PoolingHttpClientConnectionManager - Connection request: [route: {s}->https://reqres.in:443][total available: 0; route allocated: 0 of 5; total allocated: 0 of 10]
16:32:09.196 [pool-2-thread-1] DEBUG org.apache.http.impl.conn.PoolingHttpClientConnectionManager - Connection leased: [id: 2][route: {s}->https://reqres.in:443][total available: 0; route allocated: 1 of 5; total allocated: 1 of 10]
16:32:09.196 [pool-2-thread-1] DEBUG org.apache.http.impl.execchain.MainClientExec - Opening connection {s}->https://reqres.in:443
16:32:09.196 [pool-2-thread-1] DEBUG org.apache.http.impl.conn.DefaultHttpClientConnectionOperator - Connecting to reqres.in/104.26.10.213:443
16:32:09.196 [pool-2-thread-1] DEBUG org.apache.http.conn.ssl.SSLConnectionSocketFactory - Connecting socket to reqres.in/104.26.10.213:443 with timeout 30000
16:32:09.197 [pool-2-thread-2] WARN com.intuit.karate - type was null, defaulting to 'chrome'
16:32:09.201 [pool-2-thread-2] DEBUG com.intuit.karate.shell.Command - found / verified free local port: 9222
16:32:09.204 [chrome_1742981529198] DEBUG com.intuit.karate.driver.chrome_1742981529198 - command: [/Applications/Google Chrome.app/Contents/MacOS/Google Chrome, --remote-debugging-port=9222, --remote-allow-origins=*, --no-first-run, --user-data-dir=/Users/curryhoang/Karate/target/chrome_1742981529198, --disable-popup-blocking], working dir: target/chrome_1742981529198
16:32:09.204 [pool-2-thread-2] DEBUG com.intuit.karate.driver.chrome_1742981529198 - poll attempt #0 for port to be ready - localhost:9222
16:32:09.232 [pool-2-thread-1] DEBUG org.apache.http.conn.ssl.SSLConnectionSocketFactory - Enabled protocols: [TLSv1.3, TLSv1.2]
16:32:09.232 [pool-2-thread-1] DEBUG org.apache.http.conn.ssl.SSLConnectionSocketFactory - Enabled cipher suites:[TLS_AES_256_GCM_SHA384, TLS_AES_128_GCM_SHA256, TLS_CHACHA20_POLY1305_SHA256, TLS_ECDHE_ECDSA_WITH_AES_256_GCM_SHA384, TLS_ECDHE_ECDSA_WITH_AES_128_GCM_SHA256, TLS_ECDHE_ECDSA_WITH_CHACHA20_POLY1305_SHA256, TLS_ECDHE_RSA_WITH_AES_256_GCM_SHA384, TLS_ECDHE_RSA_WITH_CHACHA20_POLY1305_SHA256, TLS_ECDHE_RSA_WITH_AES_128_GCM_SHA256, TLS_DHE_RSA_WITH_AES_256_GCM_SHA384, TLS_DHE_RSA_WITH_CHACHA20_POLY1305_SHA256, TLS_DHE_DSS_WITH_AES_256_GCM_SHA384, TLS_DHE_RSA_WITH_AES_128_GCM_SHA256, TLS_DHE_DSS_WITH_AES_128_GCM_SHA256, TLS_ECDHE_ECDSA_WITH_AES_256_CBC_SHA384, TLS_ECDHE_RSA_WITH_AES_256_CBC_SHA384, TLS_ECDHE_ECDSA_WITH_AES_128_CBC_SHA256, TLS_ECDHE_RSA_WITH_AES_128_CBC_SHA256, TLS_DHE_RSA_WITH_AES_256_CBC_SHA256, TLS_DHE_DSS_WITH_AES_256_CBC_SHA256, TLS_DHE_RSA_WITH_AES_128_CBC_SHA256, TLS_DHE_DSS_WITH_AES_128_CBC_SHA256, TLS_ECDHE_ECDSA_WITH_AES_256_CBC_SHA, TLS_ECDHE_RSA_WITH_AES_256_CBC_SHA, TLS_ECDHE_ECDSA_WITH_AES_128_CBC_SHA, TLS_ECDHE_RSA_WITH_AES_128_CBC_SHA, TLS_DHE_RSA_WITH_AES_256_CBC_SHA, TLS_DHE_DSS_WITH_AES_256_CBC_SHA, TLS_DHE_RSA_WITH_AES_128_CBC_SHA, TLS_DHE_DSS_WITH_AES_128_CBC_SHA, TLS_RSA_WITH_AES_256_GCM_SHA384, TLS_RSA_WITH_AES_128_GCM_SHA256, TLS_RSA_WITH_AES_256_CBC_SHA256, TLS_RSA_WITH_AES_128_CBC_SHA256, TLS_RSA_WITH_AES_256_CBC_SHA, TLS_RSA_WITH_AES_128_CBC_SHA, TLS_EMPTY_RENEGOTIATION_INFO_SCSV]
16:32:09.232 [pool-2-thread-1] DEBUG org.apache.http.conn.ssl.SSLConnectionSocketFactory - Starting handshake
16:32:09.273 [pool-2-thread-1] DEBUG org.apache.http.conn.ssl.SSLConnectionSocketFactory - Secure session established
16:32:09.273 [pool-2-thread-1] DEBUG org.apache.http.conn.ssl.SSLConnectionSocketFactory -  negotiated protocol: TLSv1.3
16:32:09.273 [pool-2-thread-1] DEBUG org.apache.http.conn.ssl.SSLConnectionSocketFactory -  negotiated cipher suite: TLS_AES_256_GCM_SHA384
16:32:09.273 [pool-2-thread-1] DEBUG org.apache.http.conn.ssl.SSLConnectionSocketFactory -  peer principal: CN=reqres.in
16:32:09.273 [pool-2-thread-1] DEBUG org.apache.http.conn.ssl.SSLConnectionSocketFactory -  peer alternative names: [reqres.in, *.reqres.in]
16:32:09.273 [pool-2-thread-1] DEBUG org.apache.http.conn.ssl.SSLConnectionSocketFactory -  issuer principal: CN=WE1, O=Google Trust Services, C=US
16:32:09.273 [pool-2-thread-1] DEBUG org.apache.http.impl.conn.DefaultHttpClientConnectionOperator - Connection established 192.168.1.6:54337<->104.26.10.213:443
16:32:09.273 [pool-2-thread-1] DEBUG org.apache.http.impl.conn.DefaultManagedHttpClientConnection - http-outgoing-2: set socket timeout to 30000
16:32:09.273 [pool-2-thread-1] DEBUG org.apache.http.impl.execchain.MainClientExec - Executing request DELETE /api/users/2 HTTP/1.1
16:32:09.273 [pool-2-thread-1] DEBUG org.apache.http.impl.execchain.MainClientExec - Target auth state: UNCHALLENGED
16:32:09.273 [pool-2-thread-1] DEBUG org.apache.http.impl.execchain.MainClientExec - Proxy auth state: UNCHALLENGED
16:32:09.273 [pool-2-thread-1] DEBUG org.apache.http.headers - http-outgoing-2 >> DELETE /api/users/2 HTTP/1.1
16:32:09.273 [pool-2-thread-1] DEBUG org.apache.http.headers - http-outgoing-2 >> Host: reqres.in
16:32:09.273 [pool-2-thread-1] DEBUG org.apache.http.headers - http-outgoing-2 >> Connection: Keep-Alive
16:32:09.273 [pool-2-thread-1] DEBUG org.apache.http.headers - http-outgoing-2 >> User-Agent: Apache-HttpClient/4.5.14 (Java/20)
16:32:09.273 [pool-2-thread-1] DEBUG org.apache.http.headers - http-outgoing-2 >> Accept-Encoding: gzip,deflate
16:32:09.273 [pool-2-thread-1] DEBUG org.apache.http.wire - http-outgoing-2 >> "DELETE /api/users/2 HTTP/1.1[\r][\n]"
16:32:09.273 [pool-2-thread-1] DEBUG org.apache.http.wire - http-outgoing-2 >> "Host: reqres.in[\r][\n]"
16:32:09.273 [pool-2-thread-1] DEBUG org.apache.http.wire - http-outgoing-2 >> "Connection: Keep-Alive[\r][\n]"
16:32:09.273 [pool-2-thread-1] DEBUG org.apache.http.wire - http-outgoing-2 >> "User-Agent: Apache-HttpClient/4.5.14 (Java/20)[\r][\n]"
16:32:09.273 [pool-2-thread-1] DEBUG org.apache.http.wire - http-outgoing-2 >> "Accept-Encoding: gzip,deflate[\r][\n]"
16:32:09.273 [pool-2-thread-1] DEBUG org.apache.http.wire - http-outgoing-2 >> "[\r][\n]"
16:32:09.459 [pool-2-thread-2] DEBUG com.intuit.karate.driver.chrome_1742981529198 - poll attempt #1 for port to be ready - localhost:9222
16:32:09.699 [pool-2-thread-1] DEBUG org.apache.http.wire - http-outgoing-2 << "HTTP/1.1 204 No Content[\r][\n]"
16:32:09.699 [pool-2-thread-1] DEBUG org.apache.http.wire - http-outgoing-2 << "Date: Wed, 26 Mar 2025 09:32:09 GMT[\r][\n]"
16:32:09.699 [pool-2-thread-1] DEBUG org.apache.http.wire - http-outgoing-2 << "Content-Length: 0[\r][\n]"
16:32:09.699 [pool-2-thread-1] DEBUG org.apache.http.wire - http-outgoing-2 << "Connection: keep-alive[\r][\n]"
16:32:09.699 [pool-2-thread-1] DEBUG org.apache.http.wire - http-outgoing-2 << "Report-To: {"group":"heroku-nel","max_age":3600,"endpoints":[{"url":"https://nel.heroku.com/reports?ts=1742981529&sid=c4c9725f-1ab0-44d8-820f-430df2718e11&s=1wvkjsVxbNvncbmsqssjitMF8alsJSKjZnGHrlRToL8%3D"}]}[\r][\n]"
16:32:09.699 [pool-2-thread-1] DEBUG org.apache.http.wire - http-outgoing-2 << "Reporting-Endpoints: heroku-nel=https://nel.heroku.com/reports?ts=1742981529&sid=c4c9725f-1ab0-44d8-820f-430df2718e11&s=1wvkjsVxbNvncbmsqssjitMF8alsJSKjZnGHrlRToL8%3D[\r][\n]"
16:32:09.699 [pool-2-thread-1] DEBUG org.apache.http.wire - http-outgoing-2 << "Nel: {"report_to":"heroku-nel","max_age":3600,"success_fraction":0.005,"failure_fraction":0.05,"response_headers":["Via"]}[\r][\n]"
16:32:09.699 [pool-2-thread-1] DEBUG org.apache.http.wire - http-outgoing-2 << "X-Powered-By: Express[\r][\n]"
16:32:09.699 [pool-2-thread-1] DEBUG org.apache.http.wire - http-outgoing-2 << "Access-Control-Allow-Origin: *[\r][\n]"
16:32:09.699 [pool-2-thread-1] DEBUG org.apache.http.wire - http-outgoing-2 << "Etag: W/"2-vyGp6PvFo4RvsFtPoIWeCReyIC8"[\r][\n]"
16:32:09.699 [pool-2-thread-1] DEBUG org.apache.http.wire - http-outgoing-2 << "Via: 1.1 vegur[\r][\n]"
16:32:09.699 [pool-2-thread-1] DEBUG org.apache.http.wire - http-outgoing-2 << "cf-cache-status: DYNAMIC[\r][\n]"
16:32:09.699 [pool-2-thread-1] DEBUG org.apache.http.wire - http-outgoing-2 << "Server: cloudflare[\r][\n]"
16:32:09.699 [pool-2-thread-1] DEBUG org.apache.http.wire - http-outgoing-2 << "CF-RAY: 9265a39e3f74ce02-SIN[\r][\n]"
16:32:09.699 [pool-2-thread-1] DEBUG org.apache.http.wire - http-outgoing-2 << "server-timing: cfL4;desc="?proto=TCP&rtt=36752&min_rtt=35942&rtt_var=15100&sent=3&recv=7&lost=0&retrans=0&sent_bytes=219&recv_bytes=999&delivery_rate=33939&cwnd=250&unsent_bytes=0&cid=44c30cb4c77e30e0&ts=428&x=0"[\r][\n]"
16:32:09.699 [pool-2-thread-1] DEBUG org.apache.http.wire - http-outgoing-2 << "[\r][\n]"
16:32:09.699 [pool-2-thread-1] DEBUG org.apache.http.headers - http-outgoing-2 << HTTP/1.1 204 No Content
16:32:09.699 [pool-2-thread-1] DEBUG org.apache.http.headers - http-outgoing-2 << Date: Wed, 26 Mar 2025 09:32:09 GMT
16:32:09.699 [pool-2-thread-1] DEBUG org.apache.http.headers - http-outgoing-2 << Content-Length: 0
16:32:09.699 [pool-2-thread-1] DEBUG org.apache.http.headers - http-outgoing-2 << Connection: keep-alive
16:32:09.699 [pool-2-thread-1] DEBUG org.apache.http.headers - http-outgoing-2 << Report-To: {"group":"heroku-nel","max_age":3600,"endpoints":[{"url":"https://nel.heroku.com/reports?ts=1742981529&sid=c4c9725f-1ab0-44d8-820f-430df2718e11&s=1wvkjsVxbNvncbmsqssjitMF8alsJSKjZnGHrlRToL8%3D"}]}
16:32:09.699 [pool-2-thread-1] DEBUG org.apache.http.headers - http-outgoing-2 << Reporting-Endpoints: heroku-nel=https://nel.heroku.com/reports?ts=1742981529&sid=c4c9725f-1ab0-44d8-820f-430df2718e11&s=1wvkjsVxbNvncbmsqssjitMF8alsJSKjZnGHrlRToL8%3D
16:32:09.699 [pool-2-thread-1] DEBUG org.apache.http.headers - http-outgoing-2 << Nel: {"report_to":"heroku-nel","max_age":3600,"success_fraction":0.005,"failure_fraction":0.05,"response_headers":["Via"]}
16:32:09.699 [pool-2-thread-1] DEBUG org.apache.http.headers - http-outgoing-2 << X-Powered-By: Express
16:32:09.699 [pool-2-thread-1] DEBUG org.apache.http.headers - http-outgoing-2 << Access-Control-Allow-Origin: *
16:32:09.699 [pool-2-thread-1] DEBUG org.apache.http.headers - http-outgoing-2 << Etag: W/"2-vyGp6PvFo4RvsFtPoIWeCReyIC8"
16:32:09.699 [pool-2-thread-1] DEBUG org.apache.http.headers - http-outgoing-2 << Via: 1.1 vegur
16:32:09.699 [pool-2-thread-1] DEBUG org.apache.http.headers - http-outgoing-2 << cf-cache-status: DYNAMIC
16:32:09.699 [pool-2-thread-1] DEBUG org.apache.http.headers - http-outgoing-2 << Server: cloudflare
16:32:09.699 [pool-2-thread-1] DEBUG org.apache.http.headers - http-outgoing-2 << CF-RAY: 9265a39e3f74ce02-SIN
16:32:09.699 [pool-2-thread-1] DEBUG org.apache.http.headers - http-outgoing-2 << server-timing: cfL4;desc="?proto=TCP&rtt=36752&min_rtt=35942&rtt_var=15100&sent=3&recv=7&lost=0&retrans=0&sent_bytes=219&recv_bytes=999&delivery_rate=33939&cwnd=250&unsent_bytes=0&cid=44c30cb4c77e30e0&ts=428&x=0"
16:32:09.699 [pool-2-thread-1] DEBUG org.apache.http.impl.execchain.MainClientExec - Connection can be kept alive indefinitely
16:32:09.700 [pool-2-thread-1] DEBUG org.apache.http.impl.conn.PoolingHttpClientConnectionManager - Connection [id: 2][route: {s}->https://reqres.in:443] can be kept alive indefinitely
16:32:09.700 [pool-2-thread-1] DEBUG org.apache.http.impl.conn.DefaultManagedHttpClientConnection - http-outgoing-2: set socket timeout to 0
16:32:09.700 [pool-2-thread-1] DEBUG org.apache.http.impl.conn.PoolingHttpClientConnectionManager - Connection released: [id: 2][route: {s}->https://reqres.in:443][total available: 1; route allocated: 1 of 5; total allocated: 1 of 10]
16:32:09.700 [pool-2-thread-1] DEBUG org.apache.http.impl.conn.PoolingHttpClientConnectionManager - Connection manager is shutting down
16:32:09.700 [pool-2-thread-1] DEBUG org.apache.http.impl.conn.DefaultManagedHttpClientConnection - http-outgoing-2: Close connection
16:32:09.700 [pool-2-thread-1] DEBUG org.apache.http.impl.conn.PoolingHttpClientConnectionManager - Connection manager shut down
16:32:09.700 [pool-2-thread-1] DEBUG com.intuit.karate - response time in milliseconds: 504
1 < 204
1 < Date: Wed, 26 Mar 2025 09:32:09 GMT
1 < Content-Length: 0
1 < Connection: keep-alive
1 < Report-To: {"group":"heroku-nel","max_age":3600,"endpoints":[{"url":"https://nel.heroku.com/reports?ts=1742981529&sid=c4c9725f-1ab0-44d8-820f-430df2718e11&s=1wvkjsVxbNvncbmsqssjitMF8alsJSKjZnGHrlRToL8%3D"}]}
1 < Reporting-Endpoints: heroku-nel=https://nel.heroku.com/reports?ts=1742981529&sid=c4c9725f-1ab0-44d8-820f-430df2718e11&s=1wvkjsVxbNvncbmsqssjitMF8alsJSKjZnGHrlRToL8%3D
1 < Nel: {"report_to":"heroku-nel","max_age":3600,"success_fraction":0.005,"failure_fraction":0.05,"response_headers":["Via"]}
1 < X-Powered-By: Express
1 < Access-Control-Allow-Origin: *
1 < Etag: W/"2-vyGp6PvFo4RvsFtPoIWeCReyIC8"
1 < Via: 1.1 vegur
1 < cf-cache-status: DYNAMIC
1 < Server: cloudflare
1 < CF-RAY: 9265a39e3f74ce02-SIN
1 < server-timing: cfL4;desc="?proto=TCP&rtt=36752&min_rtt=35942&rtt_var=15100&sent=3&recv=7&lost=0&retrans=0&sent_bytes=219&recv_bytes=999&delivery_rate=33939&cwnd=250&unsent_bytes=0&cid=44c30cb4c77e30e0&ts=428&x=0"


16:32:09.710 [pool-2-thread-2] DEBUG com.intuit.karate.driver.chrome_1742981529198 - poll attempt #2 for port to be ready - localhost:9222
16:32:09.854 [chrome_1742981529198-out] DEBUG com.intuit.karate.driver.chrome_1742981529198 - 
16:32:09.854 [chrome_1742981529198-out] DEBUG com.intuit.karate.driver.chrome_1742981529198 - DevTools listening on ws://127.0.0.1:9222/devtools/browser/f0cb0cc6-9071-4e9d-8bab-f65d65e13c23
16:32:09.966 [pool-2-thread-2] DEBUG com.intuit.karate.driver.chrome_1742981529198 - poll attempt #3 for port to be ready - localhost:9222
16:32:09.975 [pool-2-thread-2] DEBUG org.apache.http.client.protocol.RequestAddCookies - CookieSpec selected: karate
16:32:09.975 [pool-2-thread-2] DEBUG org.apache.http.client.protocol.RequestAuthCache - Auth cache not set in the context
16:32:09.975 [pool-2-thread-2] DEBUG com.intuit.karate - request:
1 > GET http://localhost:9222/json
1 > Host: localhost:9222
1 > Connection: Keep-Alive
1 > User-Agent: Apache-HttpClient/4.5.14 (Java/20)
1 > Accept-Encoding: gzip,deflate


16:32:09.975 [pool-2-thread-2] DEBUG org.apache.http.impl.conn.PoolingHttpClientConnectionManager - Connection request: [route: {}->http://localhost:9222][total available: 0; route allocated: 0 of 5; total allocated: 0 of 10]
16:32:09.975 [pool-2-thread-2] DEBUG org.apache.http.impl.conn.PoolingHttpClientConnectionManager - Connection leased: [id: 3][route: {}->http://localhost:9222][total available: 0; route allocated: 1 of 5; total allocated: 1 of 10]
16:32:09.975 [pool-2-thread-2] DEBUG org.apache.http.impl.execchain.MainClientExec - Opening connection {}->http://localhost:9222
16:32:09.975 [pool-2-thread-2] DEBUG org.apache.http.impl.conn.DefaultHttpClientConnectionOperator - Connecting to localhost/127.0.0.1:9222
16:32:09.975 [pool-2-thread-2] DEBUG org.apache.http.impl.conn.DefaultHttpClientConnectionOperator - Connection established 127.0.0.1:54342<->127.0.0.1:9222
16:32:09.975 [pool-2-thread-2] DEBUG org.apache.http.impl.conn.DefaultManagedHttpClientConnection - http-outgoing-3: set socket timeout to 30000
16:32:09.975 [pool-2-thread-2] DEBUG org.apache.http.impl.execchain.MainClientExec - Executing request GET /json HTTP/1.1
16:32:09.975 [pool-2-thread-2] DEBUG org.apache.http.impl.execchain.MainClientExec - Target auth state: UNCHALLENGED
16:32:09.975 [pool-2-thread-2] DEBUG org.apache.http.impl.execchain.MainClientExec - Proxy auth state: UNCHALLENGED
16:32:09.975 [pool-2-thread-2] DEBUG org.apache.http.headers - http-outgoing-3 >> GET /json HTTP/1.1
16:32:09.975 [pool-2-thread-2] DEBUG org.apache.http.headers - http-outgoing-3 >> Host: localhost:9222
16:32:09.975 [pool-2-thread-2] DEBUG org.apache.http.headers - http-outgoing-3 >> Connection: Keep-Alive
16:32:09.975 [pool-2-thread-2] DEBUG org.apache.http.headers - http-outgoing-3 >> User-Agent: Apache-HttpClient/4.5.14 (Java/20)
16:32:09.975 [pool-2-thread-2] DEBUG org.apache.http.headers - http-outgoing-3 >> Accept-Encoding: gzip,deflate
16:32:09.975 [pool-2-thread-2] DEBUG org.apache.http.wire - http-outgoing-3 >> "GET /json HTTP/1.1[\r][\n]"
16:32:09.975 [pool-2-thread-2] DEBUG org.apache.http.wire - http-outgoing-3 >> "Host: localhost:9222[\r][\n]"
16:32:09.975 [pool-2-thread-2] DEBUG org.apache.http.wire - http-outgoing-3 >> "Connection: Keep-Alive[\r][\n]"
16:32:09.975 [pool-2-thread-2] DEBUG org.apache.http.wire - http-outgoing-3 >> "User-Agent: Apache-HttpClient/4.5.14 (Java/20)[\r][\n]"
16:32:09.976 [pool-2-thread-2] DEBUG org.apache.http.wire - http-outgoing-3 >> "Accept-Encoding: gzip,deflate[\r][\n]"
16:32:09.976 [pool-2-thread-2] DEBUG org.apache.http.wire - http-outgoing-3 >> "[\r][\n]"
16:32:10.318 [chrome_1742981529198-out] DEBUG com.intuit.karate.driver.chrome_1742981529198 - 2025-03-26 16:32:10.318 Google Chrome[15660:385427] +[IMKClient subclass]: chose IMKClient_Modern
16:32:10.319 [chrome_1742981529198-out] DEBUG com.intuit.karate.driver.chrome_1742981529198 - 2025-03-26 16:32:10.318 Google Chrome[15660:385427] +[IMKInputSession subclass]: chose IMKInputSession_Modern
16:32:10.330 [pool-2-thread-2] DEBUG org.apache.http.wire - http-outgoing-3 << "HTTP/1.1 200 OK[\r][\n]"
16:32:10.330 [pool-2-thread-2] DEBUG org.apache.http.wire - http-outgoing-3 << "Content-Security-Policy:frame-ancestors 'none'[\r][\n]"
16:32:10.330 [pool-2-thread-2] DEBUG org.apache.http.wire - http-outgoing-3 << "Content-Length:1242[\r][\n]"
16:32:10.330 [pool-2-thread-2] DEBUG org.apache.http.wire - http-outgoing-3 << "Content-Type:application/json; charset=UTF-8[\r][\n]"
16:32:10.330 [pool-2-thread-2] DEBUG org.apache.http.wire - http-outgoing-3 << "[\r][\n]"
16:32:10.330 [pool-2-thread-2] DEBUG org.apache.http.wire - http-outgoing-3 << "[ {[\n]"
16:32:10.330 [pool-2-thread-2] DEBUG org.apache.http.wire - http-outgoing-3 << "   "description": "",[\n]"
16:32:10.330 [pool-2-thread-2] DEBUG org.apache.http.wire - http-outgoing-3 << "   "devtoolsFrontendUrl": "/devtools/inspector.html?ws=localhost:9222/devtools/page/1759A47DBC1C0DC5A3584DFCCCF69207",[\n]"
16:32:10.331 [pool-2-thread-2] DEBUG org.apache.http.wire - http-outgoing-3 << "   "id": "1759A47DBC1C0DC5A3584DFCCCF69207",[\n]"
16:32:10.331 [pool-2-thread-2] DEBUG org.apache.http.wire - http-outgoing-3 << "   "title": "Google Network Speech",[\n]"
16:32:10.331 [pool-2-thread-2] DEBUG org.apache.http.wire - http-outgoing-3 << "   "type": "background_page",[\n]"
16:32:10.331 [pool-2-thread-2] DEBUG org.apache.http.wire - http-outgoing-3 << "   "url": "chrome-extension://neajdppkdcdipfabeoofebfddakdcjhd/_generated_background_page.html",[\n]"
16:32:10.331 [pool-2-thread-2] DEBUG org.apache.http.wire - http-outgoing-3 << "   "webSocketDebuggerUrl": "ws://localhost:9222/devtools/page/1759A47DBC1C0DC5A3584DFCCCF69207"[\n]"
16:32:10.331 [pool-2-thread-2] DEBUG org.apache.http.wire - http-outgoing-3 << "}, {[\n]"
16:32:10.331 [pool-2-thread-2] DEBUG org.apache.http.wire - http-outgoing-3 << "   "description": "",[\n]"
16:32:10.331 [pool-2-thread-2] DEBUG org.apache.http.wire - http-outgoing-3 << "   "devtoolsFrontendUrl": "/devtools/inspector.html?ws=localhost:9222/devtools/page/A5A0B88723BF81D574DF7982F288437A",[\n]"
16:32:10.331 [pool-2-thread-2] DEBUG org.apache.http.wire - http-outgoing-3 << "   "id": "A5A0B88723BF81D574DF7982F288437A",[\n]"
16:32:10.331 [pool-2-thread-2] DEBUG org.apache.http.wire - http-outgoing-3 << "   "title": "Google Hangouts",[\n]"
16:32:10.331 [pool-2-thread-2] DEBUG org.apache.http.wire - http-outgoing-3 << "   "type": "background_page",[\n]"
16:32:10.331 [pool-2-thread-2] DEBUG org.apache.http.wire - http-outgoing-3 << "   "url": "chrome-extension://nkeimhogjdpnpccoofpliimaahmaaome/background.html",[\n]"
16:32:10.331 [pool-2-thread-2] DEBUG org.apache.http.wire - http-outgoing-3 << "   "webSocketDebuggerUrl": "ws://localhost:9222/devtools/page/A5A0B88723BF81D574DF7982F288437A"[\n]"
16:32:10.331 [pool-2-thread-2] DEBUG org.apache.http.wire - http-outgoing-3 << "}, {[\n]"
16:32:10.331 [pool-2-thread-2] DEBUG org.apache.http.wire - http-outgoing-3 << "   "description": "",[\n]"
16:32:10.331 [pool-2-thread-2] DEBUG org.apache.http.wire - http-outgoing-3 << "   "devtoolsFrontendUrl": "/devtools/inspector.html?ws=localhost:9222/devtools/page/F0E35A54D7E84E318B9E9EDC60634FAA",[\n]"
16:32:10.331 [pool-2-thread-2] DEBUG org.apache.http.wire - http-outgoing-3 << "   "id": "F0E35A54D7E84E318B9E9EDC60634FAA",[\n]"
16:32:10.331 [pool-2-thread-2] DEBUG org.apache.http.wire - http-outgoing-3 << "   "title": "New Tab",[\n]"
16:32:10.331 [pool-2-thread-2] DEBUG org.apache.http.wire - http-outgoing-3 << "   "type": "page",[\n]"
16:32:10.331 [pool-2-thread-2] DEBUG org.apache.http.wire - http-outgoing-3 << "   "url": "chrome://newtab/",[\n]"
16:32:10.331 [pool-2-thread-2] DEBUG org.apache.http.wire - http-outgoing-3 << "   "webSocketDebuggerUrl": "ws://localhost:9222/devtools/page/F0E35A54D7E84E318B9E9EDC60634FAA"[\n]"
16:32:10.331 [pool-2-thread-2] DEBUG org.apache.http.wire - http-outgoing-3 << "} ][\n]"
16:32:10.331 [pool-2-thread-2] DEBUG org.apache.http.headers - http-outgoing-3 << HTTP/1.1 200 OK
16:32:10.331 [pool-2-thread-2] DEBUG org.apache.http.headers - http-outgoing-3 << Content-Security-Policy:frame-ancestors 'none'
16:32:10.331 [pool-2-thread-2] DEBUG org.apache.http.headers - http-outgoing-3 << Content-Length:1242
16:32:10.332 [pool-2-thread-2] DEBUG org.apache.http.headers - http-outgoing-3 << Content-Type:application/json; charset=UTF-8
16:32:10.332 [pool-2-thread-2] DEBUG org.apache.http.impl.execchain.MainClientExec - Connection can be kept alive indefinitely
16:32:10.332 [pool-2-thread-2] DEBUG org.apache.http.impl.conn.PoolingHttpClientConnectionManager - Connection [id: 3][route: {}->http://localhost:9222] can be kept alive indefinitely
16:32:10.332 [pool-2-thread-2] DEBUG org.apache.http.impl.conn.DefaultManagedHttpClientConnection - http-outgoing-3: set socket timeout to 0
16:32:10.332 [pool-2-thread-2] DEBUG org.apache.http.impl.conn.PoolingHttpClientConnectionManager - Connection released: [id: 3][route: {}->http://localhost:9222][total available: 1; route allocated: 1 of 5; total allocated: 1 of 10]
16:32:10.332 [pool-2-thread-2] DEBUG org.apache.http.impl.conn.PoolingHttpClientConnectionManager - Connection manager is shutting down
16:32:10.332 [pool-2-thread-2] DEBUG org.apache.http.impl.conn.DefaultManagedHttpClientConnection - http-outgoing-3: Close connection
16:32:10.332 [pool-2-thread-2] DEBUG org.apache.http.impl.conn.PoolingHttpClientConnectionManager - Connection manager shut down
16:32:10.332 [pool-2-thread-2] DEBUG com.intuit.karate - response time in milliseconds: 357
1 < 200
1 < Content-Security-Policy: frame-ancestors 'none'
1 < Content-Length: 1242
1 < Content-Type: application/json; charset=UTF-8
[ {
   "description": "",
   "devtoolsFrontendUrl": "/devtools/inspector.html?ws=localhost:9222/devtools/page/1759A47DBC1C0DC5A3584DFCCCF69207",
   "id": "1759A47DBC1C0DC5A3584DFCCCF69207",
   "title": "Google Network Speech",
   "type": "background_page",
   "url": "chrome-extension://neajdppkdcdipfabeoofebfddakdcjhd/_generated_background_page.html",
   "webSocketDebuggerUrl": "ws://localhost:9222/devtools/page/1759A47DBC1C0DC5A3584DFCCCF69207"
}, {
   "description": "",
   "devtoolsFrontendUrl": "/devtools/inspector.html?ws=localhost:9222/devtools/page/A5A0B88723BF81D574DF7982F288437A",
   "id": "A5A0B88723BF81D574DF7982F288437A",
   "title": "Google Hangouts",
   "type": "background_page",
   "url": "chrome-extension://nkeimhogjdpnpccoofpliimaahmaaome/background.html",
   "webSocketDebuggerUrl": "ws://localhost:9222/devtools/page/A5A0B88723BF81D574DF7982F288437A"
}, {
   "description": "",
   "devtoolsFrontendUrl": "/devtools/inspector.html?ws=localhost:9222/devtools/page/F0E35A54D7E84E318B9E9EDC60634FAA",
   "id": "F0E35A54D7E84E318B9E9EDC60634FAA",
   "title": "New Tab",
   "type": "page",
   "url": "chrome://newtab/",
   "webSocketDebuggerUrl": "ws://localhost:9222/devtools/page/F0E35A54D7E84E318B9E9EDC60634FAA"
} ]


16:32:10.346 [pool-2-thread-2] DEBUG com.jayway.jsonpath.internal.path.CompiledPath - Evaluating path: $
16:32:10.347 [pool-2-thread-2] DEBUG com.intuit.karate.shell.Command - ready to accept http connections after 375 ms - http://localhost:9222/json
16:32:10.348 [pool-2-thread-2] DEBUG org.apache.http.client.protocol.RequestAddCookies - CookieSpec selected: karate
16:32:10.348 [pool-2-thread-2] DEBUG org.apache.http.client.protocol.RequestAuthCache - Auth cache not set in the context
16:32:10.348 [pool-2-thread-2] DEBUG com.intuit.karate - request:
1 > GET http://localhost:9222/json
1 > Host: localhost:9222
1 > Connection: Keep-Alive
1 > User-Agent: Apache-HttpClient/4.5.14 (Java/20)
1 > Accept-Encoding: gzip,deflate


16:32:10.348 [pool-2-thread-2] DEBUG org.apache.http.impl.conn.PoolingHttpClientConnectionManager - Connection request: [route: {}->http://localhost:9222][total available: 0; route allocated: 0 of 5; total allocated: 0 of 10]
16:32:10.349 [pool-2-thread-2] DEBUG org.apache.http.impl.conn.PoolingHttpClientConnectionManager - Connection leased: [id: 4][route: {}->http://localhost:9222][total available: 0; route allocated: 1 of 5; total allocated: 1 of 10]
16:32:10.349 [pool-2-thread-2] DEBUG org.apache.http.impl.execchain.MainClientExec - Opening connection {}->http://localhost:9222
16:32:10.349 [pool-2-thread-2] DEBUG org.apache.http.impl.conn.DefaultHttpClientConnectionOperator - Connecting to localhost/127.0.0.1:9222
16:32:10.349 [pool-2-thread-2] DEBUG org.apache.http.impl.conn.DefaultHttpClientConnectionOperator - Connection established 127.0.0.1:54345<->127.0.0.1:9222
16:32:10.349 [pool-2-thread-2] DEBUG org.apache.http.impl.conn.DefaultManagedHttpClientConnection - http-outgoing-4: set socket timeout to 30000
16:32:10.349 [pool-2-thread-2] DEBUG org.apache.http.impl.execchain.MainClientExec - Executing request GET /json HTTP/1.1
16:32:10.349 [pool-2-thread-2] DEBUG org.apache.http.impl.execchain.MainClientExec - Target auth state: UNCHALLENGED
16:32:10.349 [pool-2-thread-2] DEBUG org.apache.http.impl.execchain.MainClientExec - Proxy auth state: UNCHALLENGED
16:32:10.349 [pool-2-thread-2] DEBUG org.apache.http.headers - http-outgoing-4 >> GET /json HTTP/1.1
16:32:10.349 [pool-2-thread-2] DEBUG org.apache.http.headers - http-outgoing-4 >> Host: localhost:9222
16:32:10.349 [pool-2-thread-2] DEBUG org.apache.http.headers - http-outgoing-4 >> Connection: Keep-Alive
16:32:10.349 [pool-2-thread-2] DEBUG org.apache.http.headers - http-outgoing-4 >> User-Agent: Apache-HttpClient/4.5.14 (Java/20)
16:32:10.349 [pool-2-thread-2] DEBUG org.apache.http.headers - http-outgoing-4 >> Accept-Encoding: gzip,deflate
16:32:10.349 [pool-2-thread-2] DEBUG org.apache.http.wire - http-outgoing-4 >> "GET /json HTTP/1.1[\r][\n]"
16:32:10.349 [pool-2-thread-2] DEBUG org.apache.http.wire - http-outgoing-4 >> "Host: localhost:9222[\r][\n]"
16:32:10.349 [pool-2-thread-2] DEBUG org.apache.http.wire - http-outgoing-4 >> "Connection: Keep-Alive[\r][\n]"
16:32:10.349 [pool-2-thread-2] DEBUG org.apache.http.wire - http-outgoing-4 >> "User-Agent: Apache-HttpClient/4.5.14 (Java/20)[\r][\n]"
16:32:10.349 [pool-2-thread-2] DEBUG org.apache.http.wire - http-outgoing-4 >> "Accept-Encoding: gzip,deflate[\r][\n]"
16:32:10.349 [pool-2-thread-2] DEBUG org.apache.http.wire - http-outgoing-4 >> "[\r][\n]"
16:32:10.359 [pool-2-thread-2] DEBUG org.apache.http.wire - http-outgoing-4 << "HTTP/1.1 200 OK[\r][\n]"
16:32:10.359 [pool-2-thread-2] DEBUG org.apache.http.wire - http-outgoing-4 << "Content-Security-Policy:frame-ancestors 'none'[\r][\n]"
16:32:10.360 [pool-2-thread-2] DEBUG org.apache.http.wire - http-outgoing-4 << "Content-Length:1242[\r][\n]"
16:32:10.360 [pool-2-thread-2] DEBUG org.apache.http.wire - http-outgoing-4 << "Content-Type:application/json; charset=UTF-8[\r][\n]"
16:32:10.360 [pool-2-thread-2] DEBUG org.apache.http.wire - http-outgoing-4 << "[\r][\n]"
16:32:10.360 [pool-2-thread-2] DEBUG org.apache.http.wire - http-outgoing-4 << "[ {[\n]"
16:32:10.360 [pool-2-thread-2] DEBUG org.apache.http.wire - http-outgoing-4 << "   "description": "",[\n]"
16:32:10.360 [pool-2-thread-2] DEBUG org.apache.http.wire - http-outgoing-4 << "   "devtoolsFrontendUrl": "/devtools/inspector.html?ws=localhost:9222/devtools/page/1759A47DBC1C0DC5A3584DFCCCF69207",[\n]"
16:32:10.360 [pool-2-thread-2] DEBUG org.apache.http.wire - http-outgoing-4 << "   "id": "1759A47DBC1C0DC5A3584DFCCCF69207",[\n]"
16:32:10.360 [pool-2-thread-2] DEBUG org.apache.http.wire - http-outgoing-4 << "   "title": "Google Network Speech",[\n]"
16:32:10.360 [pool-2-thread-2] DEBUG org.apache.http.wire - http-outgoing-4 << "   "type": "background_page",[\n]"
16:32:10.360 [pool-2-thread-2] DEBUG org.apache.http.wire - http-outgoing-4 << "   "url": "chrome-extension://neajdppkdcdipfabeoofebfddakdcjhd/_generated_background_page.html",[\n]"
16:32:10.360 [pool-2-thread-2] DEBUG org.apache.http.wire - http-outgoing-4 << "   "webSocketDebuggerUrl": "ws://localhost:9222/devtools/page/1759A47DBC1C0DC5A3584DFCCCF69207"[\n]"
16:32:10.360 [pool-2-thread-2] DEBUG org.apache.http.wire - http-outgoing-4 << "}, {[\n]"
16:32:10.360 [pool-2-thread-2] DEBUG org.apache.http.wire - http-outgoing-4 << "   "description": "",[\n]"
16:32:10.360 [pool-2-thread-2] DEBUG org.apache.http.wire - http-outgoing-4 << "   "devtoolsFrontendUrl": "/devtools/inspector.html?ws=localhost:9222/devtools/page/A5A0B88723BF81D574DF7982F288437A",[\n]"
16:32:10.360 [pool-2-thread-2] DEBUG org.apache.http.wire - http-outgoing-4 << "   "id": "A5A0B88723BF81D574DF7982F288437A",[\n]"
16:32:10.360 [pool-2-thread-2] DEBUG org.apache.http.wire - http-outgoing-4 << "   "title": "Google Hangouts",[\n]"
16:32:10.360 [pool-2-thread-2] DEBUG org.apache.http.wire - http-outgoing-4 << "   "type": "background_page",[\n]"
16:32:10.360 [pool-2-thread-2] DEBUG org.apache.http.wire - http-outgoing-4 << "   "url": "chrome-extension://nkeimhogjdpnpccoofpliimaahmaaome/background.html",[\n]"
16:32:10.360 [pool-2-thread-2] DEBUG org.apache.http.wire - http-outgoing-4 << "   "webSocketDebuggerUrl": "ws://localhost:9222/devtools/page/A5A0B88723BF81D574DF7982F288437A"[\n]"
16:32:10.360 [pool-2-thread-2] DEBUG org.apache.http.wire - http-outgoing-4 << "}, {[\n]"
16:32:10.360 [pool-2-thread-2] DEBUG org.apache.http.wire - http-outgoing-4 << "   "description": "",[\n]"
16:32:10.360 [pool-2-thread-2] DEBUG org.apache.http.wire - http-outgoing-4 << "   "devtoolsFrontendUrl": "/devtools/inspector.html?ws=localhost:9222/devtools/page/F0E35A54D7E84E318B9E9EDC60634FAA",[\n]"
16:32:10.360 [pool-2-thread-2] DEBUG org.apache.http.wire - http-outgoing-4 << "   "id": "F0E35A54D7E84E318B9E9EDC60634FAA",[\n]"
16:32:10.361 [pool-2-thread-2] DEBUG org.apache.http.wire - http-outgoing-4 << "   "title": "New Tab",[\n]"
16:32:10.361 [pool-2-thread-2] DEBUG org.apache.http.wire - http-outgoing-4 << "   "type": "page",[\n]"
16:32:10.361 [pool-2-thread-2] DEBUG org.apache.http.wire - http-outgoing-4 << "   "url": "chrome://newtab/",[\n]"
16:32:10.361 [pool-2-thread-2] DEBUG org.apache.http.wire - http-outgoing-4 << "   "webSocketDebuggerUrl": "ws://localhost:9222/devtools/page/F0E35A54D7E84E318B9E9EDC60634FAA"[\n]"
16:32:10.361 [pool-2-thread-2] DEBUG org.apache.http.wire - http-outgoing-4 << "} ][\n]"
16:32:10.361 [pool-2-thread-2] DEBUG org.apache.http.headers - http-outgoing-4 << HTTP/1.1 200 OK
16:32:10.361 [pool-2-thread-2] DEBUG org.apache.http.headers - http-outgoing-4 << Content-Security-Policy:frame-ancestors 'none'
16:32:10.361 [pool-2-thread-2] DEBUG org.apache.http.headers - http-outgoing-4 << Content-Length:1242
16:32:10.361 [pool-2-thread-2] DEBUG org.apache.http.headers - http-outgoing-4 << Content-Type:application/json; charset=UTF-8
16:32:10.361 [pool-2-thread-2] DEBUG org.apache.http.impl.execchain.MainClientExec - Connection can be kept alive indefinitely
16:32:10.361 [pool-2-thread-2] DEBUG org.apache.http.impl.conn.PoolingHttpClientConnectionManager - Connection [id: 4][route: {}->http://localhost:9222] can be kept alive indefinitely
16:32:10.361 [pool-2-thread-2] DEBUG org.apache.http.impl.conn.DefaultManagedHttpClientConnection - http-outgoing-4: set socket timeout to 0
16:32:10.361 [pool-2-thread-2] DEBUG org.apache.http.impl.conn.PoolingHttpClientConnectionManager - Connection released: [id: 4][route: {}->http://localhost:9222][total available: 1; route allocated: 1 of 5; total allocated: 1 of 10]
16:32:10.361 [pool-2-thread-2] DEBUG org.apache.http.impl.conn.PoolingHttpClientConnectionManager - Connection manager is shutting down
16:32:10.362 [pool-2-thread-2] DEBUG org.apache.http.impl.conn.DefaultManagedHttpClientConnection - http-outgoing-4: Close connection
16:32:10.362 [pool-2-thread-2] DEBUG org.apache.http.impl.conn.PoolingHttpClientConnectionManager - Connection manager shut down
16:32:10.362 [pool-2-thread-2] DEBUG com.intuit.karate - response time in milliseconds: 13
1 < 200
1 < Content-Security-Policy: frame-ancestors 'none'
1 < Content-Length: 1242
1 < Content-Type: application/json; charset=UTF-8
[ {
   "description": "",
   "devtoolsFrontendUrl": "/devtools/inspector.html?ws=localhost:9222/devtools/page/1759A47DBC1C0DC5A3584DFCCCF69207",
   "id": "1759A47DBC1C0DC5A3584DFCCCF69207",
   "title": "Google Network Speech",
   "type": "background_page",
   "url": "chrome-extension://neajdppkdcdipfabeoofebfddakdcjhd/_generated_background_page.html",
   "webSocketDebuggerUrl": "ws://localhost:9222/devtools/page/1759A47DBC1C0DC5A3584DFCCCF69207"
}, {
   "description": "",
   "devtoolsFrontendUrl": "/devtools/inspector.html?ws=localhost:9222/devtools/page/A5A0B88723BF81D574DF7982F288437A",
   "id": "A5A0B88723BF81D574DF7982F288437A",
   "title": "Google Hangouts",
   "type": "background_page",
   "url": "chrome-extension://nkeimhogjdpnpccoofpliimaahmaaome/background.html",
   "webSocketDebuggerUrl": "ws://localhost:9222/devtools/page/A5A0B88723BF81D574DF7982F288437A"
}, {
   "description": "",
   "devtoolsFrontendUrl": "/devtools/inspector.html?ws=localhost:9222/devtools/page/F0E35A54D7E84E318B9E9EDC60634FAA",
   "id": "F0E35A54D7E84E318B9E9EDC60634FAA",
   "title": "New Tab",
   "type": "page",
   "url": "chrome://newtab/",
   "webSocketDebuggerUrl": "ws://localhost:9222/devtools/page/F0E35A54D7E84E318B9E9EDC60634FAA"
} ]


16:32:10.363 [pool-2-thread-2] DEBUG com.jayway.jsonpath.internal.path.CompiledPath - Evaluating path: $
16:32:10.363 [pool-2-thread-2] DEBUG com.jayway.jsonpath.internal.path.CompiledPath - Evaluating path: $
16:32:10.365 [pool-2-thread-2] DEBUG com.intuit.karate.driver.chrome_1742981529198 - root frame id: F0E35A54D7E84E318B9E9EDC60634FAA
16:32:10.372 [pool-2-thread-2] DEBUG io.netty.util.internal.logging.InternalLoggerFactory - Using SLF4J as the default logging framework
16:32:10.372 [pool-2-thread-2] DEBUG io.netty.channel.MultithreadEventLoopGroup - -Dio.netty.eventLoopThreads: 16
16:32:10.378 [pool-2-thread-2] DEBUG io.netty.util.internal.InternalThreadLocalMap - -Dio.netty.threadLocalMap.stringBuilder.initialSize: 1024
16:32:10.378 [pool-2-thread-2] DEBUG io.netty.util.internal.InternalThreadLocalMap - -Dio.netty.threadLocalMap.stringBuilder.maxSize: 4096
16:32:10.386 [pool-2-thread-2] DEBUG io.netty.util.internal.PlatformDependent0 - -Dio.netty.noUnsafe: false
16:32:10.386 [pool-2-thread-2] DEBUG io.netty.util.internal.PlatformDependent0 - Java version: 20
16:32:10.386 [pool-2-thread-2] DEBUG io.netty.util.internal.PlatformDependent0 - sun.misc.Unsafe.theUnsafe: available
16:32:10.386 [pool-2-thread-2] DEBUG io.netty.util.internal.PlatformDependent0 - sun.misc.Unsafe.copyMemory: available
16:32:10.386 [pool-2-thread-2] DEBUG io.netty.util.internal.PlatformDependent0 - sun.misc.Unsafe.storeFence: available
16:32:10.386 [pool-2-thread-2] DEBUG io.netty.util.internal.PlatformDependent0 - java.nio.Buffer.address: available
16:32:10.387 [pool-2-thread-2] DEBUG io.netty.util.internal.PlatformDependent0 - direct buffer constructor: unavailable: Reflective setAccessible(true) disabled
16:32:10.387 [pool-2-thread-2] DEBUG io.netty.util.internal.PlatformDependent0 - java.nio.Bits.unaligned: available, true
16:32:10.387 [pool-2-thread-2] DEBUG io.netty.util.internal.PlatformDependent0 - jdk.internal.misc.Unsafe.allocateUninitializedArray(int): unavailable: class io.netty.util.internal.PlatformDependent0$7 cannot access class jdk.internal.misc.Unsafe (in module java.base) because module java.base does not export jdk.internal.misc to unnamed module @15c89abd
16:32:10.388 [pool-2-thread-2] DEBUG io.netty.util.internal.PlatformDependent0 - java.nio.DirectByteBuffer.<init>(long, int): unavailable
16:32:10.388 [pool-2-thread-2] DEBUG io.netty.util.internal.PlatformDependent - sun.misc.Unsafe: available
16:32:10.389 [pool-2-thread-2] DEBUG io.netty.util.internal.PlatformDependent - maxDirectMemory: 4294967296 bytes (maybe)
16:32:10.390 [pool-2-thread-2] DEBUG io.netty.util.internal.PlatformDependent - -Dio.netty.tmpdir: /var/folders/sy/xjvmk8fx74g21j1qr4j064g00000gn/T (java.io.tmpdir)
16:32:10.390 [pool-2-thread-2] DEBUG io.netty.util.internal.PlatformDependent - -Dio.netty.bitMode: 64 (sun.arch.data.model)
16:32:10.390 [pool-2-thread-2] DEBUG io.netty.util.internal.PlatformDependent - Platform: MacOS
16:32:10.390 [pool-2-thread-2] DEBUG io.netty.util.internal.PlatformDependent - -Dio.netty.maxDirectMemory: -1 bytes
16:32:10.390 [pool-2-thread-2] DEBUG io.netty.util.internal.PlatformDependent - -Dio.netty.uninitializedArrayAllocationThreshold: -1
16:32:10.390 [pool-2-thread-2] DEBUG io.netty.util.internal.CleanerJava9 - java.nio.ByteBuffer.cleaner(): available
16:32:10.390 [pool-2-thread-2] DEBUG io.netty.util.internal.PlatformDependent - -Dio.netty.noPreferDirect: false
16:32:10.390 [pool-2-thread-2] DEBUG io.netty.channel.nio.NioEventLoop - -Dio.netty.noKeySetOptimization: false
16:32:10.390 [pool-2-thread-2] DEBUG io.netty.channel.nio.NioEventLoop - -Dio.netty.selectorAutoRebuildThreshold: 512
16:32:10.393 [pool-2-thread-2] DEBUG io.netty.util.internal.PlatformDependent - org.jctools-core.MpscChunkedArrayQueue: available
16:32:10.411 [pool-2-thread-2] DEBUG io.netty.channel.DefaultChannelId - -Dio.netty.processId: 15659 (auto-detected)
16:32:10.412 [pool-2-thread-2] DEBUG io.netty.util.NetUtil - -Djava.net.preferIPv4Stack: false
16:32:10.412 [pool-2-thread-2] DEBUG io.netty.util.NetUtil - -Djava.net.preferIPv6Addresses: false
16:32:10.416 [pool-2-thread-2] DEBUG io.netty.util.NetUtilInitializations - Loopback interface: lo0 (lo0, 0:0:0:0:0:0:0:1%lo0)
16:32:10.417 [pool-2-thread-2] DEBUG io.netty.util.NetUtil - Failed to get SOMAXCONN from sysctl and file /proc/sys/net/core/somaxconn. Default: 128
16:32:10.419 [pool-2-thread-2] DEBUG io.netty.channel.DefaultChannelId - -Dio.netty.machineId: 16:df:3e:ff:fe:69:ae:d2 (auto-detected)
16:32:10.428 [pool-2-thread-2] DEBUG io.netty.util.ResourceLeakDetector - -Dio.netty.leakDetection.level: simple
16:32:10.428 [pool-2-thread-2] DEBUG io.netty.util.ResourceLeakDetector - -Dio.netty.leakDetection.targetRecords: 4
16:32:10.437 [pool-2-thread-2] DEBUG io.netty.buffer.PooledByteBufAllocator - -Dio.netty.allocator.numHeapArenas: 16
16:32:10.438 [pool-2-thread-2] DEBUG io.netty.buffer.PooledByteBufAllocator - -Dio.netty.allocator.numDirectArenas: 16
16:32:10.438 [pool-2-thread-2] DEBUG io.netty.buffer.PooledByteBufAllocator - -Dio.netty.allocator.pageSize: 8192
16:32:10.438 [pool-2-thread-2] DEBUG io.netty.buffer.PooledByteBufAllocator - -Dio.netty.allocator.maxOrder: 9
16:32:10.438 [pool-2-thread-2] DEBUG io.netty.buffer.PooledByteBufAllocator - -Dio.netty.allocator.chunkSize: 4194304
16:32:10.438 [pool-2-thread-2] DEBUG io.netty.buffer.PooledByteBufAllocator - -Dio.netty.allocator.smallCacheSize: 256
16:32:10.438 [pool-2-thread-2] DEBUG io.netty.buffer.PooledByteBufAllocator - -Dio.netty.allocator.normalCacheSize: 64
16:32:10.438 [pool-2-thread-2] DEBUG io.netty.buffer.PooledByteBufAllocator - -Dio.netty.allocator.maxCachedBufferCapacity: 32768
16:32:10.438 [pool-2-thread-2] DEBUG io.netty.buffer.PooledByteBufAllocator - -Dio.netty.allocator.cacheTrimInterval: 8192
16:32:10.438 [pool-2-thread-2] DEBUG io.netty.buffer.PooledByteBufAllocator - -Dio.netty.allocator.cacheTrimIntervalMillis: 0
16:32:10.438 [pool-2-thread-2] DEBUG io.netty.buffer.PooledByteBufAllocator - -Dio.netty.allocator.useCacheForAllThreads: false
16:32:10.438 [pool-2-thread-2] DEBUG io.netty.buffer.PooledByteBufAllocator - -Dio.netty.allocator.maxCachedByteBuffersPerChunk: 1023
16:32:10.442 [pool-2-thread-2] DEBUG io.netty.buffer.ByteBufUtil - -Dio.netty.allocator.type: pooled
16:32:10.442 [pool-2-thread-2] DEBUG io.netty.buffer.ByteBufUtil - -Dio.netty.threadLocalDirectBufferSize: 0
16:32:10.442 [pool-2-thread-2] DEBUG io.netty.buffer.ByteBufUtil - -Dio.netty.maxThreadLocalCharBufferSize: 16384
16:32:10.453 [nioEventLoopGroup-2-1] DEBUG io.netty.buffer.AbstractByteBuf - -Dio.netty.buffer.checkAccessible: true
16:32:10.454 [nioEventLoopGroup-2-1] DEBUG io.netty.buffer.AbstractByteBuf - -Dio.netty.buffer.checkBounds: true
16:32:10.454 [nioEventLoopGroup-2-1] DEBUG io.netty.util.ResourceLeakDetectorFactory - Loaded default ResourceLeakDetector: io.netty.util.ResourceLeakDetector@123d79ee
16:32:10.460 [nioEventLoopGroup-2-1] DEBUG io.netty.handler.codec.compression.ZlibCodecFactory - -Dio.netty.noJdkZlibDecoder: false
16:32:10.460 [nioEventLoopGroup-2-1] DEBUG io.netty.handler.codec.compression.ZlibCodecFactory - -Dio.netty.noJdkZlibEncoder: false
16:32:10.464 [nioEventLoopGroup-2-1] DEBUG io.netty.handler.codec.http.websocketx.WebSocketClientHandshaker13 - WebSocket version 13 client handshake key: 4RpZAJ3/g9hJmrAREWcjlg==, expected response: 4l2+zeSEdutMbgRNkydvEY14Sss=
16:32:10.468 [nioEventLoopGroup-2-1] DEBUG io.netty.util.Recycler - -Dio.netty.recycler.maxCapacityPerThread: 4096
16:32:10.468 [nioEventLoopGroup-2-1] DEBUG io.netty.util.Recycler - -Dio.netty.recycler.ratio: 8
16:32:10.468 [nioEventLoopGroup-2-1] DEBUG io.netty.util.Recycler - -Dio.netty.recycler.chunkSize: 32
16:32:10.468 [nioEventLoopGroup-2-1] DEBUG io.netty.util.Recycler - -Dio.netty.recycler.blocking: false
16:32:10.513 [nioEventLoopGroup-2-1] DEBUG com.intuit.karate.http.WebSocketClientHandler - websocket client connected
16:32:10.514 [pool-2-thread-2] DEBUG com.jayway.jsonpath.internal.path.CompiledPath - Evaluating path: $['targetId']
16:32:10.514 [pool-2-thread-2] DEBUG com.jayway.jsonpath.internal.path.CompiledPath - Evaluating path: $
16:32:10.514 [pool-2-thread-2] DEBUG com.jayway.jsonpath.internal.path.CompiledPath - Evaluating path: $
16:32:10.514 [pool-2-thread-2] DEBUG com.jayway.jsonpath.internal.JsonContext - Put path $ key targetId value {}
16:32:10.514 [pool-2-thread-2] DEBUG com.jayway.jsonpath.internal.path.CompiledPath - Evaluating path: $
16:32:10.514 [pool-2-thread-2] DEBUG com.jayway.jsonpath.internal.JsonContext - Put path $ key targetId value F0E35A54D7E84E318B9E9EDC60634FAA
16:32:10.514 [pool-2-thread-2] DEBUG com.jayway.jsonpath.internal.path.CompiledPath - Evaluating path: $['flatten']
16:32:10.514 [pool-2-thread-2] DEBUG com.jayway.jsonpath.internal.path.CompiledPath - Evaluating path: $
16:32:10.514 [pool-2-thread-2] DEBUG com.jayway.jsonpath.internal.path.CompiledPath - Evaluating path: $
16:32:10.514 [pool-2-thread-2] DEBUG com.jayway.jsonpath.internal.JsonContext - Put path $ key flatten value {}
16:32:10.514 [pool-2-thread-2] DEBUG com.jayway.jsonpath.internal.path.CompiledPath - Evaluating path: $
16:32:10.514 [pool-2-thread-2] DEBUG com.jayway.jsonpath.internal.JsonContext - Put path $ key flatten value true
16:32:10.514 [pool-2-thread-2] DEBUG com.jayway.jsonpath.internal.path.CompiledPath - Evaluating path: $
16:32:10.515 [pool-2-thread-2] DEBUG com.intuit.karate.driver.chrome_1742981529198 - >> {"id":1,"method":"Target.attachToTarget","params":{"targetId":"F0E35A54D7E84E318B9E9EDC60634FAA","flatten":true}}
16:32:10.520 [nioEventLoopGroup-2-1] DEBUG io.netty.handler.codec.compression.JdkZlibEncoder - -Dio.netty.jdkzlib.encoder.maxInitialOutputBufferSize=65536
16:32:10.520 [nioEventLoopGroup-2-1] DEBUG io.netty.handler.codec.compression.JdkZlibEncoder - -Dio.netty.jdkzlib.encoder.maxInputBufferSize=65536
16:32:10.528 [nioEventLoopGroup-2-1] DEBUG com.intuit.karate.driver.chrome_1742981529198 - << {"method":"Target.attachedToTarget","params":{"sessionId":"3FEA91CA2974B8CF11DF86BB8C163709","targetInfo":{"targetId":"F0E35A54D7E84E318B9E9EDC60634FAA","type":"page","title":"New Tab","url":"chrome://newtab/","attached":true,"canAccessOpener":false,"browserContextId":"92699D32372EE44B88098FC60C4907D5"},"waitingForDebugger":false}}
16:32:10.529 [nioEventLoopGroup-2-1] DEBUG com.jayway.jsonpath.internal.path.CompiledPath - Evaluating path: $
16:32:10.529 [nioEventLoopGroup-2-1] DEBUG com.jayway.jsonpath.internal.path.CompiledPath - Evaluating path: $['targetInfo']['type']
16:32:10.529 [nioEventLoopGroup-2-1] DEBUG com.intuit.karate.driver.chrome_1742981529198 - << {"id":1,"result":{"sessionId":"3FEA91CA2974B8CF11DF86BB8C163709"}}
16:32:10.529 [nioEventLoopGroup-2-1] DEBUG com.jayway.jsonpath.internal.path.CompiledPath - Evaluating path: $
16:32:10.529 [pool-2-thread-2] DEBUG com.jayway.jsonpath.internal.path.CompiledPath - Evaluating path: $['sessionId']
16:32:10.529 [pool-2-thread-2] DEBUG com.jayway.jsonpath.internal.path.CompiledPath - Evaluating path: $['targetId']
16:32:10.529 [pool-2-thread-2] DEBUG com.jayway.jsonpath.internal.path.CompiledPath - Evaluating path: $
16:32:10.529 [pool-2-thread-2] DEBUG com.jayway.jsonpath.internal.path.CompiledPath - Evaluating path: $
16:32:10.530 [pool-2-thread-2] DEBUG com.jayway.jsonpath.internal.JsonContext - Put path $ key targetId value {}
16:32:10.530 [pool-2-thread-2] DEBUG com.jayway.jsonpath.internal.path.CompiledPath - Evaluating path: $
16:32:10.530 [pool-2-thread-2] DEBUG com.jayway.jsonpath.internal.JsonContext - Put path $ key targetId value F0E35A54D7E84E318B9E9EDC60634FAA
16:32:10.530 [pool-2-thread-2] DEBUG com.jayway.jsonpath.internal.path.CompiledPath - Evaluating path: $
16:32:10.530 [pool-2-thread-2] DEBUG com.intuit.karate.driver.chrome_1742981529198 - >> {"id":2,"sessionId":"3FEA91CA2974B8CF11DF86BB8C163709","method":"Target.activateTarget","params":{"targetId":"F0E35A54D7E84E318B9E9EDC60634FAA"}}
16:32:10.534 [nioEventLoopGroup-2-1] DEBUG com.intuit.karate.driver.chrome_1742981529198 - << {"id":2,"result":{},"sessionId":"3FEA91CA2974B8CF11DF86BB8C163709"}
16:32:10.534 [nioEventLoopGroup-2-1] DEBUG com.jayway.jsonpath.internal.path.CompiledPath - Evaluating path: $
16:32:10.534 [pool-2-thread-2] DEBUG com.jayway.jsonpath.internal.path.CompiledPath - Evaluating path: $['discover']
16:32:10.534 [pool-2-thread-2] DEBUG com.jayway.jsonpath.internal.path.CompiledPath - Evaluating path: $
16:32:10.534 [pool-2-thread-2] DEBUG com.jayway.jsonpath.internal.path.CompiledPath - Evaluating path: $
16:32:10.534 [pool-2-thread-2] DEBUG com.jayway.jsonpath.internal.JsonContext - Put path $ key discover value {}
16:32:10.534 [pool-2-thread-2] DEBUG com.jayway.jsonpath.internal.path.CompiledPath - Evaluating path: $
16:32:10.534 [pool-2-thread-2] DEBUG com.jayway.jsonpath.internal.JsonContext - Put path $ key discover value true
16:32:10.534 [pool-2-thread-2] DEBUG com.jayway.jsonpath.internal.path.CompiledPath - Evaluating path: $
16:32:10.534 [pool-2-thread-2] DEBUG com.intuit.karate.driver.chrome_1742981529198 - >> {"id":3,"sessionId":"3FEA91CA2974B8CF11DF86BB8C163709","method":"Target.setDiscoverTargets","params":{"discover":true}}
16:32:10.545 [nioEventLoopGroup-2-1] DEBUG com.intuit.karate.driver.chrome_1742981529198 - << {"method":"Target.targetCreated","params":{"targetInfo":{"targetId":"1759A47DBC1C0DC5A3584DFCCCF69207","type":"background_page","title":"Google Network Speech","url":"chrome-extension://neajdppkdcdipfabeoofebfddakdcjhd/_generated_background_page.html","attached":false,"canAccessOpener":false,"browserContextId":"92699D32372EE44B88098FC60C4907D5"}},"sessionId":"3FEA91CA2974B8CF11DF86BB8C163709"}
16:32:10.545 [nioEventLoopGroup-2-1] DEBUG com.jayway.jsonpath.internal.path.CompiledPath - Evaluating path: $
16:32:10.575 [nioEventLoopGroup-2-1] DEBUG com.intuit.karate.driver.chrome_1742981529198 - << {"method":"Target.targetCreated","params":{"targetInfo":{"targetId":"A5A0B88723BF81D574DF7982F288437A","type":"background_page","title":"Google Hangouts","url":"chrome-extension://nkeimhogjdpnpccoofpliimaahmaaome/background.html","attached":false,"canAccessOpener":false,"browserContextId":"92699D32372EE44B88098FC60C4907D5"}},"sessionId":"3FEA91CA2974B8CF11DF86BB8C163709"}
16:32:10.575 [nioEventLoopGroup-2-1] DEBUG com.jayway.jsonpath.internal.path.CompiledPath - Evaluating path: $
16:32:10.590 [nioEventLoopGroup-2-1] DEBUG com.intuit.karate.driver.chrome_1742981529198 - << {"method":"Target.targetCreated","params":{"targetInfo":{"targetId":"F0E35A54D7E84E318B9E9EDC60634FAA","type":"page","title":"New Tab","url":"chrome://newtab/","attached":true,"canAccessOpener":false,"browserContextId":"92699D32372EE44B88098FC60C4907D5"}},"sessionId":"3FEA91CA2974B8CF11DF86BB8C163709"}
16:32:10.590 [nioEventLoopGroup-2-1] DEBUG com.jayway.jsonpath.internal.path.CompiledPath - Evaluating path: $
16:32:10.591 [nioEventLoopGroup-2-1] DEBUG com.intuit.karate.driver.chrome_1742981529198 - << {"id":3,"result":{},"sessionId":"3FEA91CA2974B8CF11DF86BB8C163709"}
16:32:10.591 [nioEventLoopGroup-2-1] DEBUG com.jayway.jsonpath.internal.path.CompiledPath - Evaluating path: $
16:32:10.591 [pool-2-thread-2] DEBUG com.intuit.karate.driver.chrome_1742981529198 - >> {"id":4,"sessionId":"3FEA91CA2974B8CF11DF86BB8C163709","method":"Page.enable"}
[...]
16:32:19.356 [main] DEBUG org.apache.velocity.macro - added VM stringArray: source=org.apache.velocity.Template@987455b
16:32:19.356 [main] DEBUG org.apache.velocity.macro - added VM numberArray: source=org.apache.velocity.Template@987455b
16:32:19.356 [main] DEBUG org.apache.velocity.loader - ResourceManager: found /templates/macros/array.js.vm with loader org.apache.velocity.runtime.resource.loader.ClasspathResourceLoader
16:32:19.356 [main] DEBUG org.apache.velocity.macro - added VM includeBuildInfo: source=org.apache.velocity.Template@2ec3633f
16:32:19.356 [main] DEBUG org.apache.velocity.loader - ResourceManager: found /templates/macros/page/buildinfo.vm with loader org.apache.velocity.runtime.resource.loader.ClasspathResourceLoader
16:32:19.356 [main] DEBUG org.apache.velocity.macro - added VM includeClassifications: source=org.apache.velocity.Template@15b82644
16:32:19.356 [main] DEBUG org.apache.velocity.loader - ResourceManager: found /templates/macros/page/classifications.vm with loader org.apache.velocity.runtime.resource.loader.ClasspathResourceLoader
16:32:19.356 [main] DEBUG org.apache.velocity.macro - added VM includeLead: source=org.apache.velocity.Template@45c2e0a6
16:32:19.356 [main] DEBUG org.apache.velocity.loader - ResourceManager: found /templates/macros/page/lead.vm with loader org.apache.velocity.runtime.resource.loader.ClasspathResourceLoader
16:32:19.356 [main] DEBUG org.apache.velocity.macro - added VM includeNavigation: source=org.apache.velocity.Template@3b1ed14b
16:32:19.356 [main] DEBUG org.apache.velocity.loader - ResourceManager: found /templates/macros/page/navigation.vm with loader org.apache.velocity.runtime.resource.loader.ClasspathResourceLoader
16:32:19.357 [main] DEBUG org.apache.velocity.macro - added VM includeReportInfo: source=org.apache.velocity.Template@475646d4
16:32:19.357 [main] DEBUG org.apache.velocity.loader - ResourceManager: found /templates/macros/page/reportInfo.vm with loader org.apache.velocity.runtime.resource.loader.ClasspathResourceLoader
16:32:19.357 [main] DEBUG org.apache.velocity.macro - added VM includeTitle: source=org.apache.velocity.Template@1debc91c
16:32:19.357 [main] DEBUG org.apache.velocity.loader - ResourceManager: found /templates/macros/page/title.vm with loader org.apache.velocity.runtime.resource.loader.ClasspathResourceLoader
16:32:19.357 [main] DEBUG org.apache.velocity.macro - added VM includeExpandingButtons: source=org.apache.velocity.Template@6ec7bce0
16:32:19.357 [main] DEBUG org.apache.velocity.loader - ResourceManager: found /templates/macros/report/expandAllButtons.vm with loader org.apache.velocity.runtime.resource.loader.ClasspathResourceLoader
16:32:19.357 [main] DEBUG org.apache.velocity.macro - added VM includeReportTable: source=org.apache.velocity.Template@5c448433
16:32:19.357 [main] DEBUG org.apache.velocity.loader - ResourceManager: found /templates/macros/report/reportTable.vm with loader org.apache.velocity.runtime.resource.loader.ClasspathResourceLoader
16:32:19.357 [main] DEBUG org.apache.velocity.macro - added VM includeReportHeader: source=org.apache.velocity.Template@13741d5a
16:32:19.357 [main] DEBUG org.apache.velocity.loader - ResourceManager: found /templates/macros/report/reportHeader.vm with loader org.apache.velocity.runtime.resource.loader.ClasspathResourceLoader
16:32:19.359 [main] DEBUG org.apache.velocity.macro - added VM includeStatsTable: source=org.apache.velocity.Template@26221bad
16:32:19.359 [main] DEBUG org.apache.velocity.loader - ResourceManager: found /templates/macros/report/statsTable.vm with loader org.apache.velocity.runtime.resource.loader.ClasspathResourceLoader
16:32:19.359 [main] DEBUG org.apache.velocity.macro - added VM includeBrief: source=org.apache.velocity.Template@5aaaa446
16:32:19.359 [main] DEBUG org.apache.velocity.loader - ResourceManager: found /templates/macros/json/brief.vm with loader org.apache.velocity.runtime.resource.loader.ClasspathResourceLoader
16:32:19.360 [main] DEBUG org.apache.velocity.macro - added VM includeDocString: source=org.apache.velocity.Template@7d9ba6c
16:32:19.360 [main] DEBUG org.apache.velocity.loader - ResourceManager: found /templates/macros/json/docstring.vm with loader org.apache.velocity.runtime.resource.loader.ClasspathResourceLoader
16:32:19.361 [main] DEBUG org.apache.velocity.macro - added VM includeDuration: source=org.apache.velocity.Template@5d425813
16:32:19.361 [main] DEBUG org.apache.velocity.loader - ResourceManager: found /templates/macros/json/duration.vm with loader org.apache.velocity.runtime.resource.loader.ClasspathResourceLoader
16:32:19.362 [main] DEBUG org.apache.velocity.macro - added VM includeElement: source=org.apache.velocity.Template@278667fd
16:32:19.362 [main] DEBUG org.apache.velocity.loader - ResourceManager: found /templates/macros/json/element.vm with loader org.apache.velocity.runtime.resource.loader.ClasspathResourceLoader
16:32:19.367 [main] DEBUG org.apache.velocity.macro - added VM includeEmbeddings: source=org.apache.velocity.Template@1a2909ae
16:32:19.367 [main] DEBUG org.apache.velocity.macro - added VM includeHtmlEmbedding: source=org.apache.velocity.Template@1a2909ae
16:32:19.367 [main] DEBUG org.apache.velocity.macro - added VM includeVideoEmbedding: source=org.apache.velocity.Template@1a2909ae
16:32:19.367 [main] DEBUG org.apache.velocity.macro - added VM includeImageEmbedding: source=org.apache.velocity.Template@1a2909ae
16:32:19.367 [main] DEBUG org.apache.velocity.macro - added VM includeImageReferenceEmbedding: source=org.apache.velocity.Template@1a2909ae
16:32:19.367 [main] DEBUG org.apache.velocity.macro - added VM includeTextEmbedding: source=org.apache.velocity.Template@1a2909ae
16:32:19.367 [main] DEBUG org.apache.velocity.macro - added VM includeUnknownEmbedding: source=org.apache.velocity.Template@1a2909ae
16:32:19.367 [main] DEBUG org.apache.velocity.loader - ResourceManager: found /templates/macros/json/embeddings.vm with loader org.apache.velocity.runtime.resource.loader.ClasspathResourceLoader
16:32:19.369 [main] DEBUG org.apache.velocity.macro - added VM includeHooks: source=org.apache.velocity.Template@42b6d0cc
16:32:19.369 [main] DEBUG org.apache.velocity.loader - ResourceManager: found /templates/macros/json/hooks.vm with loader org.apache.velocity.runtime.resource.loader.ClasspathResourceLoader
16:32:19.370 [main] DEBUG org.apache.velocity.macro - added VM includeOutput: source=org.apache.velocity.Template@14b7786
16:32:19.370 [main] DEBUG org.apache.velocity.loader - ResourceManager: found /templates/macros/json/output.vm with loader org.apache.velocity.runtime.resource.loader.ClasspathResourceLoader
16:32:19.371 [main] DEBUG org.apache.velocity.macro - added VM includeMessage: source=org.apache.velocity.Template@2620e717
16:32:19.371 [main] DEBUG org.apache.velocity.loader - ResourceManager: found /templates/macros/json/message.vm with loader org.apache.velocity.runtime.resource.loader.ClasspathResourceLoader
16:32:19.372 [main] DEBUG org.apache.velocity.macro - added VM includeSteps: source=org.apache.velocity.Template@a0db585
16:32:19.372 [main] DEBUG org.apache.velocity.loader - ResourceManager: found /templates/macros/json/steps.vm with loader org.apache.velocity.runtime.resource.loader.ClasspathResourceLoader
16:32:19.372 [main] DEBUG org.apache.velocity.macro - added VM includeStepName: source=org.apache.velocity.Template@7fd26ad8
16:32:19.372 [main] DEBUG org.apache.velocity.loader - ResourceManager: found /templates/macros/json/stepName.vm with loader org.apache.velocity.runtime.resource.loader.ClasspathResourceLoader
16:32:19.372 [main] DEBUG org.apache.velocity.macro - added VM includeTags: source=org.apache.velocity.Template@10823d72
16:32:19.372 [main] DEBUG org.apache.velocity.loader - ResourceManager: found /templates/macros/json/tags.vm with loader org.apache.velocity.runtime.resource.loader.ClasspathResourceLoader
16:32:19.374 [main] DEBUG org.apache.velocity.loader - ResourceManager: found /templates/footer.vm with loader org.apache.velocity.runtime.resource.loader.ClasspathResourceLoader
16:32:19.374 [main] DEBUG org.apache.velocity - Initializing Velocity, Calling init()...
16:32:19.374 [main] DEBUG org.apache.velocity - Starting Apache Velocity v2.0
16:32:19.375 [main] DEBUG org.apache.velocity - Default Properties resource: org/apache/velocity/runtime/defaults/velocity.properties
16:32:19.375 [main] DEBUG org.apache.velocity - ResourceLoader instantiated: org.apache.velocity.runtime.resource.loader.ClasspathResourceLoader
16:32:19.375 [main] DEBUG org.apache.velocity - initialized (class org.apache.velocity.runtime.resource.ResourceCacheImpl) with class java.util.Collections$SynchronizedMap cache map.
16:32:19.376 [main] DEBUG org.apache.velocity - Loaded System Directive: org.apache.velocity.runtime.directive.Stop
16:32:19.376 [main] DEBUG org.apache.velocity - Loaded System Directive: org.apache.velocity.runtime.directive.Define
16:32:19.376 [main] DEBUG org.apache.velocity - Loaded System Directive: org.apache.velocity.runtime.directive.Break
16:32:19.376 [main] DEBUG org.apache.velocity - Loaded System Directive: org.apache.velocity.runtime.directive.Evaluate
16:32:19.376 [main] DEBUG org.apache.velocity - Loaded System Directive: org.apache.velocity.runtime.directive.Macro
16:32:19.376 [main] DEBUG org.apache.velocity - Loaded System Directive: org.apache.velocity.runtime.directive.Parse
16:32:19.376 [main] DEBUG org.apache.velocity - Loaded System Directive: org.apache.velocity.runtime.directive.Include
16:32:19.376 [main] DEBUG org.apache.velocity - Loaded System Directive: org.apache.velocity.runtime.directive.Foreach
16:32:19.377 [main] DEBUG org.apache.velocity.parser - Created '20' parsers.
16:32:19.377 [main] DEBUG org.apache.velocity.macro - "velocimacro.library.path" is not set. Trying default library: velocimacros.vtl
16:32:19.377 [main] DEBUG org.apache.velocity.loader.class - Could not load resource 'velocimacros.vtl' from ResourceLoader org.apache.velocity.runtime.resource.loader.ClasspathResourceLoader
16:32:19.377 [main] DEBUG org.apache.velocity.macro - Default library velocimacros.vtl not found. Trying old default library: VM_global_library.vm
16:32:19.378 [main] DEBUG org.apache.velocity.loader.class - Could not load resource 'VM_global_library.vm' from ResourceLoader org.apache.velocity.runtime.resource.loader.ClasspathResourceLoader
16:32:19.378 [main] DEBUG org.apache.velocity.macro - Old default library VM_global_library.vm not found.
16:32:19.378 [main] DEBUG org.apache.velocity.macro - allowInline = true: VMs can be defined inline in templates
16:32:19.378 [main] DEBUG org.apache.velocity.macro - allowInlineToOverride = false: VMs defined inline may NOT replace previous VM definitions
16:32:19.378 [main] DEBUG org.apache.velocity.macro - allowInlineLocal = false: VMs defined inline will be global in scope if allowed.
16:32:19.378 [main] DEBUG org.apache.velocity.macro - autoload off: VM system will not automatically reload global library macros
16:32:19.379 [main] DEBUG org.apache.velocity.loader - ResourceManager: found templates/generators/overviewFailures.vm with loader org.apache.velocity.runtime.resource.loader.ClasspathResourceLoader
16:32:19.381 [main] DEBUG org.apache.velocity.loader - ResourceManager: found /templates/headers.vm with loader org.apache.velocity.runtime.resource.loader.ClasspathResourceLoader
16:32:19.382 [main] DEBUG org.apache.velocity.loader - ResourceManager: found /templates/head.vm with loader org.apache.velocity.runtime.resource.loader.ClasspathResourceLoader
16:32:19.383 [main] DEBUG org.apache.velocity.macro - added VM stringArray: source=org.apache.velocity.Template@49ec6a9f
16:32:19.383 [main] DEBUG org.apache.velocity.macro - added VM numberArray: source=org.apache.velocity.Template@49ec6a9f
16:32:19.383 [main] DEBUG org.apache.velocity.loader - ResourceManager: found /templates/macros/array.js.vm with loader org.apache.velocity.runtime.resource.loader.ClasspathResourceLoader
16:32:19.383 [main] DEBUG org.apache.velocity.macro - added VM includeBuildInfo: source=org.apache.velocity.Template@103082dd
16:32:19.384 [main] DEBUG org.apache.velocity.loader - ResourceManager: found /templates/macros/page/buildinfo.vm with loader org.apache.velocity.runtime.resource.loader.ClasspathResourceLoader
16:32:19.384 [main] DEBUG org.apache.velocity.macro - added VM includeClassifications: source=org.apache.velocity.Template@64fe9da7
16:32:19.384 [main] DEBUG org.apache.velocity.loader - ResourceManager: found /templates/macros/page/classifications.vm with loader org.apache.velocity.runtime.resource.loader.ClasspathResourceLoader
16:32:19.385 [main] DEBUG org.apache.velocity.macro - added VM includeLead: source=org.apache.velocity.Template@77ec6a3d
16:32:19.385 [main] DEBUG org.apache.velocity.loader - ResourceManager: found /templates/macros/page/lead.vm with loader org.apache.velocity.runtime.resource.loader.ClasspathResourceLoader
16:32:19.385 [main] DEBUG org.apache.velocity.macro - added VM includeNavigation: source=org.apache.velocity.Template@17c2d509
16:32:19.385 [main] DEBUG org.apache.velocity.loader - ResourceManager: found /templates/macros/page/navigation.vm with loader org.apache.velocity.runtime.resource.loader.ClasspathResourceLoader
16:32:19.386 [main] DEBUG org.apache.velocity.macro - added VM includeReportInfo: source=org.apache.velocity.Template@245ec1a6
16:32:19.386 [main] DEBUG org.apache.velocity.loader - ResourceManager: found /templates/macros/page/reportInfo.vm with loader org.apache.velocity.runtime.resource.loader.ClasspathResourceLoader
16:32:19.387 [main] DEBUG org.apache.velocity.macro - added VM includeTitle: source=org.apache.velocity.Template@34d4860f
16:32:19.387 [main] DEBUG org.apache.velocity.loader - ResourceManager: found /templates/macros/page/title.vm with loader org.apache.velocity.runtime.resource.loader.ClasspathResourceLoader
16:32:19.387 [main] DEBUG org.apache.velocity.macro - added VM includeExpandingButtons: source=org.apache.velocity.Template@3062f9f4
16:32:19.387 [main] DEBUG org.apache.velocity.loader - ResourceManager: found /templates/macros/report/expandAllButtons.vm with loader org.apache.velocity.runtime.resource.loader.ClasspathResourceLoader
16:32:19.388 [main] DEBUG org.apache.velocity.macro - added VM includeReportTable: source=org.apache.velocity.Template@5a237731
16:32:19.388 [main] DEBUG org.apache.velocity.loader - ResourceManager: found /templates/macros/report/reportTable.vm with loader org.apache.velocity.runtime.resource.loader.ClasspathResourceLoader
16:32:19.389 [main] DEBUG org.apache.velocity.macro - added VM includeReportHeader: source=org.apache.velocity.Template@51a6cc2a
16:32:19.389 [main] DEBUG org.apache.velocity.loader - ResourceManager: found /templates/macros/report/reportHeader.vm with loader org.apache.velocity.runtime.resource.loader.ClasspathResourceLoader
16:32:19.392 [main] DEBUG org.apache.velocity.macro - added VM includeStatsTable: source=org.apache.velocity.Template@4f6b687e
16:32:19.392 [main] DEBUG org.apache.velocity.loader - ResourceManager: found /templates/macros/report/statsTable.vm with loader org.apache.velocity.runtime.resource.loader.ClasspathResourceLoader
16:32:19.392 [main] DEBUG org.apache.velocity.macro - added VM includeBrief: source=org.apache.velocity.Template@6cfd9a54
16:32:19.392 [main] DEBUG org.apache.velocity.loader - ResourceManager: found /templates/macros/json/brief.vm with loader org.apache.velocity.runtime.resource.loader.ClasspathResourceLoader
16:32:19.393 [main] DEBUG org.apache.velocity.macro - added VM includeDocString: source=org.apache.velocity.Template@73fb1d7f
16:32:19.393 [main] DEBUG org.apache.velocity.loader - ResourceManager: found /templates/macros/json/docstring.vm with loader org.apache.velocity.runtime.resource.loader.ClasspathResourceLoader
16:32:19.393 [main] DEBUG org.apache.velocity.macro - added VM includeDuration: source=org.apache.velocity.Template@5a2fa51f
16:32:19.393 [main] DEBUG org.apache.velocity.loader - ResourceManager: found /templates/macros/json/duration.vm with loader org.apache.velocity.runtime.resource.loader.ClasspathResourceLoader
16:32:19.393 [main] DEBUG org.apache.velocity.macro - added VM includeElement: source=org.apache.velocity.Template@49ede9c7
16:32:19.393 [main] DEBUG org.apache.velocity.loader - ResourceManager: found /templates/macros/json/element.vm with loader org.apache.velocity.runtime.resource.loader.ClasspathResourceLoader
16:32:19.399 [main] DEBUG org.apache.velocity.macro - added VM includeEmbeddings: source=org.apache.velocity.Template@19f7222e
16:32:19.399 [main] DEBUG org.apache.velocity.macro - added VM includeHtmlEmbedding: source=org.apache.velocity.Template@19f7222e
16:32:19.400 [main] DEBUG org.apache.velocity.macro - added VM includeVideoEmbedding: source=org.apache.velocity.Template@19f7222e
16:32:19.400 [main] DEBUG org.apache.velocity.macro - added VM includeImageEmbedding: source=org.apache.velocity.Template@19f7222e
16:32:19.400 [main] DEBUG org.apache.velocity.macro - added VM includeImageReferenceEmbedding: source=org.apache.velocity.Template@19f7222e
16:32:19.400 [main] DEBUG org.apache.velocity.macro - added VM includeTextEmbedding: source=org.apache.velocity.Template@19f7222e
16:32:19.400 [main] DEBUG org.apache.velocity.macro - added VM includeUnknownEmbedding: source=org.apache.velocity.Template@19f7222e
16:32:19.400 [main] DEBUG org.apache.velocity.loader - ResourceManager: found /templates/macros/json/embeddings.vm with loader org.apache.velocity.runtime.resource.loader.ClasspathResourceLoader
16:32:19.401 [main] DEBUG org.apache.velocity.macro - added VM includeHooks: source=org.apache.velocity.Template@2412a42b
16:32:19.401 [main] DEBUG org.apache.velocity.loader - ResourceManager: found /templates/macros/json/hooks.vm with loader org.apache.velocity.runtime.resource.loader.ClasspathResourceLoader
16:32:19.401 [main] DEBUG org.apache.velocity.macro - added VM includeOutput: source=org.apache.velocity.Template@5cbe2654
16:32:19.401 [main] DEBUG org.apache.velocity.loader - ResourceManager: found /templates/macros/json/output.vm with loader org.apache.velocity.runtime.resource.loader.ClasspathResourceLoader
16:32:19.401 [main] DEBUG org.apache.velocity.macro - added VM includeMessage: source=org.apache.velocity.Template@7c251f90
16:32:19.401 [main] DEBUG org.apache.velocity.loader - ResourceManager: found /templates/macros/json/message.vm with loader org.apache.velocity.runtime.resource.loader.ClasspathResourceLoader
16:32:19.402 [main] DEBUG org.apache.velocity.macro - added VM includeSteps: source=org.apache.velocity.Template@435e60ff
16:32:19.402 [main] DEBUG org.apache.velocity.loader - ResourceManager: found /templates/macros/json/steps.vm with loader org.apache.velocity.runtime.resource.loader.ClasspathResourceLoader
16:32:19.402 [main] DEBUG org.apache.velocity.macro - added VM includeStepName: source=org.apache.velocity.Template@2e6f610d
16:32:19.402 [main] DEBUG org.apache.velocity.loader - ResourceManager: found /templates/macros/json/stepName.vm with loader org.apache.velocity.runtime.resource.loader.ClasspathResourceLoader
16:32:19.402 [main] DEBUG org.apache.velocity.macro - added VM includeTags: source=org.apache.velocity.Template@741f8dbe
16:32:19.402 [main] DEBUG org.apache.velocity.loader - ResourceManager: found /templates/macros/json/tags.vm with loader org.apache.velocity.runtime.resource.loader.ClasspathResourceLoader
16:32:19.403 [main] DEBUG org.apache.velocity.loader - ResourceManager: found /templates/footer.vm with loader org.apache.velocity.runtime.resource.loader.ClasspathResourceLoader
]]></system-out>
    <system-err><![CDATA[Mar 26, 2025 4:32:19 PM net.masterthought.cucumber.ReportParser parseJsonFiles
INFO: File '/Users/curryhoang/Karate/target/karate-reports/Karate.Demo.Test.json' contains 1 features
]]></system-err>
  </testcase>
</testsuite>